{"/home/ubuntu/federated-imputation-central/frontend/src/App.tsx": {"path":"/home/ubuntu/federated-imputation-central/frontend/src/App.tsx","statementMap":{"0":{"start":{"line":31,"column":14},"end":{"line":76,"column":2}},"1":{"start":{"line":79,"column":35},"end":{"line":114,"column":1}},"2":{"start":{"line":80,"column":40},"end":{"line":80,"column":60}},"3":{"start":{"line":82,"column":2},"end":{"line":113,"column":4}},"4":{"start":{"line":84,"column":33},"end":{"line":84,"column":61}},"5":{"start":{"line":117,"column":30},"end":{"line":122,"column":1}},"6":{"start":{"line":118,"column":19},"end":{"line":118,"column":32}},"7":{"start":{"line":121,"column":2},"end":{"line":121,"column":69}},"8":{"start":{"line":125,"column":37},"end":{"line":144,"column":1}},"9":{"start":{"line":126,"column":2},"end":{"line":143,"column":4}},"10":{"start":{"line":146,"column":29},"end":{"line":164,"column":1}},"11":{"start":{"line":147,"column":39},"end":{"line":147,"column":48}},"12":{"start":{"line":149,"column":2},"end":{"line":160,"column":3}},"13":{"start":{"line":150,"column":4},"end":{"line":159,"column":6}},"14":{"start":{"line":163,"column":2},"end":{"line":163,"column":73}},"15":{"start":{"line":167,"column":2},"end":{"line":182,"column":4}}},"fnMap":{"0":{"name":"(anonymous_0)","decl":{"start":{"line":79,"column":35},"end":{"line":79,"column":36}},"loc":{"start":{"line":79,"column":41},"end":{"line":114,"column":1}},"line":79},"1":{"name":"(anonymous_1)","decl":{"start":{"line":84,"column":27},"end":{"line":84,"column":28}},"loc":{"start":{"line":84,"column":33},"end":{"line":84,"column":61}},"line":84},"2":{"name":"(anonymous_2)","decl":{"start":{"line":117,"column":30},"end":{"line":117,"column":31}},"loc":{"start":{"line":117,"column":36},"end":{"line":122,"column":1}},"line":117},"3":{"name":"(anonymous_3)","decl":{"start":{"line":125,"column":37},"end":{"line":125,"column":38}},"loc":{"start":{"line":125,"column":43},"end":{"line":144,"column":1}},"line":125},"4":{"name":"(anonymous_4)","decl":{"start":{"line":146,"column":29},"end":{"line":146,"column":30}},"loc":{"start":{"line":146,"column":35},"end":{"line":164,"column":1}},"line":146},"5":{"name":"App","decl":{"start":{"line":166,"column":9},"end":{"line":166,"column":12}},"loc":{"start":{"line":166,"column":15},"end":{"line":183,"column":1}},"line":166}},"branchMap":{"0":{"loc":{"start":{"line":92,"column":22},"end":{"line":92,"column":50}},"type":"cond-expr","locations":[{"start":{"line":92,"column":36},"end":{"line":92,"column":42}},{"start":{"line":92,"column":45},"end":{"line":92,"column":50}}],"line":92},"1":{"loc":{"start":{"line":149,"column":2},"end":{"line":160,"column":3}},"type":"if","locations":[{"start":{"line":149,"column":2},"end":{"line":160,"column":3}},{"start":{},"end":{}}],"line":149},"2":{"loc":{"start":{"line":163,"column":9},"end":{"line":163,"column":72}},"type":"cond-expr","locations":[{"start":{"line":163,"column":27},"end":{"line":163,"column":47}},{"start":{"line":163,"column":50},"end":{"line":163,"column":72}}],"line":163}},"s":{"0":0,"1":0,"2":0,"3":0,"4":0,"5":0,"6":0,"7":0,"8":0,"9":0,"10":0,"11":0,"12":0,"13":0,"14":0,"15":0},"f":{"0":0,"1":0,"2":0,"3":0,"4":0,"5":0},"b":{"0":[0,0],"1":[0,0],"2":[0,0]}}
,"/home/ubuntu/federated-imputation-central/frontend/src/index.tsx": {"path":"/home/ubuntu/federated-imputation-central/frontend/src/index.tsx","statementMap":{"0":{"start":{"line":5,"column":13},"end":{"line":7,"column":1}},"1":{"start":{"line":9,"column":0},"end":{"line":13,"column":2}}},"fnMap":{},"branchMap":{},"s":{"0":0,"1":0},"f":{},"b":{}}
,"/home/ubuntu/federated-imputation-central/frontend/src/components/Common/AccessibilityHelpers.tsx": {"path":"/home/ubuntu/federated-imputation-central/frontend/src/components/Common/AccessibilityHelpers.tsx","statementMap":{"0":{"start":{"line":6,"column":43},"end":{"line":33,"column":1}},"1":{"start":{"line":7,"column":2},"end":{"line":32,"column":8}},"2":{"start":{"line":25,"column":6},"end":{"line":25,"column":40}},"3":{"start":{"line":28,"column":6},"end":{"line":28,"column":42}},"4":{"start":{"line":36,"column":34},"end":{"line":53,"column":1}},"5":{"start":{"line":37,"column":19},"end":{"line":37,"column":51}},"6":{"start":{"line":39,"column":19},"end":{"line":44,"column":3}},"7":{"start":{"line":40,"column":4},"end":{"line":43,"column":5}},"8":{"start":{"line":41,"column":6},"end":{"line":41,"column":22}},"9":{"start":{"line":42,"column":6},"end":{"line":42,"column":33}},"10":{"start":{"line":46,"column":23},"end":{"line":50,"column":3}},"11":{"start":{"line":47,"column":4},"end":{"line":49,"column":5}},"12":{"start":{"line":48,"column":6},"end":{"line":48,"column":31}},"13":{"start":{"line":52,"column":2},"end":{"line":52,"column":36}},"14":{"start":{"line":67,"column":69},"end":{"line":129,"column":1}},"15":{"start":{"line":77,"column":24},"end":{"line":122,"column":3}},"16":{"start":{"line":78,"column":4},"end":{"line":121,"column":5}},"17":{"start":{"line":80,"column":8},"end":{"line":83,"column":9}},"18":{"start":{"line":81,"column":10},"end":{"line":81,"column":33}},"19":{"start":{"line":82,"column":10},"end":{"line":82,"column":20}},"20":{"start":{"line":84,"column":8},"end":{"line":84,"column":14}},"21":{"start":{"line":86,"column":8},"end":{"line":89,"column":9}},"22":{"start":{"line":87,"column":10},"end":{"line":87,"column":33}},"23":{"start":{"line":88,"column":10},"end":{"line":88,"column":20}},"24":{"start":{"line":90,"column":8},"end":{"line":90,"column":14}},"25":{"start":{"line":92,"column":8},"end":{"line":95,"column":9}},"26":{"start":{"line":93,"column":10},"end":{"line":93,"column":33}},"27":{"start":{"line":94,"column":10},"end":{"line":94,"column":21}},"28":{"start":{"line":96,"column":8},"end":{"line":96,"column":14}},"29":{"start":{"line":98,"column":8},"end":{"line":101,"column":9}},"30":{"start":{"line":99,"column":10},"end":{"line":99,"column":33}},"31":{"start":{"line":100,"column":10},"end":{"line":100,"column":22}},"32":{"start":{"line":102,"column":8},"end":{"line":102,"column":14}},"33":{"start":{"line":104,"column":8},"end":{"line":107,"column":9}},"34":{"start":{"line":105,"column":10},"end":{"line":105,"column":33}},"35":{"start":{"line":106,"column":10},"end":{"line":106,"column":24}},"36":{"start":{"line":108,"column":8},"end":{"line":108,"column":14}},"37":{"start":{"line":110,"column":8},"end":{"line":113,"column":9}},"38":{"start":{"line":111,"column":10},"end":{"line":111,"column":33}},"39":{"start":{"line":112,"column":10},"end":{"line":112,"column":24}},"40":{"start":{"line":114,"column":8},"end":{"line":114,"column":14}},"41":{"start":{"line":116,"column":8},"end":{"line":119,"column":9}},"42":{"start":{"line":117,"column":10},"end":{"line":117,"column":33}},"43":{"start":{"line":118,"column":10},"end":{"line":118,"column":25}},"44":{"start":{"line":120,"column":8},"end":{"line":120,"column":14}},"45":{"start":{"line":124,"column":2},"end":{"line":128,"column":4}},"46":{"start":{"line":136,"column":65},"end":{"line":153,"column":1}},"47":{"start":{"line":137,"column":2},"end":{"line":152,"column":8}},"48":{"start":{"line":168,"column":65},"end":{"line":199,"column":1}},"49":{"start":{"line":179,"column":2},"end":{"line":198,"column":11}},"50":{"start":{"line":211,"column":73},"end":{"line":246,"column":1}},"51":{"start":{"line":220,"column":4},"end":{"line":234,"column":17}},"52":{"start":{"line":237,"column":2},"end":{"line":243,"column":3}},"53":{"start":{"line":238,"column":4},"end":{"line":242,"column":6}},"54":{"start":{"line":245,"column":2},"end":{"line":245,"column":16}},"55":{"start":{"line":255,"column":53},"end":{"line":278,"column":1}},"56":{"start":{"line":260,"column":2},"end":{"line":277,"column":8}},"57":{"start":{"line":290,"column":63},"end":{"line":348,"column":1}},"58":{"start":{"line":298,"column":18},"end":{"line":298,"column":51}},"59":{"start":{"line":299,"column":19},"end":{"line":299,"column":58}},"60":{"start":{"line":300,"column":22},"end":{"line":300,"column":80}},"61":{"start":{"line":302,"column":2},"end":{"line":347,"column":4}},"62":{"start":{"line":351,"column":28},"end":{"line":390,"column":1}},"63":{"start":{"line":352,"column":23},"end":{"line":352,"column":48}},"64":{"start":{"line":354,"column":2},"end":{"line":387,"column":17}},"65":{"start":{"line":355,"column":4},"end":{"line":355,"column":51}},"66":{"start":{"line":355,"column":44},"end":{"line":355,"column":51}},"67":{"start":{"line":357,"column":22},"end":{"line":357,"column":42}},"68":{"start":{"line":358,"column":30},"end":{"line":360,"column":5}},"69":{"start":{"line":362,"column":25},"end":{"line":362,"column":60}},"70":{"start":{"line":363,"column":24},"end":{"line":363,"column":86}},"71":{"start":{"line":365,"column":25},"end":{"line":379,"column":5}},"72":{"start":{"line":366,"column":6},"end":{"line":366,"column":34}},"73":{"start":{"line":366,"column":27},"end":{"line":366,"column":34}},"74":{"start":{"line":368,"column":6},"end":{"line":378,"column":7}},"75":{"start":{"line":369,"column":8},"end":{"line":372,"column":9}},"76":{"start":{"line":370,"column":10},"end":{"line":370,"column":29}},"77":{"start":{"line":371,"column":10},"end":{"line":371,"column":31}},"78":{"start":{"line":374,"column":8},"end":{"line":377,"column":9}},"79":{"start":{"line":375,"column":10},"end":{"line":375,"column":29}},"80":{"start":{"line":376,"column":10},"end":{"line":376,"column":32}},"81":{"start":{"line":381,"column":4},"end":{"line":381,"column":56}},"82":{"start":{"line":382,"column":4},"end":{"line":382,"column":26}},"83":{"start":{"line":384,"column":4},"end":{"line":386,"column":6}},"84":{"start":{"line":385,"column":6},"end":{"line":385,"column":61}},"85":{"start":{"line":389,"column":2},"end":{"line":389,"column":22}},"86":{"start":{"line":393,"column":45},"end":{"line":460,"column":1}},"87":{"start":{"line":394,"column":42},"end":{"line":394,"column":63}},"88":{"start":{"line":395,"column":44},"end":{"line":395,"column":65}},"89":{"start":{"line":397,"column":2},"end":{"line":415,"column":9}},"90":{"start":{"line":399,"column":30},"end":{"line":399,"column":75}},"91":{"start":{"line":400,"column":31},"end":{"line":400,"column":84}},"92":{"start":{"line":402,"column":4},"end":{"line":402,"column":47}},"93":{"start":{"line":403,"column":4},"end":{"line":403,"column":49}},"94":{"start":{"line":405,"column":37},"end":{"line":405,"column":91}},"95":{"start":{"line":405,"column":65},"end":{"line":405,"column":91}},"96":{"start":{"line":406,"column":38},"end":{"line":406,"column":93}},"97":{"start":{"line":406,"column":66},"end":{"line":406,"column":93}},"98":{"start":{"line":408,"column":4},"end":{"line":408,"column":75}},"99":{"start":{"line":409,"column":4},"end":{"line":409,"column":77}},"100":{"start":{"line":411,"column":4},"end":{"line":414,"column":6}},"101":{"start":{"line":412,"column":6},"end":{"line":412,"column":80}},"102":{"start":{"line":413,"column":6},"end":{"line":413,"column":82}},"103":{"start":{"line":417,"column":2},"end":{"line":459,"column":4}}},"fnMap":{"0":{"name":"(anonymous_0)","decl":{"start":{"line":6,"column":43},"end":{"line":6,"column":44}},"loc":{"start":{"line":7,"column":2},"end":{"line":32,"column":8}},"line":7},"1":{"name":"(anonymous_1)","decl":{"start":{"line":24,"column":13},"end":{"line":24,"column":14}},"loc":{"start":{"line":24,"column":20},"end":{"line":26,"column":5}},"line":24},"2":{"name":"(anonymous_2)","decl":{"start":{"line":27,"column":12},"end":{"line":27,"column":13}},"loc":{"start":{"line":27,"column":19},"end":{"line":29,"column":5}},"line":27},"3":{"name":"(anonymous_3)","decl":{"start":{"line":36,"column":34},"end":{"line":36,"column":35}},"loc":{"start":{"line":36,"column":40},"end":{"line":53,"column":1}},"line":36},"4":{"name":"(anonymous_4)","decl":{"start":{"line":39,"column":19},"end":{"line":39,"column":20}},"loc":{"start":{"line":39,"column":52},"end":{"line":44,"column":3}},"line":39},"5":{"name":"(anonymous_5)","decl":{"start":{"line":46,"column":23},"end":{"line":46,"column":24}},"loc":{"start":{"line":46,"column":29},"end":{"line":50,"column":3}},"line":46},"6":{"name":"(anonymous_6)","decl":{"start":{"line":67,"column":69},"end":{"line":67,"column":70}},"loc":{"start":{"line":76,"column":6},"end":{"line":129,"column":1}},"line":76},"7":{"name":"(anonymous_7)","decl":{"start":{"line":77,"column":24},"end":{"line":77,"column":25}},"loc":{"start":{"line":77,"column":56},"end":{"line":122,"column":3}},"line":77},"8":{"name":"(anonymous_8)","decl":{"start":{"line":136,"column":65},"end":{"line":136,"column":66}},"loc":{"start":{"line":137,"column":2},"end":{"line":152,"column":8}},"line":137},"9":{"name":"(anonymous_9)","decl":{"start":{"line":168,"column":65},"end":{"line":168,"column":66}},"loc":{"start":{"line":179,"column":2},"end":{"line":198,"column":11}},"line":179},"10":{"name":"(anonymous_10)","decl":{"start":{"line":211,"column":73},"end":{"line":211,"column":74}},"loc":{"start":{"line":218,"column":6},"end":{"line":246,"column":1}},"line":218},"11":{"name":"(anonymous_11)","decl":{"start":{"line":255,"column":53},"end":{"line":255,"column":54}},"loc":{"start":{"line":260,"column":2},"end":{"line":277,"column":8}},"line":260},"12":{"name":"(anonymous_12)","decl":{"start":{"line":290,"column":63},"end":{"line":290,"column":64}},"loc":{"start":{"line":297,"column":6},"end":{"line":348,"column":1}},"line":297},"13":{"name":"(anonymous_13)","decl":{"start":{"line":351,"column":28},"end":{"line":351,"column":29}},"loc":{"start":{"line":351,"column":51},"end":{"line":390,"column":1}},"line":351},"14":{"name":"(anonymous_14)","decl":{"start":{"line":354,"column":12},"end":{"line":354,"column":13}},"loc":{"start":{"line":354,"column":18},"end":{"line":387,"column":3}},"line":354},"15":{"name":"(anonymous_15)","decl":{"start":{"line":365,"column":25},"end":{"line":365,"column":26}},"loc":{"start":{"line":365,"column":47},"end":{"line":379,"column":5}},"line":365},"16":{"name":"(anonymous_16)","decl":{"start":{"line":384,"column":11},"end":{"line":384,"column":12}},"loc":{"start":{"line":384,"column":17},"end":{"line":386,"column":5}},"line":384},"17":{"name":"(anonymous_17)","decl":{"start":{"line":393,"column":45},"end":{"line":393,"column":46}},"loc":{"start":{"line":393,"column":51},"end":{"line":460,"column":1}},"line":393},"18":{"name":"(anonymous_18)","decl":{"start":{"line":397,"column":12},"end":{"line":397,"column":13}},"loc":{"start":{"line":397,"column":18},"end":{"line":415,"column":3}},"line":397},"19":{"name":"(anonymous_19)","decl":{"start":{"line":405,"column":37},"end":{"line":405,"column":38}},"loc":{"start":{"line":405,"column":65},"end":{"line":405,"column":91}},"line":405},"20":{"name":"(anonymous_20)","decl":{"start":{"line":406,"column":38},"end":{"line":406,"column":39}},"loc":{"start":{"line":406,"column":66},"end":{"line":406,"column":93}},"line":406},"21":{"name":"(anonymous_21)","decl":{"start":{"line":411,"column":11},"end":{"line":411,"column":12}},"loc":{"start":{"line":411,"column":17},"end":{"line":414,"column":5}},"line":411}},"branchMap":{"0":{"loc":{"start":{"line":40,"column":4},"end":{"line":43,"column":5}},"type":"if","locations":[{"start":{"line":40,"column":4},"end":{"line":43,"column":5}},{"start":{},"end":{}}],"line":40},"1":{"loc":{"start":{"line":47,"column":4},"end":{"line":49,"column":5}},"type":"if","locations":[{"start":{"line":47,"column":4},"end":{"line":49,"column":5}},{"start":{},"end":{}}],"line":47},"2":{"loc":{"start":{"line":78,"column":4},"end":{"line":121,"column":5}},"type":"switch","locations":[{"start":{"line":79,"column":6},"end":{"line":84,"column":14}},{"start":{"line":85,"column":6},"end":{"line":90,"column":14}},{"start":{"line":91,"column":6},"end":{"line":96,"column":14}},{"start":{"line":97,"column":6},"end":{"line":102,"column":14}},{"start":{"line":103,"column":6},"end":{"line":108,"column":14}},{"start":{"line":109,"column":6},"end":{"line":114,"column":14}},{"start":{"line":115,"column":6},"end":{"line":120,"column":14}}],"line":78},"3":{"loc":{"start":{"line":80,"column":8},"end":{"line":83,"column":9}},"type":"if","locations":[{"start":{"line":80,"column":8},"end":{"line":83,"column":9}},{"start":{},"end":{}}],"line":80},"4":{"loc":{"start":{"line":86,"column":8},"end":{"line":89,"column":9}},"type":"if","locations":[{"start":{"line":86,"column":8},"end":{"line":89,"column":9}},{"start":{},"end":{}}],"line":86},"5":{"loc":{"start":{"line":92,"column":8},"end":{"line":95,"column":9}},"type":"if","locations":[{"start":{"line":92,"column":8},"end":{"line":95,"column":9}},{"start":{},"end":{}}],"line":92},"6":{"loc":{"start":{"line":98,"column":8},"end":{"line":101,"column":9}},"type":"if","locations":[{"start":{"line":98,"column":8},"end":{"line":101,"column":9}},{"start":{},"end":{}}],"line":98},"7":{"loc":{"start":{"line":104,"column":8},"end":{"line":107,"column":9}},"type":"if","locations":[{"start":{"line":104,"column":8},"end":{"line":107,"column":9}},{"start":{},"end":{}}],"line":104},"8":{"loc":{"start":{"line":110,"column":8},"end":{"line":113,"column":9}},"type":"if","locations":[{"start":{"line":110,"column":8},"end":{"line":113,"column":9}},{"start":{},"end":{}}],"line":110},"9":{"loc":{"start":{"line":116,"column":8},"end":{"line":119,"column":9}},"type":"if","locations":[{"start":{"line":116,"column":8},"end":{"line":119,"column":9}},{"start":{},"end":{}}],"line":116},"10":{"loc":{"start":{"line":173,"column":2},"end":{"line":173,"column":18}},"type":"default-arg","locations":[{"start":{"line":173,"column":13},"end":{"line":173,"column":18}}],"line":173},"11":{"loc":{"start":{"line":174,"column":2},"end":{"line":174,"column":23}},"type":"default-arg","locations":[{"start":{"line":174,"column":12},"end":{"line":174,"column":23}}],"line":174},"12":{"loc":{"start":{"line":175,"column":2},"end":{"line":175,"column":17}},"type":"default-arg","locations":[{"start":{"line":175,"column":9},"end":{"line":175,"column":17}}],"line":175},"13":{"loc":{"start":{"line":176,"column":2},"end":{"line":176,"column":17}},"type":"default-arg","locations":[{"start":{"line":176,"column":12},"end":{"line":176,"column":17}}],"line":176},"14":{"loc":{"start":{"line":183,"column":14},"end":{"line":183,"column":33}},"type":"binary-expr","locations":[{"start":{"line":183,"column":14},"end":{"line":183,"column":22}},{"start":{"line":183,"column":26},"end":{"line":183,"column":33}}],"line":183},"15":{"loc":{"start":{"line":197,"column":5},"end":{"line":197,"column":63}},"type":"binary-expr","locations":[{"start":{"line":197,"column":5},"end":{"line":197,"column":12}},{"start":{"line":197,"column":16},"end":{"line":197,"column":63}}],"line":197},"16":{"loc":{"start":{"line":216,"column":2},"end":{"line":216,"column":18}},"type":"default-arg","locations":[{"start":{"line":216,"column":13},"end":{"line":216,"column":18}}],"line":216},"17":{"loc":{"start":{"line":217,"column":2},"end":{"line":217,"column":17}},"type":"default-arg","locations":[{"start":{"line":217,"column":9},"end":{"line":217,"column":17}}],"line":217},"18":{"loc":{"start":{"line":237,"column":2},"end":{"line":243,"column":3}},"type":"if","locations":[{"start":{"line":237,"column":2},"end":{"line":243,"column":3}},{"start":{},"end":{}}],"line":237},"19":{"loc":{"start":{"line":257,"column":2},"end":{"line":257,"column":23}},"type":"default-arg","locations":[{"start":{"line":257,"column":15},"end":{"line":257,"column":23}}],"line":257},"20":{"loc":{"start":{"line":258,"column":2},"end":{"line":258,"column":16}},"type":"default-arg","locations":[{"start":{"line":258,"column":11},"end":{"line":258,"column":16}}],"line":258},"21":{"loc":{"start":{"line":295,"column":2},"end":{"line":295,"column":18}},"type":"default-arg","locations":[{"start":{"line":295,"column":13},"end":{"line":295,"column":18}}],"line":295},"22":{"loc":{"start":{"line":298,"column":18},"end":{"line":298,"column":51}},"type":"cond-expr","locations":[{"start":{"line":298,"column":26},"end":{"line":298,"column":39}},{"start":{"line":298,"column":42},"end":{"line":298,"column":51}}],"line":298},"23":{"loc":{"start":{"line":299,"column":19},"end":{"line":299,"column":58}},"type":"cond-expr","locations":[{"start":{"line":299,"column":32},"end":{"line":299,"column":46}},{"start":{"line":299,"column":49},"end":{"line":299,"column":58}}],"line":299},"24":{"loc":{"start":{"line":300,"column":22},"end":{"line":300,"column":80}},"type":"binary-expr","locations":[{"start":{"line":300,"column":22},"end":{"line":300,"column":67}},{"start":{"line":300,"column":71},"end":{"line":300,"column":80}}],"line":300},"25":{"loc":{"start":{"line":311,"column":9},"end":{"line":316,"column":9}},"type":"binary-expr","locations":[{"start":{"line":311,"column":9},"end":{"line":311,"column":17}},{"start":{"line":312,"column":10},"end":{"line":315,"column":16}}],"line":311},"26":{"loc":{"start":{"line":326,"column":7},"end":{"line":334,"column":7}},"type":"binary-expr","locations":[{"start":{"line":326,"column":7},"end":{"line":326,"column":17}},{"start":{"line":327,"column":8},"end":{"line":333,"column":21}}],"line":326},"27":{"loc":{"start":{"line":336,"column":7},"end":{"line":345,"column":7}},"type":"binary-expr","locations":[{"start":{"line":336,"column":7},"end":{"line":336,"column":12}},{"start":{"line":337,"column":8},"end":{"line":344,"column":21}}],"line":336},"28":{"loc":{"start":{"line":355,"column":4},"end":{"line":355,"column":51}},"type":"if","locations":[{"start":{"line":355,"column":4},"end":{"line":355,"column":51}},{"start":{},"end":{}}],"line":355},"29":{"loc":{"start":{"line":355,"column":8},"end":{"line":355,"column":42}},"type":"binary-expr","locations":[{"start":{"line":355,"column":8},"end":{"line":355,"column":17}},{"start":{"line":355,"column":21},"end":{"line":355,"column":42}}],"line":355},"30":{"loc":{"start":{"line":366,"column":6},"end":{"line":366,"column":34}},"type":"if","locations":[{"start":{"line":366,"column":6},"end":{"line":366,"column":34}},{"start":{},"end":{}}],"line":366},"31":{"loc":{"start":{"line":368,"column":6},"end":{"line":378,"column":7}},"type":"if","locations":[{"start":{"line":368,"column":6},"end":{"line":378,"column":7}},{"start":{"line":373,"column":13},"end":{"line":378,"column":7}}],"line":368},"32":{"loc":{"start":{"line":369,"column":8},"end":{"line":372,"column":9}},"type":"if","locations":[{"start":{"line":369,"column":8},"end":{"line":372,"column":9}},{"start":{},"end":{}}],"line":369},"33":{"loc":{"start":{"line":374,"column":8},"end":{"line":377,"column":9}},"type":"if","locations":[{"start":{"line":374,"column":8},"end":{"line":377,"column":9}},{"start":{},"end":{}}],"line":374},"34":{"loc":{"start":{"line":428,"column":7},"end":{"line":442,"column":7}},"type":"binary-expr","locations":[{"start":{"line":428,"column":7},"end":{"line":428,"column":19}},{"start":{"line":429,"column":8},"end":{"line":441,"column":18}}],"line":428},"35":{"loc":{"start":{"line":443,"column":7},"end":{"line":457,"column":7}},"type":"binary-expr","locations":[{"start":{"line":443,"column":7},"end":{"line":443,"column":20}},{"start":{"line":444,"column":8},"end":{"line":456,"column":18}}],"line":443}},"s":{"0":0,"1":0,"2":0,"3":0,"4":0,"5":0,"6":0,"7":0,"8":0,"9":0,"10":0,"11":0,"12":0,"13":0,"14":0,"15":0,"16":0,"17":0,"18":0,"19":0,"20":0,"21":0,"22":0,"23":0,"24":0,"25":0,"26":0,"27":0,"28":0,"29":0,"30":0,"31":0,"32":0,"33":0,"34":0,"35":0,"36":0,"37":0,"38":0,"39":0,"40":0,"41":0,"42":0,"43":0,"44":0,"45":0,"46":0,"47":0,"48":0,"49":0,"50":0,"51":0,"52":0,"53":0,"54":0,"55":0,"56":0,"57":0,"58":0,"59":0,"60":0,"61":0,"62":0,"63":0,"64":0,"65":0,"66":0,"67":0,"68":0,"69":0,"70":0,"71":0,"72":0,"73":0,"74":0,"75":0,"76":0,"77":0,"78":0,"79":0,"80":0,"81":0,"82":0,"83":0,"84":0,"85":0,"86":0,"87":0,"88":0,"89":0,"90":0,"91":0,"92":0,"93":0,"94":0,"95":0,"96":0,"97":0,"98":0,"99":0,"100":0,"101":0,"102":0,"103":0},"f":{"0":0,"1":0,"2":0,"3":0,"4":0,"5":0,"6":0,"7":0,"8":0,"9":0,"10":0,"11":0,"12":0,"13":0,"14":0,"15":0,"16":0,"17":0,"18":0,"19":0,"20":0,"21":0},"b":{"0":[0,0],"1":[0,0],"2":[0,0,0,0,0,0,0],"3":[0,0],"4":[0,0],"5":[0,0],"6":[0,0],"7":[0,0],"8":[0,0],"9":[0,0],"10":[0],"11":[0],"12":[0],"13":[0],"14":[0,0],"15":[0,0],"16":[0],"17":[0],"18":[0,0],"19":[0],"20":[0],"21":[0],"22":[0,0],"23":[0,0],"24":[0,0],"25":[0,0],"26":[0,0],"27":[0,0],"28":[0,0],"29":[0,0],"30":[0,0],"31":[0,0],"32":[0,0],"33":[0,0],"34":[0,0],"35":[0,0]}}
,"/home/ubuntu/federated-imputation-central/frontend/src/components/Common/LoadingComponents.tsx": {"path":"/home/ubuntu/federated-imputation-central/frontend/src/components/Common/LoadingComponents.tsx","statementMap":{"0":{"start":{"line":24,"column":61},"end":{"line":62,"column":1}},"1":{"start":{"line":31,"column":4},"end":{"line":50,"column":10}},"2":{"start":{"line":53,"column":2},"end":{"line":59,"column":3}},"3":{"start":{"line":54,"column":4},"end":{"line":58,"column":6}},"4":{"start":{"line":55,"column":68},"end":{"line":55,"column":90}},"5":{"start":{"line":61,"column":2},"end":{"line":61,"column":17}},"6":{"start":{"line":65,"column":48},"end":{"line":83,"column":1}},"7":{"start":{"line":66,"column":2},"end":{"line":82,"column":9}},"8":{"start":{"line":68,"column":6},"end":{"line":80,"column":13}},"9":{"start":{"line":86,"column":60},"end":{"line":93,"column":1}},"10":{"start":{"line":87,"column":2},"end":{"line":92,"column":9}},"11":{"start":{"line":101,"column":59},"end":{"line":121,"column":1}},"12":{"start":{"line":102,"column":2},"end":{"line":120,"column":9}},"13":{"start":{"line":107,"column":10},"end":{"line":116,"column":16}},"14":{"start":{"line":109,"column":14},"end":{"line":114,"column":16}},"15":{"start":{"line":124,"column":45},"end":{"line":144,"column":1}},"16":{"start":{"line":125,"column":2},"end":{"line":143,"column":9}},"17":{"start":{"line":147,"column":61},"end":{"line":173,"column":1}},"18":{"start":{"line":148,"column":2},"end":{"line":172,"column":10}},"19":{"start":{"line":150,"column":6},"end":{"line":170,"column":13}},"20":{"start":{"line":182,"column":63},"end":{"line":208,"column":1}},"21":{"start":{"line":187,"column":2},"end":{"line":207,"column":8}},"22":{"start":{"line":218,"column":55},"end":{"line":247,"column":1}},"23":{"start":{"line":224,"column":2},"end":{"line":246,"column":8}},"24":{"start":{"line":256,"column":57},"end":{"line":268,"column":1}},"25":{"start":{"line":261,"column":2},"end":{"line":267,"column":9}},"26":{"start":{"line":263,"column":6},"end":{"line":265,"column":13}},"27":{"start":{"line":271,"column":31},"end":{"line":302,"column":1}},"28":{"start":{"line":272,"column":32},"end":{"line":272,"column":60}},"29":{"start":{"line":273,"column":28},"end":{"line":273,"column":63}},"30":{"start":{"line":275,"column":23},"end":{"line":278,"column":8}},"31":{"start":{"line":276,"column":4},"end":{"line":276,"column":21}},"32":{"start":{"line":277,"column":4},"end":{"line":277,"column":19}},"33":{"start":{"line":280,"column":22},"end":{"line":282,"column":8}},"34":{"start":{"line":281,"column":4},"end":{"line":281,"column":22}},"35":{"start":{"line":284,"column":26},"end":{"line":287,"column":8}},"36":{"start":{"line":285,"column":4},"end":{"line":285,"column":22}},"37":{"start":{"line":286,"column":4},"end":{"line":286,"column":27}},"38":{"start":{"line":289,"column":16},"end":{"line":292,"column":8}},"39":{"start":{"line":290,"column":4},"end":{"line":290,"column":22}},"40":{"start":{"line":291,"column":4},"end":{"line":291,"column":19}},"41":{"start":{"line":294,"column":2},"end":{"line":301,"column":4}}},"fnMap":{"0":{"name":"(anonymous_0)","decl":{"start":{"line":24,"column":61},"end":{"line":24,"column":62}},"loc":{"start":{"line":29,"column":6},"end":{"line":62,"column":1}},"line":29},"1":{"name":"(anonymous_1)","decl":{"start":{"line":55,"column":57},"end":{"line":55,"column":58}},"loc":{"start":{"line":55,"column":68},"end":{"line":55,"column":90}},"line":55},"2":{"name":"(anonymous_2)","decl":{"start":{"line":65,"column":48},"end":{"line":65,"column":49}},"loc":{"start":{"line":66,"column":2},"end":{"line":82,"column":9}},"line":66},"3":{"name":"(anonymous_3)","decl":{"start":{"line":67,"column":22},"end":{"line":67,"column":23}},"loc":{"start":{"line":68,"column":6},"end":{"line":80,"column":13}},"line":68},"4":{"name":"(anonymous_4)","decl":{"start":{"line":86,"column":60},"end":{"line":86,"column":61}},"loc":{"start":{"line":87,"column":2},"end":{"line":92,"column":9}},"line":87},"5":{"name":"(anonymous_5)","decl":{"start":{"line":101,"column":59},"end":{"line":101,"column":60}},"loc":{"start":{"line":102,"column":2},"end":{"line":120,"column":9}},"line":102},"6":{"name":"(anonymous_6)","decl":{"start":{"line":106,"column":42},"end":{"line":106,"column":43}},"loc":{"start":{"line":107,"column":10},"end":{"line":116,"column":16}},"line":107},"7":{"name":"(anonymous_7)","decl":{"start":{"line":108,"column":49},"end":{"line":108,"column":50}},"loc":{"start":{"line":109,"column":14},"end":{"line":114,"column":16}},"line":109},"8":{"name":"(anonymous_8)","decl":{"start":{"line":124,"column":45},"end":{"line":124,"column":46}},"loc":{"start":{"line":125,"column":2},"end":{"line":143,"column":9}},"line":125},"9":{"name":"(anonymous_9)","decl":{"start":{"line":147,"column":61},"end":{"line":147,"column":62}},"loc":{"start":{"line":148,"column":2},"end":{"line":172,"column":10}},"line":148},"10":{"name":"(anonymous_10)","decl":{"start":{"line":149,"column":39},"end":{"line":149,"column":40}},"loc":{"start":{"line":150,"column":6},"end":{"line":170,"column":13}},"line":150},"11":{"name":"(anonymous_11)","decl":{"start":{"line":182,"column":63},"end":{"line":182,"column":64}},"loc":{"start":{"line":187,"column":2},"end":{"line":207,"column":8}},"line":187},"12":{"name":"(anonymous_12)","decl":{"start":{"line":218,"column":55},"end":{"line":218,"column":56}},"loc":{"start":{"line":224,"column":2},"end":{"line":246,"column":8}},"line":224},"13":{"name":"(anonymous_13)","decl":{"start":{"line":256,"column":57},"end":{"line":256,"column":58}},"loc":{"start":{"line":261,"column":2},"end":{"line":267,"column":9}},"line":261},"14":{"name":"(anonymous_14)","decl":{"start":{"line":262,"column":39},"end":{"line":262,"column":40}},"loc":{"start":{"line":263,"column":6},"end":{"line":265,"column":13}},"line":263},"15":{"name":"(anonymous_15)","decl":{"start":{"line":271,"column":31},"end":{"line":271,"column":32}},"loc":{"start":{"line":271,"column":57},"end":{"line":302,"column":1}},"line":271},"16":{"name":"(anonymous_16)","decl":{"start":{"line":275,"column":41},"end":{"line":275,"column":42}},"loc":{"start":{"line":275,"column":47},"end":{"line":278,"column":3}},"line":275},"17":{"name":"(anonymous_17)","decl":{"start":{"line":280,"column":40},"end":{"line":280,"column":41}},"loc":{"start":{"line":280,"column":46},"end":{"line":282,"column":3}},"line":280},"18":{"name":"(anonymous_18)","decl":{"start":{"line":284,"column":44},"end":{"line":284,"column":45}},"loc":{"start":{"line":284,"column":70},"end":{"line":287,"column":3}},"line":284},"19":{"name":"(anonymous_19)","decl":{"start":{"line":289,"column":34},"end":{"line":289,"column":35}},"loc":{"start":{"line":289,"column":40},"end":{"line":292,"column":3}},"line":289}},"branchMap":{"0":{"loc":{"start":{"line":25,"column":2},"end":{"line":25,"column":11}},"type":"default-arg","locations":[{"start":{"line":25,"column":9},"end":{"line":25,"column":11}}],"line":25},"1":{"loc":{"start":{"line":27,"column":2},"end":{"line":27,"column":20}},"type":"default-arg","locations":[{"start":{"line":27,"column":15},"end":{"line":27,"column":20}}],"line":27},"2":{"loc":{"start":{"line":28,"column":2},"end":{"line":28,"column":19}},"type":"default-arg","locations":[{"start":{"line":28,"column":10},"end":{"line":28,"column":19}}],"line":28},"3":{"loc":{"start":{"line":38,"column":19},"end":{"line":38,"column":49}},"type":"cond-expr","locations":[{"start":{"line":38,"column":32},"end":{"line":38,"column":39}},{"start":{"line":38,"column":42},"end":{"line":38,"column":49}}],"line":38},"4":{"loc":{"start":{"line":42,"column":18},"end":{"line":42,"column":38}},"type":"binary-expr","locations":[{"start":{"line":42,"column":18},"end":{"line":42,"column":25}},{"start":{"line":42,"column":29},"end":{"line":42,"column":38}}],"line":42},"5":{"loc":{"start":{"line":45,"column":7},"end":{"line":49,"column":7}},"type":"binary-expr","locations":[{"start":{"line":45,"column":7},"end":{"line":45,"column":14}},{"start":{"line":46,"column":8},"end":{"line":48,"column":21}}],"line":45},"6":{"loc":{"start":{"line":53,"column":2},"end":{"line":59,"column":3}},"type":"if","locations":[{"start":{"line":53,"column":2},"end":{"line":59,"column":3}},{"start":{},"end":{}}],"line":53},"7":{"loc":{"start":{"line":86,"column":63},"end":{"line":86,"column":75}},"type":"default-arg","locations":[{"start":{"line":86,"column":72},"end":{"line":86,"column":75}}],"line":86},"8":{"loc":{"start":{"line":101,"column":62},"end":{"line":101,"column":70}},"type":"default-arg","locations":[{"start":{"line":101,"column":69},"end":{"line":101,"column":70}}],"line":101},"9":{"loc":{"start":{"line":101,"column":72},"end":{"line":101,"column":83}},"type":"default-arg","locations":[{"start":{"line":101,"column":82},"end":{"line":101,"column":83}}],"line":101},"10":{"loc":{"start":{"line":147,"column":64},"end":{"line":147,"column":73}},"type":"default-arg","locations":[{"start":{"line":147,"column":72},"end":{"line":147,"column":73}}],"line":147},"11":{"loc":{"start":{"line":185,"column":2},"end":{"line":185,"column":23}},"type":"default-arg","locations":[{"start":{"line":185,"column":18},"end":{"line":185,"column":23}}],"line":185},"12":{"loc":{"start":{"line":190,"column":9},"end":{"line":194,"column":9}},"type":"binary-expr","locations":[{"start":{"line":190,"column":9},"end":{"line":190,"column":16}},{"start":{"line":191,"column":10},"end":{"line":193,"column":23}}],"line":190},"13":{"loc":{"start":{"line":196,"column":7},"end":{"line":200,"column":7}},"type":"binary-expr","locations":[{"start":{"line":196,"column":7},"end":{"line":196,"column":21}},{"start":{"line":196,"column":25},"end":{"line":196,"column":47}},{"start":{"line":197,"column":8},"end":{"line":199,"column":21}}],"line":196},"14":{"loc":{"start":{"line":203,"column":15},"end":{"line":203,"column":62}},"type":"cond-expr","locations":[{"start":{"line":203,"column":31},"end":{"line":203,"column":46}},{"start":{"line":203,"column":49},"end":{"line":203,"column":62}}],"line":203},"15":{"loc":{"start":{"line":222,"column":2},"end":{"line":222,"column":17}},"type":"default-arg","locations":[{"start":{"line":222,"column":14},"end":{"line":222,"column":17}}],"line":222},"16":{"loc":{"start":{"line":226,"column":26},"end":{"line":226,"column":43}},"type":"cond-expr","locations":[{"start":{"line":226,"column":36},"end":{"line":226,"column":39}},{"start":{"line":226,"column":42},"end":{"line":226,"column":43}}],"line":226},"17":{"loc":{"start":{"line":230,"column":5},"end":{"line":245,"column":5}},"type":"binary-expr","locations":[{"start":{"line":230,"column":5},"end":{"line":230,"column":12}},{"start":{"line":231,"column":6},"end":{"line":244,"column":13}}],"line":230},"18":{"loc":{"start":{"line":242,"column":11},"end":{"line":242,"column":62}},"type":"binary-expr","locations":[{"start":{"line":242,"column":11},"end":{"line":242,"column":19}},{"start":{"line":242,"column":23},"end":{"line":242,"column":62}}],"line":242},"19":{"loc":{"start":{"line":257,"column":2},"end":{"line":257,"column":11}},"type":"default-arg","locations":[{"start":{"line":257,"column":10},"end":{"line":257,"column":11}}],"line":257},"20":{"loc":{"start":{"line":258,"column":2},"end":{"line":258,"column":35}},"type":"default-arg","locations":[{"start":{"line":258,"column":12},"end":{"line":258,"column":35}}],"line":258},"21":{"loc":{"start":{"line":271,"column":32},"end":{"line":271,"column":52}},"type":"default-arg","locations":[{"start":{"line":271,"column":47},"end":{"line":271,"column":52}}],"line":271}},"s":{"0":1,"1":5,"2":5,"3":1,"4":2,"5":4,"6":1,"7":2,"8":8,"9":1,"10":2,"11":1,"12":2,"13":8,"14":26,"15":1,"16":1,"17":1,"18":2,"19":8,"20":1,"21":4,"22":1,"23":3,"24":1,"25":2,"26":10,"27":1,"28":14,"29":14,"30":14,"31":2,"32":2,"33":14,"34":1,"35":14,"36":3,"37":3,"38":14,"39":1,"40":1,"41":14},"f":{"0":5,"1":2,"2":2,"3":8,"4":2,"5":2,"6":8,"7":26,"8":1,"9":2,"10":8,"11":4,"12":3,"13":2,"14":10,"15":14,"16":2,"17":1,"18":3,"19":1},"b":{"0":[4],"1":[4],"2":[5],"3":[1,4],"4":[5,3],"5":[5,2],"6":[1,4],"7":[1],"8":[1],"9":[1],"10":[1],"11":[2],"12":[4,2],"13":[4,2,2],"14":[2,2],"15":[3],"16":[2,1],"17":[3,2],"18":[2,1],"19":[0],"20":[1],"21":[6]},"_coverageSchema":"1a1c01bbd47fc00a2c39e90264f33305004495a9","hash":"f1eb12c62bc406e4055eca2f82e80bf916a4c158"}
,"/home/ubuntu/federated-imputation-central/frontend/src/components/Common/NotificationSystem.tsx": {"path":"/home/ubuntu/federated-imputation-central/frontend/src/components/Common/NotificationSystem.tsx","statementMap":{"0":{"start":{"line":48,"column":28},"end":{"line":48,"column":89}},"1":{"start":{"line":50,"column":32},"end":{"line":56,"column":1}},"2":{"start":{"line":51,"column":18},"end":{"line":51,"column":49}},"3":{"start":{"line":52,"column":2},"end":{"line":54,"column":3}},"4":{"start":{"line":53,"column":4},"end":{"line":53,"column":83}},"5":{"start":{"line":55,"column":2},"end":{"line":55,"column":17}},"6":{"start":{"line":63,"column":73},"end":{"line":246,"column":1}},"7":{"start":{"line":67,"column":44},"end":{"line":67,"column":72}},"8":{"start":{"line":69,"column":21},"end":{"line":71,"column":8}},"9":{"start":{"line":70,"column":4},"end":{"line":70,"column":83}},"10":{"start":{"line":73,"column":27},"end":{"line":95,"column":36}},"11":{"start":{"line":74,"column":15},"end":{"line":74,"column":27}},"12":{"start":{"line":75,"column":42},"end":{"line":79,"column":5}},"13":{"start":{"line":81,"column":4},"end":{"line":85,"column":7}},"14":{"start":{"line":82,"column":22},"end":{"line":82,"column":48}},"15":{"start":{"line":84,"column":6},"end":{"line":84,"column":48}},"16":{"start":{"line":88,"column":4},"end":{"line":92,"column":5}},"17":{"start":{"line":89,"column":6},"end":{"line":91,"column":35}},"18":{"start":{"line":90,"column":8},"end":{"line":90,"column":29}},"19":{"start":{"line":94,"column":4},"end":{"line":94,"column":14}},"20":{"start":{"line":97,"column":27},"end":{"line":99,"column":8}},"21":{"start":{"line":98,"column":4},"end":{"line":98,"column":82}},"22":{"start":{"line":98,"column":29},"end":{"line":98,"column":80}},"23":{"start":{"line":98,"column":57},"end":{"line":98,"column":79}},"24":{"start":{"line":101,"column":19},"end":{"line":103,"column":8}},"25":{"start":{"line":102,"column":4},"end":{"line":102,"column":25}},"26":{"start":{"line":105,"column":22},"end":{"line":112,"column":24}},"27":{"start":{"line":106,"column":4},"end":{"line":111,"column":7}},"28":{"start":{"line":114,"column":20},"end":{"line":122,"column":24}},"29":{"start":{"line":115,"column":4},"end":{"line":121,"column":7}},"30":{"start":{"line":124,"column":22},"end":{"line":132,"column":24}},"31":{"start":{"line":125,"column":4},"end":{"line":131,"column":7}},"32":{"start":{"line":134,"column":19},"end":{"line":141,"column":24}},"33":{"start":{"line":135,"column":4},"end":{"line":140,"column":7}},"34":{"start":{"line":143,"column":18},"end":{"line":156,"column":3}},"35":{"start":{"line":144,"column":4},"end":{"line":155,"column":5}},"36":{"start":{"line":146,"column":8},"end":{"line":146,"column":31}},"37":{"start":{"line":148,"column":8},"end":{"line":148,"column":25}},"38":{"start":{"line":150,"column":8},"end":{"line":150,"column":27}},"39":{"start":{"line":152,"column":8},"end":{"line":152,"column":24}},"40":{"start":{"line":154,"column":8},"end":{"line":154,"column":33}},"41":{"start":{"line":158,"column":41},"end":{"line":167,"column":3}},"42":{"start":{"line":169,"column":2},"end":{"line":245,"column":4}},"43":{"start":{"line":180,"column":31},"end":{"line":180,"column":52}},"44":{"start":{"line":190,"column":14},"end":{"line":239,"column":22}},"45":{"start":{"line":216,"column":39},"end":{"line":216,"column":72}},"46":{"start":{"line":249,"column":38},"end":{"line":280,"column":1}},"47":{"start":{"line":250,"column":60},"end":{"line":250,"column":78}},"48":{"start":{"line":252,"column":2},"end":{"line":279,"column":4}},"49":{"start":{"line":260,"column":22},"end":{"line":260,"column":88}},"50":{"start":{"line":261,"column":6},"end":{"line":261,"column":45}},"51":{"start":{"line":265,"column":6},"end":{"line":268,"column":8}},"52":{"start":{"line":272,"column":22},"end":{"line":272,"column":106}},"53":{"start":{"line":273,"column":6},"end":{"line":273,"column":34}},"54":{"start":{"line":277,"column":6},"end":{"line":277,"column":54}}},"fnMap":{"0":{"name":"(anonymous_0)","decl":{"start":{"line":50,"column":32},"end":{"line":50,"column":33}},"loc":{"start":{"line":50,"column":38},"end":{"line":56,"column":1}},"line":50},"1":{"name":"(anonymous_1)","decl":{"start":{"line":63,"column":73},"end":{"line":63,"column":74}},"loc":{"start":{"line":66,"column":6},"end":{"line":246,"column":1}},"line":66},"2":{"name":"(anonymous_2)","decl":{"start":{"line":69,"column":33},"end":{"line":69,"column":34}},"loc":{"start":{"line":69,"column":39},"end":{"line":71,"column":3}},"line":69},"3":{"name":"(anonymous_3)","decl":{"start":{"line":73,"column":39},"end":{"line":73,"column":40}},"loc":{"start":{"line":73,"column":83},"end":{"line":95,"column":3}},"line":73},"4":{"name":"(anonymous_4)","decl":{"start":{"line":81,"column":21},"end":{"line":81,"column":22}},"loc":{"start":{"line":81,"column":29},"end":{"line":85,"column":5}},"line":81},"5":{"name":"(anonymous_5)","decl":{"start":{"line":89,"column":17},"end":{"line":89,"column":18}},"loc":{"start":{"line":89,"column":23},"end":{"line":91,"column":7}},"line":89},"6":{"name":"(anonymous_6)","decl":{"start":{"line":97,"column":39},"end":{"line":97,"column":40}},"loc":{"start":{"line":97,"column":55},"end":{"line":99,"column":3}},"line":97},"7":{"name":"(anonymous_7)","decl":{"start":{"line":98,"column":21},"end":{"line":98,"column":22}},"loc":{"start":{"line":98,"column":29},"end":{"line":98,"column":80}},"line":98},"8":{"name":"(anonymous_8)","decl":{"start":{"line":98,"column":41},"end":{"line":98,"column":42}},"loc":{"start":{"line":98,"column":57},"end":{"line":98,"column":79}},"line":98},"9":{"name":"(anonymous_9)","decl":{"start":{"line":101,"column":31},"end":{"line":101,"column":32}},"loc":{"start":{"line":101,"column":37},"end":{"line":103,"column":3}},"line":101},"10":{"name":"(anonymous_10)","decl":{"start":{"line":105,"column":34},"end":{"line":105,"column":35}},"loc":{"start":{"line":105,"column":104},"end":{"line":112,"column":3}},"line":105},"11":{"name":"(anonymous_11)","decl":{"start":{"line":114,"column":32},"end":{"line":114,"column":33}},"loc":{"start":{"line":114,"column":102},"end":{"line":122,"column":3}},"line":114},"12":{"name":"(anonymous_12)","decl":{"start":{"line":124,"column":34},"end":{"line":124,"column":35}},"loc":{"start":{"line":124,"column":104},"end":{"line":132,"column":3}},"line":124},"13":{"name":"(anonymous_13)","decl":{"start":{"line":134,"column":31},"end":{"line":134,"column":32}},"loc":{"start":{"line":134,"column":101},"end":{"line":141,"column":3}},"line":134},"14":{"name":"(anonymous_14)","decl":{"start":{"line":143,"column":18},"end":{"line":143,"column":19}},"loc":{"start":{"line":143,"column":46},"end":{"line":156,"column":3}},"line":143},"15":{"name":"(anonymous_15)","decl":{"start":{"line":180,"column":20},"end":{"line":180,"column":21}},"loc":{"start":{"line":180,"column":31},"end":{"line":180,"column":52}},"line":180},"16":{"name":"(anonymous_16)","decl":{"start":{"line":189,"column":31},"end":{"line":189,"column":32}},"loc":{"start":{"line":190,"column":14},"end":{"line":239,"column":22}},"line":190},"17":{"name":"(anonymous_17)","decl":{"start":{"line":216,"column":33},"end":{"line":216,"column":34}},"loc":{"start":{"line":216,"column":39},"end":{"line":216,"column":72}},"line":216},"18":{"name":"(anonymous_18)","decl":{"start":{"line":249,"column":38},"end":{"line":249,"column":39}},"loc":{"start":{"line":249,"column":44},"end":{"line":280,"column":1}},"line":249},"19":{"name":"(anonymous_19)","decl":{"start":{"line":259,"column":20},"end":{"line":259,"column":21}},"loc":{"start":{"line":259,"column":74},"end":{"line":262,"column":5}},"line":259},"20":{"name":"(anonymous_20)","decl":{"start":{"line":264,"column":24},"end":{"line":264,"column":25}},"loc":{"start":{"line":264,"column":47},"end":{"line":269,"column":5}},"line":264},"21":{"name":"(anonymous_21)","decl":{"start":{"line":271,"column":25},"end":{"line":271,"column":26}},"loc":{"start":{"line":271,"column":64},"end":{"line":274,"column":5}},"line":271},"22":{"name":"(anonymous_22)","decl":{"start":{"line":276,"column":27},"end":{"line":276,"column":28}},"loc":{"start":{"line":276,"column":48},"end":{"line":278,"column":5}},"line":276}},"branchMap":{"0":{"loc":{"start":{"line":52,"column":2},"end":{"line":54,"column":3}},"type":"if","locations":[{"start":{"line":52,"column":2},"end":{"line":54,"column":3}},{"start":{},"end":{}}],"line":52},"1":{"loc":{"start":{"line":65,"column":2},"end":{"line":65,"column":22}},"type":"default-arg","locations":[{"start":{"line":65,"column":21},"end":{"line":65,"column":22}}],"line":65},"2":{"loc":{"start":{"line":88,"column":4},"end":{"line":92,"column":5}},"type":"if","locations":[{"start":{"line":88,"column":4},"end":{"line":92,"column":5}},{"start":{},"end":{}}],"line":88},"3":{"loc":{"start":{"line":88,"column":8},"end":{"line":88,"column":95}},"type":"binary-expr","locations":[{"start":{"line":88,"column":8},"end":{"line":88,"column":35}},{"start":{"line":88,"column":39},"end":{"line":88,"column":63}},{"start":{"line":88,"column":67},"end":{"line":88,"column":95}}],"line":88},"4":{"loc":{"start":{"line":144,"column":4},"end":{"line":155,"column":5}},"type":"switch","locations":[{"start":{"line":145,"column":6},"end":{"line":146,"column":31}},{"start":{"line":147,"column":6},"end":{"line":148,"column":25}},{"start":{"line":149,"column":6},"end":{"line":150,"column":27}},{"start":{"line":151,"column":6},"end":{"line":152,"column":24}},{"start":{"line":153,"column":6},"end":{"line":154,"column":33}}],"line":144},"5":{"loc":{"start":{"line":202,"column":23},"end":{"line":213,"column":23}},"type":"binary-expr","locations":[{"start":{"line":202,"column":23},"end":{"line":202,"column":42}},{"start":{"line":203,"column":24},"end":{"line":212,"column":37}}],"line":202},"6":{"loc":{"start":{"line":232,"column":19},"end":{"line":234,"column":19}},"type":"binary-expr","locations":[{"start":{"line":232,"column":19},"end":{"line":232,"column":37}},{"start":{"line":233,"column":20},"end":{"line":233,"column":65}}],"line":232},"7":{"loc":{"start":{"line":259,"column":33},"end":{"line":259,"column":69}},"type":"default-arg","locations":[{"start":{"line":259,"column":50},"end":{"line":259,"column":69}}],"line":259},"8":{"loc":{"start":{"line":260,"column":22},"end":{"line":260,"column":88}},"type":"binary-expr","locations":[{"start":{"line":260,"column":22},"end":{"line":260,"column":52}},{"start":{"line":260,"column":56},"end":{"line":260,"column":70}},{"start":{"line":260,"column":74},"end":{"line":260,"column":88}}],"line":260},"9":{"loc":{"start":{"line":264,"column":25},"end":{"line":264,"column":42}},"type":"default-arg","locations":[{"start":{"line":264,"column":36},"end":{"line":264,"column":42}}],"line":264},"10":{"loc":{"start":{"line":272,"column":22},"end":{"line":272,"column":106}},"type":"cond-expr","locations":[{"start":{"line":272,"column":33},"end":{"line":272,"column":69}},{"start":{"line":272,"column":72},"end":{"line":272,"column":106}}],"line":272}},"s":{"0":1,"1":1,"2":52,"3":51,"4":4,"5":47,"6":1,"7":48,"8":48,"9":24,"10":48,"11":24,"12":24,"13":24,"14":24,"15":24,"16":24,"17":16,"18":16,"19":24,"20":48,"21":17,"22":12,"23":14,"24":48,"25":1,"26":48,"27":11,"28":48,"29":6,"30":48,"31":5,"32":48,"33":2,"34":48,"35":32,"36":15,"37":9,"38":6,"39":2,"40":0,"41":48,"42":48,"43":48,"44":32,"45":1,"46":1,"47":10,"48":10,"49":1,"50":1,"51":1,"52":1,"53":1,"54":1},"f":{"0":52,"1":48,"2":24,"3":24,"4":24,"5":16,"6":17,"7":12,"8":14,"9":1,"10":11,"11":6,"12":5,"13":2,"14":32,"15":48,"16":32,"17":1,"18":10,"19":1,"20":1,"21":1,"22":1},"b":{"0":[4,47],"1":[43],"2":[16,8],"3":[24,16,16],"4":[15,9,6,2,0],"5":[32,0],"6":[32,5],"7":[1],"8":[1,1,0],"9":[0],"10":[1,0]},"_coverageSchema":"1a1c01bbd47fc00a2c39e90264f33305004495a9","hash":"ac9d4b0d0d11d4409312c188e6c95ac1764658f5"}
,"/home/ubuntu/federated-imputation-central/frontend/src/components/Common/index.ts": {"path":"/home/ubuntu/federated-imputation-central/frontend/src/components/Common/index.ts","statementMap":{},"fnMap":{},"branchMap":{},"s":{},"f":{},"b":{}}
,"/home/ubuntu/federated-imputation-central/frontend/src/components/Layout/Footer.tsx": {"path":"/home/ubuntu/federated-imputation-central/frontend/src/components/Layout/Footer.tsx","statementMap":{"0":{"start":{"line":18,"column":25},"end":{"line":156,"column":1}},"1":{"start":{"line":19,"column":22},"end":{"line":19,"column":46}},"2":{"start":{"line":21,"column":2},"end":{"line":155,"column":4}}},"fnMap":{"0":{"name":"(anonymous_0)","decl":{"start":{"line":18,"column":25},"end":{"line":18,"column":26}},"loc":{"start":{"line":18,"column":31},"end":{"line":156,"column":1}},"line":18}},"branchMap":{},"s":{"0":0,"1":0,"2":0},"f":{"0":0},"b":{}}
,"/home/ubuntu/federated-imputation-central/frontend/src/components/Layout/Header.tsx": {"path":"/home/ubuntu/federated-imputation-central/frontend/src/components/Layout/Header.tsx","statementMap":{"0":{"start":{"line":24,"column":38},"end":{"line":171,"column":1}},"1":{"start":{"line":30,"column":19},"end":{"line":30,"column":32}},"2":{"start":{"line":32,"column":26},"end":{"line":32,"column":53}},"3":{"start":{"line":34,"column":23},"end":{"line":45,"column":7}},"4":{"start":{"line":38,"column":32},"end":{"line":38,"column":55}},"5":{"start":{"line":47,"column":21},"end":{"line":47,"column":73}},"6":{"start":{"line":48,"column":21},"end":{"line":48,"column":58}},"7":{"start":{"line":50,"column":2},"end":{"line":170,"column":4}},"8":{"start":{"line":70,"column":27},"end":{"line":70,"column":40}},"9":{"start":{"line":120,"column":29},"end":{"line":120,"column":47}},"10":{"start":{"line":127,"column":29},"end":{"line":127,"column":55}},"11":{"start":{"line":134,"column":29},"end":{"line":134,"column":53}},"12":{"start":{"line":141,"column":29},"end":{"line":141,"column":55}},"13":{"start":{"line":148,"column":29},"end":{"line":148,"column":49}},"14":{"start":{"line":155,"column":29},"end":{"line":155,"column":47}}},"fnMap":{"0":{"name":"(anonymous_0)","decl":{"start":{"line":24,"column":38},"end":{"line":24,"column":39}},"loc":{"start":{"line":29,"column":6},"end":{"line":171,"column":1}},"line":29},"1":{"name":"(anonymous_1)","decl":{"start":{"line":38,"column":16},"end":{"line":38,"column":17}},"loc":{"start":{"line":38,"column":32},"end":{"line":38,"column":55}},"line":38},"2":{"name":"(anonymous_2)","decl":{"start":{"line":70,"column":21},"end":{"line":70,"column":22}},"loc":{"start":{"line":70,"column":27},"end":{"line":70,"column":40}},"line":70},"3":{"name":"(anonymous_3)","decl":{"start":{"line":120,"column":23},"end":{"line":120,"column":24}},"loc":{"start":{"line":120,"column":29},"end":{"line":120,"column":47}},"line":120},"4":{"name":"(anonymous_4)","decl":{"start":{"line":127,"column":23},"end":{"line":127,"column":24}},"loc":{"start":{"line":127,"column":29},"end":{"line":127,"column":55}},"line":127},"5":{"name":"(anonymous_5)","decl":{"start":{"line":134,"column":23},"end":{"line":134,"column":24}},"loc":{"start":{"line":134,"column":29},"end":{"line":134,"column":53}},"line":134},"6":{"name":"(anonymous_6)","decl":{"start":{"line":141,"column":23},"end":{"line":141,"column":24}},"loc":{"start":{"line":141,"column":29},"end":{"line":141,"column":55}},"line":141},"7":{"name":"(anonymous_7)","decl":{"start":{"line":148,"column":23},"end":{"line":148,"column":24}},"loc":{"start":{"line":148,"column":29},"end":{"line":148,"column":49}},"line":148},"8":{"name":"(anonymous_8)","decl":{"start":{"line":155,"column":23},"end":{"line":155,"column":24}},"loc":{"start":{"line":155,"column":29},"end":{"line":155,"column":47}},"line":155}},"branchMap":{"0":{"loc":{"start":{"line":25,"column":2},"end":{"line":25,"column":20}},"type":"default-arg","locations":[{"start":{"line":25,"column":12},"end":{"line":25,"column":20}}],"line":25},"1":{"loc":{"start":{"line":26,"column":2},"end":{"line":26,"column":24}},"type":"default-arg","locations":[{"start":{"line":26,"column":19},"end":{"line":26,"column":24}}],"line":26},"2":{"loc":{"start":{"line":34,"column":23},"end":{"line":45,"column":7}},"type":"cond-expr","locations":[{"start":{"line":35,"column":6},"end":{"line":39,"column":7}},{"start":{"line":40,"column":6},"end":{"line":45,"column":7}}],"line":34},"3":{"loc":{"start":{"line":47,"column":21},"end":{"line":47,"column":73}},"type":"cond-expr","locations":[{"start":{"line":47,"column":39},"end":{"line":47,"column":64}},{"start":{"line":47,"column":67},"end":{"line":47,"column":73}}],"line":47},"4":{"loc":{"start":{"line":48,"column":21},"end":{"line":48,"column":58}},"type":"cond-expr","locations":[{"start":{"line":48,"column":39},"end":{"line":48,"column":46}},{"start":{"line":48,"column":49},"end":{"line":48,"column":58}}],"line":48},"5":{"loc":{"start":{"line":54,"column":9},"end":{"line":64,"column":9}},"type":"binary-expr","locations":[{"start":{"line":54,"column":9},"end":{"line":54,"column":24}},{"start":{"line":54,"column":28},"end":{"line":54,"column":39}},{"start":{"line":55,"column":10},"end":{"line":63,"column":23}}],"line":54},"6":{"loc":{"start":{"line":66,"column":9},"end":{"line":75,"column":9}},"type":"binary-expr","locations":[{"start":{"line":66,"column":9},"end":{"line":66,"column":25}},{"start":{"line":66,"column":29},"end":{"line":66,"column":43}},{"start":{"line":67,"column":10},"end":{"line":74,"column":23}}],"line":66},"7":{"loc":{"start":{"line":107,"column":26},"end":{"line":107,"column":49}},"type":"cond-expr","locations":[{"start":{"line":107,"column":44},"end":{"line":107,"column":45}},{"start":{"line":107,"column":48},"end":{"line":107,"column":49}}],"line":107},"8":{"loc":{"start":{"line":116,"column":9},"end":{"line":167,"column":9}},"type":"binary-expr","locations":[{"start":{"line":116,"column":9},"end":{"line":116,"column":25}},{"start":{"line":117,"column":10},"end":{"line":166,"column":16}}],"line":116},"9":{"loc":{"start":{"line":121,"column":27},"end":{"line":121,"column":74}},"type":"cond-expr","locations":[{"start":{"line":121,"column":53},"end":{"line":121,"column":62}},{"start":{"line":121,"column":65},"end":{"line":121,"column":74}}],"line":121},"10":{"loc":{"start":{"line":128,"column":27},"end":{"line":128,"column":77}},"type":"cond-expr","locations":[{"start":{"line":128,"column":56},"end":{"line":128,"column":65}},{"start":{"line":128,"column":68},"end":{"line":128,"column":77}}],"line":128},"11":{"loc":{"start":{"line":135,"column":27},"end":{"line":135,"column":80}},"type":"cond-expr","locations":[{"start":{"line":135,"column":59},"end":{"line":135,"column":68}},{"start":{"line":135,"column":71},"end":{"line":135,"column":80}}],"line":135},"12":{"loc":{"start":{"line":142,"column":27},"end":{"line":142,"column":82}},"type":"cond-expr","locations":[{"start":{"line":142,"column":61},"end":{"line":142,"column":70}},{"start":{"line":142,"column":73},"end":{"line":142,"column":82}}],"line":142},"13":{"loc":{"start":{"line":149,"column":27},"end":{"line":149,"column":76}},"type":"cond-expr","locations":[{"start":{"line":149,"column":55},"end":{"line":149,"column":64}},{"start":{"line":149,"column":67},"end":{"line":149,"column":76}}],"line":149}},"s":{"0":0,"1":0,"2":0,"3":0,"4":0,"5":0,"6":0,"7":0,"8":0,"9":0,"10":0,"11":0,"12":0,"13":0,"14":0},"f":{"0":0,"1":0,"2":0,"3":0,"4":0,"5":0,"6":0,"7":0,"8":0},"b":{"0":[0],"1":[0],"2":[0,0],"3":[0,0],"4":[0,0],"5":[0,0,0],"6":[0,0,0],"7":[0,0],"8":[0,0],"9":[0,0],"10":[0,0],"11":[0,0],"12":[0,0],"13":[0,0]}}
,"/home/ubuntu/federated-imputation-central/frontend/src/components/Layout/Navbar.tsx": {"path":"/home/ubuntu/federated-imputation-central/frontend/src/components/Layout/Navbar.tsx","statementMap":{"0":{"start":{"line":31,"column":38},"end":{"line":189,"column":1}},"1":{"start":{"line":32,"column":34},"end":{"line":32,"column":68}},"2":{"start":{"line":33,"column":27},"end":{"line":33,"column":36}},"3":{"start":{"line":34,"column":19},"end":{"line":34,"column":32}},"4":{"start":{"line":37,"column":34},"end":{"line":45,"column":4}},"5":{"start":{"line":48,"column":23},"end":{"line":54,"column":3}},"6":{"start":{"line":49,"column":4},"end":{"line":53,"column":7}},"7":{"start":{"line":56,"column":24},"end":{"line":58,"column":3}},"8":{"start":{"line":57,"column":4},"end":{"line":57,"column":52}},"9":{"start":{"line":57,"column":25},"end":{"line":57,"column":49}},"10":{"start":{"line":60,"column":21},"end":{"line":62,"column":3}},"11":{"start":{"line":61,"column":4},"end":{"line":61,"column":37}},"12":{"start":{"line":64,"column":22},"end":{"line":66,"column":3}},"13":{"start":{"line":65,"column":4},"end":{"line":65,"column":22}},"14":{"start":{"line":68,"column":24},"end":{"line":71,"column":3}},"15":{"start":{"line":69,"column":4},"end":{"line":69,"column":18}},"16":{"start":{"line":70,"column":4},"end":{"line":70,"column":25}},"17":{"start":{"line":73,"column":25},"end":{"line":76,"column":3}},"18":{"start":{"line":74,"column":4},"end":{"line":74,"column":18}},"19":{"start":{"line":75,"column":4},"end":{"line":75,"column":26}},"20":{"start":{"line":78,"column":23},"end":{"line":99,"column":3}},"21":{"start":{"line":79,"column":4},"end":{"line":79,"column":18}},"22":{"start":{"line":80,"column":4},"end":{"line":80,"column":43}},"23":{"start":{"line":82,"column":4},"end":{"line":98,"column":5}},"24":{"start":{"line":83,"column":6},"end":{"line":83,"column":21}},"25":{"start":{"line":84,"column":6},"end":{"line":84,"column":88}},"26":{"start":{"line":87,"column":6},"end":{"line":89,"column":15}},"27":{"start":{"line":88,"column":8},"end":{"line":88,"column":22}},"28":{"start":{"line":91,"column":6},"end":{"line":91,"column":44}},"29":{"start":{"line":92,"column":6},"end":{"line":92,"column":94}},"30":{"start":{"line":95,"column":6},"end":{"line":97,"column":15}},"31":{"start":{"line":96,"column":8},"end":{"line":96,"column":22}},"32":{"start":{"line":101,"column":2},"end":{"line":188,"column":4}}},"fnMap":{"0":{"name":"(anonymous_0)","decl":{"start":{"line":31,"column":38},"end":{"line":31,"column":39}},"loc":{"start":{"line":31,"column":59},"end":{"line":189,"column":1}},"line":31},"1":{"name":"(anonymous_1)","decl":{"start":{"line":48,"column":23},"end":{"line":48,"column":24}},"loc":{"start":{"line":48,"column":96},"end":{"line":54,"column":3}},"line":48},"2":{"name":"(anonymous_2)","decl":{"start":{"line":56,"column":24},"end":{"line":56,"column":25}},"loc":{"start":{"line":56,"column":30},"end":{"line":58,"column":3}},"line":56},"3":{"name":"(anonymous_3)","decl":{"start":{"line":57,"column":16},"end":{"line":57,"column":17}},"loc":{"start":{"line":57,"column":25},"end":{"line":57,"column":49}},"line":57},"4":{"name":"(anonymous_4)","decl":{"start":{"line":60,"column":21},"end":{"line":60,"column":22}},"loc":{"start":{"line":60,"column":63},"end":{"line":62,"column":3}},"line":60},"5":{"name":"(anonymous_5)","decl":{"start":{"line":64,"column":22},"end":{"line":64,"column":23}},"loc":{"start":{"line":64,"column":28},"end":{"line":66,"column":3}},"line":64},"6":{"name":"(anonymous_6)","decl":{"start":{"line":68,"column":24},"end":{"line":68,"column":25}},"loc":{"start":{"line":68,"column":30},"end":{"line":71,"column":3}},"line":68},"7":{"name":"(anonymous_7)","decl":{"start":{"line":73,"column":25},"end":{"line":73,"column":26}},"loc":{"start":{"line":73,"column":31},"end":{"line":76,"column":3}},"line":73},"8":{"name":"(anonymous_8)","decl":{"start":{"line":78,"column":23},"end":{"line":78,"column":24}},"loc":{"start":{"line":78,"column":35},"end":{"line":99,"column":3}},"line":78},"9":{"name":"(anonymous_9)","decl":{"start":{"line":87,"column":17},"end":{"line":87,"column":18}},"loc":{"start":{"line":87,"column":23},"end":{"line":89,"column":7}},"line":87},"10":{"name":"(anonymous_10)","decl":{"start":{"line":95,"column":17},"end":{"line":95,"column":18}},"loc":{"start":{"line":95,"column":23},"end":{"line":97,"column":7}},"line":95}},"branchMap":{"0":{"loc":{"start":{"line":110,"column":9},"end":{"line":159,"column":9}},"type":"binary-expr","locations":[{"start":{"line":110,"column":9},"end":{"line":110,"column":13}},{"start":{"line":111,"column":10},"end":{"line":158,"column":13}}],"line":110},"1":{"loc":{"start":{"line":125,"column":19},"end":{"line":125,"column":73}},"type":"binary-expr","locations":[{"start":{"line":125,"column":19},"end":{"line":125,"column":45}},{"start":{"line":125,"column":49},"end":{"line":125,"column":73}}],"line":125},"2":{"loc":{"start":{"line":165,"column":26},"end":{"line":165,"column":71}},"type":"cond-expr","locations":[{"start":{"line":165,"column":60},"end":{"line":165,"column":64}},{"start":{"line":165,"column":67},"end":{"line":165,"column":71}}],"line":165},"3":{"loc":{"start":{"line":182,"column":16},"end":{"line":182,"column":67}},"type":"cond-expr","locations":[{"start":{"line":182,"column":47},"end":{"line":182,"column":55}},{"start":{"line":182,"column":58},"end":{"line":182,"column":67}}],"line":182}},"s":{"0":0,"1":0,"2":0,"3":0,"4":0,"5":0,"6":0,"7":0,"8":0,"9":0,"10":0,"11":0,"12":0,"13":0,"14":0,"15":0,"16":0,"17":0,"18":0,"19":0,"20":0,"21":0,"22":0,"23":0,"24":0,"25":0,"26":0,"27":0,"28":0,"29":0,"30":0,"31":0,"32":0},"f":{"0":0,"1":0,"2":0,"3":0,"4":0,"5":0,"6":0,"7":0,"8":0,"9":0,"10":0},"b":{"0":[0,0],"1":[0,0],"2":[0,0],"3":[0,0]}}
,"/home/ubuntu/federated-imputation-central/frontend/src/components/Layout/Sidebar.tsx": {"path":"/home/ubuntu/federated-imputation-central/frontend/src/components/Layout/Sidebar.tsx","statementMap":{"0":{"start":{"line":23,"column":20},"end":{"line":23,"column":23}},"1":{"start":{"line":36,"column":42},"end":{"line":69,"column":1}},"2":{"start":{"line":71,"column":40},"end":{"line":151,"column":1}},"3":{"start":{"line":72,"column":19},"end":{"line":72,"column":32}},"4":{"start":{"line":73,"column":19},"end":{"line":73,"column":32}},"5":{"start":{"line":75,"column":27},"end":{"line":77,"column":3}},"6":{"start":{"line":76,"column":4},"end":{"line":76,"column":19}},"7":{"start":{"line":79,"column":23},"end":{"line":84,"column":3}},"8":{"start":{"line":80,"column":4},"end":{"line":82,"column":5}},"9":{"start":{"line":81,"column":6},"end":{"line":81,"column":39}},"10":{"start":{"line":83,"column":4},"end":{"line":83,"column":46}},"11":{"start":{"line":86,"column":2},"end":{"line":150,"column":4}},"12":{"start":{"line":107,"column":10},"end":{"line":146,"column":27}},"13":{"start":{"line":110,"column":31},"end":{"line":110,"column":58}}},"fnMap":{"0":{"name":"(anonymous_0)","decl":{"start":{"line":71,"column":40},"end":{"line":71,"column":41}},"loc":{"start":{"line":71,"column":54},"end":{"line":151,"column":1}},"line":71},"1":{"name":"(anonymous_1)","decl":{"start":{"line":75,"column":27},"end":{"line":75,"column":28}},"loc":{"start":{"line":75,"column":45},"end":{"line":77,"column":3}},"line":75},"2":{"name":"(anonymous_2)","decl":{"start":{"line":79,"column":23},"end":{"line":79,"column":24}},"loc":{"start":{"line":79,"column":41},"end":{"line":84,"column":3}},"line":79},"3":{"name":"(anonymous_3)","decl":{"start":{"line":106,"column":29},"end":{"line":106,"column":30}},"loc":{"start":{"line":107,"column":10},"end":{"line":146,"column":27}},"line":107},"4":{"name":"(anonymous_4)","decl":{"start":{"line":110,"column":25},"end":{"line":110,"column":26}},"loc":{"start":{"line":110,"column":31},"end":{"line":110,"column":58}},"line":110}},"branchMap":{"0":{"loc":{"start":{"line":80,"column":4},"end":{"line":82,"column":5}},"type":"if","locations":[{"start":{"line":80,"column":4},"end":{"line":82,"column":5}},{"start":{},"end":{}}],"line":80},"1":{"loc":{"start":{"line":92,"column":15},"end":{"line":92,"column":37}},"type":"cond-expr","locations":[{"start":{"line":92,"column":22},"end":{"line":92,"column":33}},{"start":{"line":92,"column":36},"end":{"line":92,"column":37}}],"line":92},"2":{"loc":{"start":{"line":130,"column":27},"end":{"line":130,"column":79}},"type":"cond-expr","locations":[{"start":{"line":130,"column":53},"end":{"line":130,"column":62}},{"start":{"line":130,"column":65},"end":{"line":130,"column":79}}],"line":130},"3":{"loc":{"start":{"line":139,"column":34},"end":{"line":139,"column":69}},"type":"cond-expr","locations":[{"start":{"line":139,"column":60},"end":{"line":139,"column":63}},{"start":{"line":139,"column":66},"end":{"line":139,"column":69}}],"line":139},"4":{"loc":{"start":{"line":145,"column":13},"end":{"line":145,"column":55}},"type":"binary-expr","locations":[{"start":{"line":145,"column":13},"end":{"line":145,"column":25}},{"start":{"line":145,"column":29},"end":{"line":145,"column":55}}],"line":145}},"s":{"0":0,"1":0,"2":0,"3":0,"4":0,"5":0,"6":0,"7":0,"8":0,"9":0,"10":0,"11":0,"12":0,"13":0},"f":{"0":0,"1":0,"2":0,"3":0,"4":0},"b":{"0":[0,0],"1":[0,0],"2":[0,0],"3":[0,0],"4":[0,0]}}
,"/home/ubuntu/federated-imputation-central/frontend/src/contexts/ApiContext.tsx": {"path":"/home/ubuntu/federated-imputation-central/frontend/src/contexts/ApiContext.tsx","statementMap":{"0":{"start":{"line":139,"column":19},"end":{"line":139,"column":71}},"1":{"start":{"line":142,"column":26},"end":{"line":173,"column":1}},"2":{"start":{"line":144,"column":26},"end":{"line":144,"column":87}},"3":{"start":{"line":146,"column":19},"end":{"line":155,"column":4}},"4":{"start":{"line":158,"column":2},"end":{"line":170,"column":4}},"5":{"start":{"line":161,"column":24},"end":{"line":161,"column":115}},"6":{"start":{"line":162,"column":6},"end":{"line":164,"column":7}},"7":{"start":{"line":163,"column":8},"end":{"line":163,"column":50}},"8":{"start":{"line":165,"column":6},"end":{"line":165,"column":20}},"9":{"start":{"line":168,"column":6},"end":{"line":168,"column":35}},"10":{"start":{"line":172,"column":2},"end":{"line":172,"column":18}},"11":{"start":{"line":175,"column":62},"end":{"line":328,"column":1}},"12":{"start":{"line":176,"column":14},"end":{"line":176,"column":33}},"13":{"start":{"line":179,"column":18},"end":{"line":199,"column":3}},"14":{"start":{"line":180,"column":16},"end":{"line":180,"column":79}},"15":{"start":{"line":181,"column":19},"end":{"line":184,"column":5}},"16":{"start":{"line":186,"column":4},"end":{"line":198,"column":5}},"17":{"start":{"line":187,"column":23},"end":{"line":187,"column":41}},"18":{"start":{"line":188,"column":6},"end":{"line":188,"column":27}},"19":{"start":{"line":189,"column":11},"end":{"line":198,"column":5}},"20":{"start":{"line":190,"column":23},"end":{"line":190,"column":106}},"21":{"start":{"line":191,"column":6},"end":{"line":191,"column":27}},"22":{"start":{"line":192,"column":11},"end":{"line":198,"column":5}},"23":{"start":{"line":193,"column":23},"end":{"line":193,"column":107}},"24":{"start":{"line":194,"column":6},"end":{"line":194,"column":27}},"25":{"start":{"line":195,"column":11},"end":{"line":198,"column":5}},"26":{"start":{"line":196,"column":23},"end":{"line":196,"column":44}},"27":{"start":{"line":197,"column":6},"end":{"line":197,"column":27}},"28":{"start":{"line":202,"column":22},"end":{"line":210,"column":3}},"29":{"start":{"line":203,"column":21},"end":{"line":203,"column":48}},"30":{"start":{"line":205,"column":4},"end":{"line":207,"column":5}},"31":{"start":{"line":206,"column":6},"end":{"line":206,"column":35}},"32":{"start":{"line":209,"column":4},"end":{"line":209,"column":25}},"33":{"start":{"line":212,"column":21},"end":{"line":215,"column":3}},"34":{"start":{"line":213,"column":55},"end":{"line":213,"column":88}},"35":{"start":{"line":214,"column":4},"end":{"line":214,"column":25}},"36":{"start":{"line":217,"column":30},"end":{"line":220,"column":3}},"37":{"start":{"line":218,"column":21},"end":{"line":218,"column":84}},"38":{"start":{"line":219,"column":4},"end":{"line":219,"column":25}},"39":{"start":{"line":223,"column":29},"end":{"line":235,"column":3}},"40":{"start":{"line":224,"column":19},"end":{"line":224,"column":40}},"41":{"start":{"line":225,"column":4},"end":{"line":225,"column":66}},"42":{"start":{"line":225,"column":19},"end":{"line":225,"column":66}},"43":{"start":{"line":226,"column":4},"end":{"line":226,"column":60}},"44":{"start":{"line":226,"column":20},"end":{"line":226,"column":60}},"45":{"start":{"line":227,"column":4},"end":{"line":227,"column":45}},"46":{"start":{"line":227,"column":15},"end":{"line":227,"column":45}},"47":{"start":{"line":229,"column":21},"end":{"line":229,"column":77}},"48":{"start":{"line":231,"column":4},"end":{"line":233,"column":5}},"49":{"start":{"line":232,"column":6},"end":{"line":232,"column":35}},"50":{"start":{"line":234,"column":4},"end":{"line":234,"column":25}},"51":{"start":{"line":237,"column":36},"end":{"line":240,"column":3}},"52":{"start":{"line":238,"column":54},"end":{"line":238,"column":111}},"53":{"start":{"line":239,"column":4},"end":{"line":239,"column":25}},"54":{"start":{"line":243,"column":18},"end":{"line":255,"column":3}},"55":{"start":{"line":244,"column":19},"end":{"line":244,"column":40}},"56":{"start":{"line":245,"column":4},"end":{"line":245,"column":48}},"57":{"start":{"line":245,"column":16},"end":{"line":245,"column":48}},"58":{"start":{"line":246,"column":4},"end":{"line":246,"column":66}},"59":{"start":{"line":246,"column":19},"end":{"line":246,"column":66}},"60":{"start":{"line":247,"column":4},"end":{"line":247,"column":48}},"61":{"start":{"line":247,"column":16},"end":{"line":247,"column":48}},"62":{"start":{"line":249,"column":21},"end":{"line":249,"column":65}},"63":{"start":{"line":251,"column":4},"end":{"line":253,"column":5}},"64":{"start":{"line":252,"column":6},"end":{"line":252,"column":35}},"65":{"start":{"line":254,"column":4},"end":{"line":254,"column":25}},"66":{"start":{"line":257,"column":17},"end":{"line":260,"column":3}},"67":{"start":{"line":258,"column":51},"end":{"line":258,"column":80}},"68":{"start":{"line":259,"column":4},"end":{"line":259,"column":25}},"69":{"start":{"line":262,"column":20},"end":{"line":269,"column":3}},"70":{"start":{"line":263,"column":51},"end":{"line":267,"column":6}},"71":{"start":{"line":268,"column":4},"end":{"line":268,"column":25}},"72":{"start":{"line":271,"column":20},"end":{"line":274,"column":3}},"73":{"start":{"line":272,"column":21},"end":{"line":272,"column":58}},"74":{"start":{"line":273,"column":4},"end":{"line":273,"column":25}},"75":{"start":{"line":276,"column":19},"end":{"line":279,"column":3}},"76":{"start":{"line":277,"column":21},"end":{"line":277,"column":57}},"77":{"start":{"line":278,"column":4},"end":{"line":278,"column":25}},"78":{"start":{"line":281,"column":30},"end":{"line":284,"column":3}},"79":{"start":{"line":282,"column":55},"end":{"line":282,"column":99}},"80":{"start":{"line":283,"column":4},"end":{"line":283,"column":25}},"81":{"start":{"line":286,"column":22},"end":{"line":289,"column":3}},"82":{"start":{"line":287,"column":50},"end":{"line":287,"column":85}},"83":{"start":{"line":288,"column":4},"end":{"line":288,"column":25}},"84":{"start":{"line":291,"column":23},"end":{"line":294,"column":3}},"85":{"start":{"line":292,"column":21},"end":{"line":292,"column":78}},"86":{"start":{"line":293,"column":4},"end":{"line":293,"column":25}},"87":{"start":{"line":297,"column":28},"end":{"line":300,"column":3}},"88":{"start":{"line":298,"column":52},"end":{"line":298,"column":86}},"89":{"start":{"line":299,"column":4},"end":{"line":299,"column":25}},"90":{"start":{"line":302,"column":30},"end":{"line":305,"column":3}},"91":{"start":{"line":303,"column":21},"end":{"line":303,"column":67}},"92":{"start":{"line":304,"column":4},"end":{"line":304,"column":25}},"93":{"start":{"line":307,"column":32},"end":{"line":325,"column":3}},"94":{"start":{"line":327,"column":2},"end":{"line":327,"column":77}},"95":{"start":{"line":330,"column":22},"end":{"line":336,"column":1}},"96":{"start":{"line":331,"column":18},"end":{"line":331,"column":40}},"97":{"start":{"line":332,"column":2},"end":{"line":334,"column":3}},"98":{"start":{"line":333,"column":4},"end":{"line":333,"column":65}},"99":{"start":{"line":335,"column":2},"end":{"line":335,"column":17}}},"fnMap":{"0":{"name":"(anonymous_0)","decl":{"start":{"line":142,"column":26},"end":{"line":142,"column":27}},"loc":{"start":{"line":142,"column":47},"end":{"line":173,"column":1}},"line":142},"1":{"name":"(anonymous_1)","decl":{"start":{"line":159,"column":4},"end":{"line":159,"column":5}},"loc":{"start":{"line":159,"column":16},"end":{"line":166,"column":5}},"line":159},"2":{"name":"(anonymous_2)","decl":{"start":{"line":167,"column":4},"end":{"line":167,"column":5}},"loc":{"start":{"line":167,"column":15},"end":{"line":169,"column":5}},"line":167},"3":{"name":"(anonymous_3)","decl":{"start":{"line":175,"column":62},"end":{"line":175,"column":63}},"loc":{"start":{"line":175,"column":80},"end":{"line":328,"column":1}},"line":175},"4":{"name":"(anonymous_4)","decl":{"start":{"line":179,"column":18},"end":{"line":179,"column":19}},"loc":{"start":{"line":179,"column":83},"end":{"line":199,"column":3}},"line":179},"5":{"name":"(anonymous_5)","decl":{"start":{"line":202,"column":22},"end":{"line":202,"column":23}},"loc":{"start":{"line":202,"column":64},"end":{"line":210,"column":3}},"line":202},"6":{"name":"(anonymous_6)","decl":{"start":{"line":212,"column":21},"end":{"line":212,"column":22}},"loc":{"start":{"line":212,"column":71},"end":{"line":215,"column":3}},"line":212},"7":{"name":"(anonymous_7)","decl":{"start":{"line":217,"column":30},"end":{"line":217,"column":31}},"loc":{"start":{"line":217,"column":106},"end":{"line":220,"column":3}},"line":217},"8":{"name":"(anonymous_8)","decl":{"start":{"line":223,"column":29},"end":{"line":223,"column":30}},"loc":{"start":{"line":223,"column":123},"end":{"line":235,"column":3}},"line":223},"9":{"name":"(anonymous_9)","decl":{"start":{"line":237,"column":36},"end":{"line":237,"column":37}},"loc":{"start":{"line":237,"column":92},"end":{"line":240,"column":3}},"line":237},"10":{"name":"(anonymous_10)","decl":{"start":{"line":243,"column":18},"end":{"line":243,"column":19}},"loc":{"start":{"line":243,"column":108},"end":{"line":255,"column":3}},"line":243},"11":{"name":"(anonymous_11)","decl":{"start":{"line":257,"column":17},"end":{"line":257,"column":18}},"loc":{"start":{"line":257,"column":63},"end":{"line":260,"column":3}},"line":257},"12":{"name":"(anonymous_12)","decl":{"start":{"line":262,"column":20},"end":{"line":262,"column":21}},"loc":{"start":{"line":262,"column":70},"end":{"line":269,"column":3}},"line":262},"13":{"name":"(anonymous_13)","decl":{"start":{"line":271,"column":20},"end":{"line":271,"column":21}},"loc":{"start":{"line":271,"column":89},"end":{"line":274,"column":3}},"line":271},"14":{"name":"(anonymous_14)","decl":{"start":{"line":276,"column":19},"end":{"line":276,"column":20}},"loc":{"start":{"line":276,"column":88},"end":{"line":279,"column":3}},"line":276},"15":{"name":"(anonymous_15)","decl":{"start":{"line":281,"column":30},"end":{"line":281,"column":31}},"loc":{"start":{"line":281,"column":80},"end":{"line":284,"column":3}},"line":281},"16":{"name":"(anonymous_16)","decl":{"start":{"line":286,"column":22},"end":{"line":286,"column":23}},"loc":{"start":{"line":286,"column":67},"end":{"line":289,"column":3}},"line":286},"17":{"name":"(anonymous_17)","decl":{"start":{"line":291,"column":23},"end":{"line":291,"column":24}},"loc":{"start":{"line":291,"column":136},"end":{"line":294,"column":3}},"line":291},"18":{"name":"(anonymous_18)","decl":{"start":{"line":297,"column":28},"end":{"line":297,"column":29}},"loc":{"start":{"line":297,"column":65},"end":{"line":300,"column":3}},"line":297},"19":{"name":"(anonymous_19)","decl":{"start":{"line":302,"column":30},"end":{"line":302,"column":31}},"loc":{"start":{"line":302,"column":58},"end":{"line":305,"column":3}},"line":302},"20":{"name":"(anonymous_20)","decl":{"start":{"line":330,"column":22},"end":{"line":330,"column":23}},"loc":{"start":{"line":330,"column":44},"end":{"line":336,"column":1}},"line":330}},"branchMap":{"0":{"loc":{"start":{"line":144,"column":26},"end":{"line":144,"column":87}},"type":"binary-expr","locations":[{"start":{"line":144,"column":26},"end":{"line":144,"column":60}},{"start":{"line":144,"column":64},"end":{"line":144,"column":87}}],"line":144},"1":{"loc":{"start":{"line":162,"column":6},"end":{"line":164,"column":7}},"type":"if","locations":[{"start":{"line":162,"column":6},"end":{"line":164,"column":7}},{"start":{},"end":{}}],"line":162},"2":{"loc":{"start":{"line":180,"column":16},"end":{"line":180,"column":79}},"type":"cond-expr","locations":[{"start":{"line":180,"column":47},"end":{"line":180,"column":68}},{"start":{"line":180,"column":71},"end":{"line":180,"column":79}}],"line":180},"3":{"loc":{"start":{"line":182,"column":14},"end":{"line":182,"column":38}},"type":"binary-expr","locations":[{"start":{"line":182,"column":14},"end":{"line":182,"column":29}},{"start":{"line":182,"column":33},"end":{"line":182,"column":38}}],"line":182},"4":{"loc":{"start":{"line":186,"column":4},"end":{"line":198,"column":5}},"type":"if","locations":[{"start":{"line":186,"column":4},"end":{"line":198,"column":5}},{"start":{"line":189,"column":11},"end":{"line":198,"column":5}}],"line":186},"5":{"loc":{"start":{"line":189,"column":11},"end":{"line":198,"column":5}},"type":"if","locations":[{"start":{"line":189,"column":11},"end":{"line":198,"column":5}},{"start":{"line":192,"column":11},"end":{"line":198,"column":5}}],"line":189},"6":{"loc":{"start":{"line":190,"column":43},"end":{"line":190,"column":105}},"type":"cond-expr","locations":[{"start":{"line":190,"column":59},"end":{"line":190,"column":93}},{"start":{"line":190,"column":96},"end":{"line":190,"column":105}}],"line":190},"7":{"loc":{"start":{"line":192,"column":11},"end":{"line":198,"column":5}},"type":"if","locations":[{"start":{"line":192,"column":11},"end":{"line":198,"column":5}},{"start":{"line":195,"column":11},"end":{"line":198,"column":5}}],"line":192},"8":{"loc":{"start":{"line":193,"column":44},"end":{"line":193,"column":106}},"type":"cond-expr","locations":[{"start":{"line":193,"column":60},"end":{"line":193,"column":94}},{"start":{"line":193,"column":97},"end":{"line":193,"column":106}}],"line":193},"9":{"loc":{"start":{"line":195,"column":11},"end":{"line":198,"column":5}},"type":"if","locations":[{"start":{"line":195,"column":11},"end":{"line":198,"column":5}},{"start":{},"end":{}}],"line":195},"10":{"loc":{"start":{"line":205,"column":4},"end":{"line":207,"column":5}},"type":"if","locations":[{"start":{"line":205,"column":4},"end":{"line":207,"column":5}},{"start":{},"end":{}}],"line":205},"11":{"loc":{"start":{"line":225,"column":4},"end":{"line":225,"column":66}},"type":"if","locations":[{"start":{"line":225,"column":4},"end":{"line":225,"column":66}},{"start":{},"end":{}}],"line":225},"12":{"loc":{"start":{"line":226,"column":4},"end":{"line":226,"column":60}},"type":"if","locations":[{"start":{"line":226,"column":4},"end":{"line":226,"column":60}},{"start":{},"end":{}}],"line":226},"13":{"loc":{"start":{"line":227,"column":4},"end":{"line":227,"column":45}},"type":"if","locations":[{"start":{"line":227,"column":4},"end":{"line":227,"column":45}},{"start":{},"end":{}}],"line":227},"14":{"loc":{"start":{"line":231,"column":4},"end":{"line":23
[...]
umn":51},"end":{"line":803,"column":75}},"line":803},"31":{"name":"(anonymous_31)","decl":{"start":{"line":814,"column":26},"end":{"line":814,"column":27}},"loc":{"start":{"line":814,"column":33},"end":{"line":814,"column":87}},"line":814},"32":{"name":"(anonymous_32)","decl":{"start":{"line":824,"column":26},"end":{"line":824,"column":27}},"loc":{"start":{"line":824,"column":33},"end":{"line":824,"column":84}},"line":824},"33":{"name":"(anonymous_33)","decl":{"start":{"line":833,"column":26},"end":{"line":833,"column":27}},"loc":{"start":{"line":833,"column":33},"end":{"line":833,"column":89}},"line":833},"34":{"name":"(anonymous_34)","decl":{"start":{"line":841,"column":26},"end":{"line":841,"column":27}},"loc":{"start":{"line":841,"column":33},"end":{"line":841,"column":88}},"line":841},"35":{"name":"(anonymous_35)","decl":{"start":{"line":851,"column":28},"end":{"line":851,"column":29}},"loc":{"start":{"line":851,"column":35},"end":{"line":851,"column":89}},"line":851},"36":{"name":"(anonymous_36)","decl":{"start":{"line":862,"column":28},"end":{"line":862,"column":29}},"loc":{"start":{"line":862,"column":35},"end":{"line":862,"column":88}},"line":862},"37":{"name":"(anonymous_37)","decl":{"start":{"line":864,"column":57},"end":{"line":864,"column":58}},"loc":{"start":{"line":865,"column":20},"end":{"line":867,"column":31}},"line":865},"38":{"name":"(anonymous_38)","decl":{"start":{"line":881,"column":26},"end":{"line":881,"column":27}},"loc":{"start":{"line":881,"column":33},"end":{"line":881,"column":91}},"line":881},"39":{"name":"(anonymous_39)","decl":{"start":{"line":889,"column":26},"end":{"line":889,"column":27}},"loc":{"start":{"line":889,"column":33},"end":{"line":889,"column":89}},"line":889},"40":{"name":"(anonymous_40)","decl":{"start":{"line":897,"column":26},"end":{"line":897,"column":27}},"loc":{"start":{"line":897,"column":33},"end":{"line":897,"column":87}},"line":897},"41":{"name":"(anonymous_41)","decl":{"start":{"line":905,"column":26},"end":{"line":905,"column":27}},"loc":{"start":{"line":905,"column":33},"end":{"line":905,"column":84}},"line":905},"42":{"name":"(anonymous_42)","decl":{"start":{"line":913,"column":26},"end":{"line":913,"column":27}},"loc":{"start":{"line":913,"column":33},"end":{"line":913,"column":90}},"line":913},"43":{"name":"(anonymous_43)","decl":{"start":{"line":921,"column":26},"end":{"line":921,"column":27}},"loc":{"start":{"line":921,"column":33},"end":{"line":921,"column":86}},"line":921},"44":{"name":"(anonymous_44)","decl":{"start":{"line":931,"column":26},"end":{"line":931,"column":27}},"loc":{"start":{"line":931,"column":33},"end":{"line":931,"column":92}},"line":931},"45":{"name":"(anonymous_45)","decl":{"start":{"line":939,"column":30},"end":{"line":939,"column":31}},"loc":{"start":{"line":939,"column":37},"end":{"line":939,"column":94}},"line":939},"46":{"name":"(anonymous_46)","decl":{"start":{"line":948,"column":30},"end":{"line":948,"column":31}},"loc":{"start":{"line":948,"column":37},"end":{"line":948,"column":93}},"line":948},"47":{"name":"(anonymous_47)","decl":{"start":{"line":957,"column":30},"end":{"line":957,"column":31}},"loc":{"start":{"line":957,"column":37},"end":{"line":957,"column":97}},"line":957},"48":{"name":"(anonymous_48)","decl":{"start":{"line":966,"column":27},"end":{"line":966,"column":28}},"loc":{"start":{"line":966,"column":33},"end":{"line":966,"column":57}},"line":966},"49":{"name":"(anonymous_49)","decl":{"start":{"line":978,"column":45},"end":{"line":978,"column":46}},"loc":{"start":{"line":978,"column":51},"end":{"line":978,"column":75}},"line":978},"50":{"name":"(anonymous_50)","decl":{"start":{"line":989,"column":26},"end":{"line":989,"column":27}},"loc":{"start":{"line":989,"column":33},"end":{"line":989,"column":83}},"line":989},"51":{"name":"(anonymous_51)","decl":{"start":{"line":1000,"column":26},"end":{"line":1000,"column":27}},"loc":{"start":{"line":1000,"column":33},"end":{"line":1000,"column":90}},"line":1000},"52":{"name":"(anonymous_52)","decl":{"start":{"line":1013,"column":46},"end":{"line":1013,"column":47}},"loc":{"start":{"line":1014,"column":22},"end":{"line":1036,"column":29}},"line":1014},"53":{"name":"(anonymous_53)","decl":{"start":{"line":1019,"column":40},"end":{"line":1019,"column":41}},"loc":{"start":{"line":1019,"column":47},"end":{"line":1031,"column":31}},"line":1019},"54":{"name":"(anonymous_54)","decl":{"start":{"line":1028,"column":77},"end":{"line":1028,"column":78}},"loc":{"start":{"line":1028,"column":82},"end":{"line":1028,"column":98}},"line":1028},"55":{"name":"(anonymous_55)","decl":{"start":{"line":1045,"column":27},"end":{"line":1045,"column":28}},"loc":{"start":{"line":1045,"column":33},"end":{"line":1045,"column":57}},"line":1045},"56":{"name":"(anonymous_56)","decl":{"start":{"line":1057,"column":60},"end":{"line":1057,"column":61}},"loc":{"start":{"line":1057,"column":71},"end":{"line":1057,"column":94}},"line":1057},"57":{"name":"(anonymous_57)","decl":{"start":{"line":1065,"column":17},"end":{"line":1065,"column":18}},"loc":{"start":{"line":1065,"column":23},"end":{"line":1065,"column":64}},"line":1065},"58":{"name":"(anonymous_58)","decl":{"start":{"line":1068,"column":19},"end":{"line":1068,"column":20}},"loc":{"start":{"line":1068,"column":25},"end":{"line":1068,"column":66}},"line":1068}},"branchMap":{"0":{"loc":{"start":{"line":141,"column":7},"end":{"line":145,"column":7}},"type":"binary-expr","locations":[{"start":{"line":141,"column":7},"end":{"line":141,"column":22}},{"start":{"line":142,"column":8},"end":{"line":144,"column":14}}],"line":141},"1":{"loc":{"start":{"line":219,"column":41},"end":{"line":219,"column":100}},"type":"default-arg","locations":[{"start":{"line":219,"column":94},"end":{"line":219,"column":100}}],"line":219},"2":{"loc":{"start":{"line":233,"column":15},"end":{"line":233,"column":92}},"type":"cond-expr","locations":[{"start":{"line":233,"column":46},"end":{"line":233,"column":59}},{"start":{"line":233,"column":63},"end":{"line":233,"column":91}}],"line":233},"3":{"loc":{"start":{"line":233,"column":63},"end":{"line":233,"column":91}},"type":"binary-expr","locations":[{"start":{"line":233,"column":63},"end":{"line":233,"column":85}},{"start":{"line":233,"column":89},"end":{"line":233,"column":91}}],"line":233},"4":{"loc":{"start":{"line":234,"column":15},"end":{"line":234,"column":92}},"type":"cond-expr","locations":[{"start":{"line":234,"column":46},"end":{"line":234,"column":59}},{"start":{"line":234,"column":63},"end":{"line":234,"column":91}}],"line":234},"5":{"loc":{"start":{"line":234,"column":63},"end":{"line":234,"column":91}},"type":"binary-expr","locations":[{"start":{"line":234,"column":63},"end":{"line":234,"column":85}},{"start":{"line":234,"column":89},"end":{"line":234,"column":91}}],"line":234},"6":{"loc":{"start":{"line":235,"column":19},"end":{"line":235,"column":96}},"type":"cond-expr","locations":[{"start":{"line":235,"column":50},"end":{"line":235,"column":63}},{"start":{"line":235,"column":67},"end":{"line":235,"column":95}}],"line":235},"7":{"loc":{"start":{"line":235,"column":67},"end":{"line":235,"column":95}},"type":"binary-expr","locations":[{"start":{"line":235,"column":67},"end":{"line":235,"column":89}},{"start":{"line":235,"column":93},"end":{"line":235,"column":95}}],"line":235},"8":{"loc":{"start":{"line":301,"column":4},"end":{"line":301,"column":30}},"type":"if","locations":[{"start":{"line":301,"column":4},"end":{"line":301,"column":30}},{"start":{},"end":{}}],"line":301},"9":{"loc":{"start":{"line":353,"column":4},"end":{"line":353,"column":78}},"type":"if","locations":[{"start":{"line":353,"column":4},"end":{"line":353,"column":78}},{"start":{},"end":{}}],"line":353},"10":{"loc":{"start":{"line":376,"column":27},"end":{"line":376,"column":66}},"type":"cond-expr","locations":[{"start":{"line":376,"column":39},"end":{"line":376,"column":50}},{"start":{"line":376,"column":53},"end":{"line":376,"column":66}}],"line":376},"11":{"loc":{"start":{"line":405,"column":4},"end":{"line":405,"column":30}},"type":"if","locations":[{"start":{"line":405,"column":4},"end":{"line":405,"column":30}},{"start":{},"end":{}}],"line":405},"12":{"loc":{"start":{"line":429,"column":4},"end":{"line":429,"column":78}},"type":"if","locations":[{"start":{"line":429,"column":4},"end":{"line":429,"column":78}},{"start":{},"end":{}}],"line":429},"13":{"loc":{"start":{"line":474,"column":4},"end":{"line":497,"column":5}},"type":"if","locations":[{"start":{"line":474,"column":4},"end":{"line":497,"column":5}},{"start":{"line":494,"column":11},"end":{"line":497,"column":5}}],"line":474},"14":{"loc":{"start":{"line":483,"column":22},"end":{"line":483,"column":45}},"type":"binary-expr","locations":[{"start":{"line":483,"column":22},"end":{"line":483,"column":39}},{"start":{"line":483,"column":43},"end":{"line":483,"column":45}}],"line":483},"15":{"loc":{"start":{"line":484,"column":20},"end":{"line":484,"column":41}},"type":"binary-expr","locations":[{"start":{"line":484,"column":20},"end":{"line":484,"column":35}},{"start":{"line":484,"column":39},"end":{"line":484,"column":41}}],"line":484},"16":{"loc":{"start":{"line":485,"column":18},"end":{"line":485,"column":37}},"type":"binary-expr","locations":[{"start":{"line":485,"column":18},"end":{"line":485,"column":31}},{"start":{"line":485,"column":35},"end":{"line":485,"column":37}}],"line":485},"17":{"loc":{"start":{"line":486,"column":15},"end":{"line":486,"column":31}},"type":"binary-expr","locations":[{"start":{"line":486,"column":15},"end":{"line":486,"column":25}},{"start":{"line":486,"column":29},"end":{"line":486,"column":31}}],"line":486},"18":{"loc":{"start":{"line":487,"column":23},"end":{"line":487,"column":47}},"type":"binary-expr","locations":[{"start":{"line":487,"column":23},"end":{"line":487,"column":41}},{"start":{"line":487,"column":45},"end":{"line":487,"column":47}}],"line":487},"19":{"loc":{"start":{"line":488,"column":21},"end":{"line":488,"column":43}},"type":"binary-expr","locations":[{"start":{"line":488,"column":21},"end":{"line":488,"column":37}},{"start":{"line":488,"column":41},"end":{"line":488,"column":43}}],"line":488},"20":{"loc":{"start":{"line":489,"column":17},"end":{"line":489,"column":35}},"type":"binary-expr","locations":[{"start":{"line":489,"column":17},"end":{"line":489,"column":29}},{"start":{"line":489,"column":33},"end":{"line":489,"column":35}}],"line":489},"21":{"loc":{"start":{"line":502,"column":4},"end":{"line":512,"column":5}},"type":"if","locations":[{"start":{"line":502,"column":4},"end":{"line":512,"column":5}},{"start":{"line":509,"column":11},"end":{"line":512,"column":5}}],"line":502},"22":{"loc":{"start":{"line":517,"column":4},"end":{"line":524,"column":5}},"type":"switch","locations":[{"start":{"line":518,"column":6},"end":{"line":518,"column":35}},{"start":{"line":519,"column":6},"end":{"line":519,"column":45}},{"start":{"line":520,"column":6},"end":{"line":520,"column":42}},{"start":{"line":521,"column":6},"end":{"line":521,"column":46}},{"start":{"line":522,"column":6},"end":{"line":522,"column":38}},{"start":{"line":523,"column":6},"end":{"line":523,"column":32}}],"line":517},"23":{"loc":{"start":{"line":528,"column":4},"end":{"line":535,"column":5}},"type":"switch","locations":[{"start":{"line":529,"column":6},"end":{"line":529,"column":36}},{"start":{"line":530,"column":6},"end":{"line":530,"column":37}},{"start":{"line":531,"column":6},"end":{"line":531,"column":39}},{"start":{"line":532,"column":6},"end":{"line":532,"column":36}},{"start":{"line":533,"column":6},"end":{"line":533,"column":41}},{"start":{"line":534,"column":6},"end":{"line":534,"column":37}}],"line":528},"24":{"loc":{"start":{"line":592,"column":15},"end":{"line":654,"column":15}},"type":"cond-expr","locations":[{"start":{"line":592,"column":43},"end":{"line":646,"column":16}},{"start":{"line":647,"column":16},"end":{"line":653,"column":27}}],"line":592},"25":{"loc":{"start":{"line":592,"column":15},"end":{"line":592,"column":40}},"type":"binary-expr","locations":[{"start":{"line":592,"column":15},"end":{"line":592,"column":20}},{"start":{"line":592,"column":24},"end":{"line":592,"column":40}}],"line":592},"26":{"loc":{"start":{"line":597,"column":23},"end":{"line":599,"column":23}},"type":"binary-expr","locations":[{"start":{"line":597,"column":23},"end":{"line":597,"column":52}},{"start":{"line":598,"column":24},"end":{"line":598,"column":73}}],"line":597},"27":{"loc":{"start":{"line":600,"column":23},"end":{"line":602,"column":23}},"type":"binary-expr","locations":[{"start":{"line":600,"column":23},"end":{"line":600,"column":48}},{"start":{"line":601,"column":24},"end":{"line":601,"column":75}}],"line":600},"28":{"loc":{"start":{"line":625,"column":21},"end":{"line":627,"column":31}},"type":"cond-expr","locations":[{"start":{"line":626,"column":24},"end":{"line":626,"column":91}},{"start":{"line":627,"column":24},"end":{"line":627,"column":31}}],"line":625},"29":{"loc":{"start":{"line":650,"column":39},"end":{"line":650,"column":124}},"type":"cond-expr","locations":[{"start":{"line":650,"column":49},"end":{"line":650,"column":61}},{"start":{"line":650,"column":64},"end":{"line":650,"column":124}}],"line":650},"30":{"loc":{"start":{"line":677,"column":11},"end":{"line":735,"column":11}},"type":"cond-expr","locations":[{"start":{"line":677,"column":39},"end":{"line":725,"column":12}},{"start":{"line":726,"column":12},"end":{"line":734,"column":19}}],"line":677},"31":{"loc":{"start":{"line":677,"column":11},"end":{"line":677,"column":36}},"type":"binary-expr","locations":[{"start":{"line":677,"column":11},"end":{"line":677,"column":16}},{"start":{"line":677,"column":20},"end":{"line":677,"column":36}}],"line":677},"32":{"loc":{"start":{"line":730,"column":37},"end":{"line":730,"column":122}},"type":"cond-expr","locations":[{"start":{"line":730,"column":47},"end":{"line":730,"column":59}},{"start":{"line":730,"column":62},"end":{"line":730,"column":122}}],"line":730},"33":{"loc":{"start":{"line":759,"column":15},"end":{"line":796,"column":15}},"type":"cond-expr","locations":[{"start":{"line":759,"column":51},"end":{"line":788,"column":16}},{"start":{"line":789,"column":16},"end":{"line":795,"column":27}}],"line":759},"34":{"loc":{"start":{"line":759,"column":15},"end":{"line":759,"column":48}},"type":"binary-expr","locations":[{"start":{"line":759,"column":15},"end":{"line":759,"column":24}},{"start":{"line":759,"column":28},"end":{"line":759,"column":48}}],"line":759},"35":{"loc":{"start":{"line":777,"column":41},"end":{"line":777,"column":81}},"type":"binary-expr","locations":[{"start":{"line":777,"column":41},"end":{"line":777,"column":56}},{"start":{"line":777,"column":60},"end":{"line":777,"column":81}}],"line":777},"36":{"loc":{"start":{"line":792,"column":44},"end":{"line":792,"column":129}},"type":"cond-expr","locations":[{"start":{"line":792,"column":54},"end":{"line":792,"column":66}},{"start":{"line":792,"column":69},"end":{"line":792,"column":129}}],"line":792},"37":{"loc":{"start":{"line":805,"column":11},"end":{"line":805,"column":57}},"type":"cond-expr","locations":[{"start":{"line":805,"column":26},"end":{"line":805,"column":37}},{"start":{"line":805,"column":40},"end":{"line":805,"column":57}}],"line":805},"38":{"loc":{"start":{"line":844,"column":13},"end":{"line":855,"column":13}},"type":"binary-expr","locations":[{"start":{"line":844,"column":13},"end":{"line":844,"column":26}},{"start":{"line":845,"column":14},"end":{"line":854,"column":21}}],"line":844},"39":{"loc":{"start":{"line":864,"column":19},"end":{"line":872,"column":19}},"type":"cond-expr","locations":[{"start":{"line":864,"column":47},"end":{"line":868,"column":20}},{"start":{"line":869,"column":20},"end":{"line":871,"column":31}}],"line":864},"40":{"loc":{"start":{"line":864,"column":19},"end":{"line":864,"column":44}},"type":"binary-expr","locations":[{"start":{"line":864,"column":19},"end":{"line":864,"column":24}},{"start":{"line":864,"column":28},"end":{"line":864,"column":44}}],"line":864},"41":{"loc":{"start":{"line":968,"column":21},"end":{"line":968,"column":71}},"type":"cond-expr","locations":[{"start":{"line":968,"column":36},"end":{"line":968,"column":52}},{"start":{"line":968,"column":55},"end":{"line":968,"column":71}}],"line":968},"42":{"loc":{"start":{"line":972,"column":13},"end":{"line":972,"column":47}},"type":"cond-expr","locations":[{"start":{"line":972,"column":28},"end":{"line":972,"column":36}},{"start":{"line":972,"column":39},"end":{"line":972,"column":47}}],"line":972},"43":{"loc":{"start":{"line":980,"column":11},"end":{"line":980,"column":57}},"type":"cond-expr","locations":[{"start":{"line":980,"column":26},"end":{"line":980,"column":37}},{"start":{"line":980,"column":40},"end":{"line":980,"column":57}}],"line":980},"44":{"loc":{"start":{"line":1020,"column":32},"end":{"line":1030,"column":33}},"type":"if","locations":[{"start":{"line":1020,"column":32},"end":{"line":1030,"column":33}},{"start":{"line":1025,"column":39},"end":{"line":1030,"column":33}}],"line":1020},"45":{"loc":{"start":{"line":1047,"column":21},"end":{"line":1047,"column":71}},"type":"cond-expr","locations":[{"start":{"line":1047,"column":36},"end":{"line":1047,"column":52}},{"start":{"line":1047,"column":55},"end":{"line":1047,"column":71}}],"line":1047},"46":{"loc":{"start":{"line":1051,"column":13},"end":{"line":1051,"column":47}},"type":"cond-expr","locations":[{"start":{"line":1051,"column":28},"end":{"line":1051,"column":36}},{"start":{"line":1051,"column":39},"end":{"line":1051,"column":47}}],"line":1051}},"s":{"0":0,"1":0,"2":0,"3":0,"4":0,"5":0,"6":0,"7":0,"8":0,"9":0,"10":0,"11":0,"12":0,"13":0,"14":0,"15":0,"16":0,"17":0,"18":0,"19":0,"20":0,"21":0,"22":0,"23":0,"24":0,"25":0,"26":0,"27":0,"28":0,"29":0,"30":0,"31":0,"32":0,"33":0,"34":0,"35":0,"36":0,"37":0,"38":0,"39":0,"40":0,"41":0,"42":0,"43":0,"44":0,"45":0,"46":0,"47":0,"48":0,"49":0,"50":0,"51":0,"52":0,"53":0,"54":0,"55":0,"56":0,"57":0,"58":0,"59":0,"60":0,"61":0,"62":0,"63":0,"64":0,"65":0,"66":0,"67":0,"68":0,"69":0,"70":0,"71":0,"72":0,"73":0,"74":0,"75":0,"76":0,"77":0,"78":0,"79":0,"80":0,"81":0,"82":0,"83":0,"84":0,"85":0,"86":0,"87":0,"88":0,"89":0,"90":0,"91":0,"92":0,"93":0,"94":0,"95":0,"96":0,"97":0,"98":0,"99":0,"100":0,"101":0,"102":0,"103":0,"104":0,"105":0,"106":0,"107":0,"108":0,"109":0,"110":0,"111":0,"112":0,"113":0,"114":0,"115":0,"116":0,"117":0,"118":0,"119":0,"120":0,"121":0,"122":0,"123":0,"124":0,"125":0,"126":0,"127":0,"128":0,"129":0,"130":0,"131":0,"132":0,"133":0,"134":0,"135":0,"136":0,"137":0,"138":0,"139":0,"140":0,"141":0,"142":0,"143":0,"144":0,"145":0,"146":0,"147":0,"148":0,"149":0,"150":0,"151":0,"152":0,"153":0,"154":0,"155":0,"156":0,"157":0,"158":0,"159":0,"160":0,"161":0,"162":0,"163":0,"164":0,"165":0,"166":0,"167":0,"168":0,"169":0,"170":0,"171":0,"172":0,"173":0,"174":0,"175":0,"176":0,"177":0,"178":0,"179":0,"180":0,"181":0,"182":0,"183":0,"184":0,"185":0,"186":0,"187":0,"188":0,"189":0,"190":0,"191":0,"192":0,"193":0,"194":0,"195":0,"196":0,"197":0},"f":{"0":0,"1":0,"2":0,"3":0,"4":0,"5":0,"6":0,"7":0,"8":0,"9":0,"10":0,"11":0,"12":0,"13":0,"14":0,"15":0,"16":0,"17":0,"18":0,"19":0,"20":0,"21":0,"22":0,"23":0,"24":0,"25":0,"26":0,"27":0,"28":0,"29":0,"30":0,"31":0,"32":0,"33":0,"34":0,"35":0,"36":0,"37":0,"38":0,"39":0,"40":0,"41":0,"42":0,"43":0,"44":0,"45":0,"46":0,"47":0,"48":0,"49":0,"50":0,"51":0,"52":0,"53":0,"54":0,"55":0,"56":0,"57":0,"58":0},"b":{"0":[0,0],"1":[0],"2":[0,0],"3":[0,0],"4":[0,0],"5":[0,0],"6":[0,0],"7":[0,0],"8":[0,0],"9":[0,0],"10":[0,0],"11":[0,0],"12":[0,0],"13":[0,0],"14":[0,0],"15":[0,0],"16":[0,0],"17":[0,0],"18":[0,0],"19":[0,0],"20":[0,0],"21":[0,0],"22":[0,0,0,0,0,0],"23":[0,0,0,0,0,0],"24":[0,0],"25":[0,0],"26":[0,0],"27":[0,0],"28":[0,0],"29":[0,0],"30":[0,0],"31":[0,0],"32":[0,0],"33":[0,0],"34":[0,0],"35":[0,0],"36":[0,0],"37":[0,0],"38":[0,0],"39":[0,0],"40":[0,0],"41":[0,0],"42":[0,0],"43":[0,0],"44":[0,0],"45":[0,0],"46":[0,0]}}
}
