TN:
SF:src/App.tsx
FN:79,(anonymous_0)
FN:84,(anonymous_1)
FN:117,(anonymous_2)
FN:125,(anonymous_3)
FN:146,(anonymous_4)
FN:166,App
FNF:6
FNH:0
FNDA:0,(anonymous_0)
FNDA:0,(anonymous_1)
FNDA:0,(anonymous_2)
FNDA:0,(anonymous_3)
FNDA:0,(anonymous_4)
FNDA:0,App
DA:31,0
DA:79,0
DA:80,0
DA:82,0
DA:84,0
DA:117,0
DA:118,0
DA:121,0
DA:125,0
DA:126,0
DA:146,0
DA:147,0
DA:149,0
DA:150,0
DA:163,0
DA:167,0
LF:16
LH:0
BRDA:92,0,0,0
BRDA:92,0,1,0
BRDA:149,1,0,0
BRDA:149,1,1,0
BRDA:163,2,0,0
BRDA:163,2,1,0
BRF:6
BRH:0
end_of_record
TN:
SF:src/index.tsx
FNF:0
FNH:0
DA:5,0
DA:9,0
LF:2
LH:0
BRF:0
BRH:0
end_of_record
TN:
SF:src/components/Common/AccessibilityHelpers.tsx
FN:6,(anonymous_0)
FN:24,(anonymous_1)
FN:27,(anonymous_2)
FN:36,(anonymous_3)
FN:39,(anonymous_4)
FN:46,(anonymous_5)
FN:67,(anonymous_6)
FN:77,(anonymous_7)
FN:136,(anonymous_8)
FN:168,(anonymous_9)
FN:211,(anonymous_10)
FN:255,(anonymous_11)
FN:290,(anonymous_12)
FN:351,(anonymous_13)
FN:354,(anonymous_14)
FN:365,(anonymous_15)
FN:384,(anonymous_16)
FN:393,(anonymous_17)
FN:397,(anonymous_18)
FN:405,(anonymous_19)
FN:406,(anonymous_20)
FN:411,(anonymous_21)
FNF:22
FNH:0
FNDA:0,(anonymous_0)
FNDA:0,(anonymous_1)
FNDA:0,(anonymous_2)
FNDA:0,(anonymous_3)
FNDA:0,(anonymous_4)
FNDA:0,(anonymous_5)
FNDA:0,(anonymous_6)
FNDA:0,(anonymous_7)
FNDA:0,(anonymous_8)
FNDA:0,(anonymous_9)
FNDA:0,(anonymous_10)
FNDA:0,(anonymous_11)
FNDA:0,(anonymous_12)
FNDA:0,(anonymous_13)
FNDA:0,(anonymous_14)
FNDA:0,(anonymous_15)
FNDA:0,(anonymous_16)
FNDA:0,(anonymous_17)
FNDA:0,(anonymous_18)
FNDA:0,(anonymous_19)
FNDA:0,(anonymous_20)
FNDA:0,(anonymous_21)
DA:6,0
DA:7,0
DA:25,0
DA:28,0
DA:36,0
DA:37,0
DA:39,0
DA:40,0
DA:41,0
DA:42,0
DA:46,0
DA:47,0
DA:48,0
DA:52,0
DA:67,0
DA:77,0
DA:78,0
DA:80,0
DA:81,0
DA:82,0
DA:84,0
DA:86,0
DA:87,0
DA:88,0
DA:90,0
DA:92,0
DA:93,0
DA:94,0
DA:96,0
DA:98,0
DA:99,0
DA:100,0
DA:102,0
DA:104,0
DA:105,0
DA:106,0
DA:108,0
DA:110,0
DA:111,0
DA:112,0
DA:114,0
DA:116,0
DA:117,0
DA:118,0
DA:120,0
DA:124,0
DA:136,0
DA:137,0
DA:168,0
DA:179,0
DA:211,0
DA:220,0
DA:237,0
DA:238,0
DA:245,0
DA:255,0
DA:260,0
DA:290,0
DA:298,0
DA:299,0
DA:300,0
DA:302,0
DA:351,0
DA:352,0
DA:354,0
DA:355,0
DA:357,0
DA:358,0
DA:362,0
DA:363,0
DA:365,0
DA:366,0
DA:368,0
DA:369,0
DA:370,0
DA:371,0
DA:374,0
DA:375,0
DA:376,0
DA:381,0
DA:382,0
DA:384,0
DA:385,0
DA:389,0
DA:393,0
DA:394,0
DA:395,0
DA:397,0
DA:399,0
DA:400,0
DA:402,0
DA:403,0
DA:405,0
DA:406,0
DA:408,0
DA:409,0
DA:411,0
DA:412,0
DA:413,0
DA:417,0
LF:100
LH:0
BRDA:40,0,0,0
BRDA:40,0,1,0
BRDA:47,1,0,0
BRDA:47,1,1,0
BRDA:78,2,0,0
BRDA:78,2,1,0
BRDA:78,2,2,0
BRDA:78,2,3,0
BRDA:78,2,4,0
BRDA:78,2,5,0
BRDA:78,2,6,0
BRDA:80,3,0,0
BRDA:80,3,1,0
BRDA:86,4,0,0
BRDA:86,4,1,0
BRDA:92,5,0,0
BRDA:92,5,1,0
BRDA:98,6,0,0
BRDA:98,6,1,0
BRDA:104,7,0,0
BRDA:104,7,1,0
BRDA:110,8,0,0
BRDA:110,8,1,0
BRDA:116,9,0,0
BRDA:116,9,1,0
BRDA:173,10,0,0
BRDA:174,11,0,0
BRDA:175,12,0,0
BRDA:176,13,0,0
BRDA:183,14,0,0
BRDA:183,14,1,0
BRDA:197,15,0,0
BRDA:197,15,1,0
BRDA:216,16,0,0
BRDA:217,17,0,0
BRDA:237,18,0,0
BRDA:237,18,1,0
BRDA:257,19,0,0
BRDA:258,20,0,0
BRDA:295,21,0,0
BRDA:298,22,0,0
BRDA:298,22,1,0
BRDA:299,23,0,0
BRDA:299,23,1,0
BRDA:300,24,0,0
BRDA:300,24,1,0
BRDA:311,25,0,0
BRDA:311,25,1,0
BRDA:326,26,0,0
BRDA:326,26,1,0
BRDA:336,27,0,0
BRDA:336,27,1,0
BRDA:355,28,0,0
BRDA:355,28,1,0
BRDA:355,29,0,0
BRDA:355,29,1,0
BRDA:366,30,0,0
BRDA:366,30,1,0
BRDA:368,31,0,0
BRDA:368,31,1,0
BRDA:369,32,0,0
BRDA:369,32,1,0
BRDA:374,33,0,0
BRDA:374,33,1,0
BRDA:428,34,0,0
BRDA:428,34,1,0
BRDA:443,35,0,0
BRDA:443,35,1,0
BRF:68
BRH:0
end_of_record
TN:
SF:src/components/Common/LoadingComponents.tsx
FN:24,(anonymous_0)
FN:55,(anonymous_1)
FN:65,(anonymous_2)
FN:67,(anonymous_3)
FN:86,(anonymous_4)
FN:101,(anonymous_5)
FN:106,(anonymous_6)
FN:108,(anonymous_7)
FN:124,(anonymous_8)
FN:147,(anonymous_9)
FN:149,(anonymous_10)
FN:182,(anonymous_11)
FN:218,(anonymous_12)
FN:256,(anonymous_13)
FN:262,(anonymous_14)
FN:271,(anonymous_15)
FN:275,(anonymous_16)
FN:280,(anonymous_17)
FN:284,(anonymous_18)
FN:289,(anonymous_19)
FNF:20
FNH:20
FNDA:5,(anonymous_0)
FNDA:2,(anonymous_1)
FNDA:2,(anonymous_2)
FNDA:8,(anonymous_3)
FNDA:2,(anonymous_4)
FNDA:2,(anonymous_5)
FNDA:8,(anonymous_6)
FNDA:26,(anonymous_7)
FNDA:1,(anonymous_8)
FNDA:2,(anonymous_9)
FNDA:8,(anonymous_10)
FNDA:4,(anonymous_11)
FNDA:3,(anonymous_12)
FNDA:2,(anonymous_13)
FNDA:10,(anonymous_14)
FNDA:14,(anonymous_15)
FNDA:2,(anonymous_16)
FNDA:1,(anonymous_17)
FNDA:3,(anonymous_18)
FNDA:1,(anonymous_19)
DA:24,1
DA:31,5
DA:53,5
DA:54,1
DA:55,2
DA:61,4
DA:65,1
DA:66,2
DA:68,8
DA:86,1
DA:87,2
DA:101,1
DA:102,2
DA:107,8
DA:109,26
DA:124,1
DA:125,1
DA:147,1
DA:148,2
DA:150,8
DA:182,1
DA:187,4
DA:218,1
DA:224,3
DA:256,1
DA:261,2
DA:263,10
DA:271,1
DA:272,14
DA:273,14
DA:275,14
DA:276,2
DA:277,2
DA:280,14
DA:281,1
DA:284,14
DA:285,3
DA:286,3
DA:289,14
DA:290,1
DA:291,1
DA:294,14
LF:42
LH:42
BRDA:25,0,0,4
BRDA:27,1,0,4
BRDA:28,2,0,5
BRDA:38,3,0,1
BRDA:38,3,1,4
BRDA:42,4,0,5
BRDA:42,4,1,3
BRDA:45,5,0,5
BRDA:45,5,1,2
BRDA:53,6,0,1
BRDA:53,6,1,4
BRDA:86,7,0,1
BRDA:101,8,0,1
BRDA:101,9,0,1
BRDA:147,10,0,1
BRDA:185,11,0,2
BRDA:190,12,0,4
BRDA:190,12,1,2
BRDA:196,13,0,4
BRDA:196,13,1,2
BRDA:196,13,2,2
BRDA:203,14,0,2
BRDA:203,14,1,2
BRDA:222,15,0,3
BRDA:226,16,0,2
BRDA:226,16,1,1
BRDA:230,17,0,3
BRDA:230,17,1,2
BRDA:242,18,0,2
BRDA:242,18,1,1
BRDA:257,19,0,0
BRDA:258,20,0,1
BRDA:271,21,0,6
BRF:33
BRH:32
end_of_record
TN:
SF:src/components/Common/NotificationSystem.tsx
FN:50,(anonymous_0)
FN:63,(anonymous_1)
FN:69,(anonymous_2)
FN:73,(anonymous_3)
FN:81,(anonymous_4)
FN:89,(anonymous_5)
FN:97,(anonymous_6)
FN:98,(anonymous_7)
FN:98,(anonymous_8)
FN:101,(anonymous_9)
FN:105,(anonymous_10)
FN:114,(anonymous_11)
FN:124,(anonymous_12)
FN:134,(anonymous_13)
FN:143,(anonymous_14)
FN:180,(anonymous_15)
FN:189,(anonymous_16)
FN:216,(anonymous_17)
FN:249,(anonymous_18)
FN:259,(anonymous_19)
FN:264,(anonymous_20)
FN:271,(anonymous_21)
FN:276,(anonymous_22)
FNF:23
FNH:23
FNDA:52,(anonymous_0)
FNDA:48,(anonymous_1)
FNDA:24,(anonymous_2)
FNDA:24,(anonymous_3)
FNDA:24,(anonymous_4)
FNDA:16,(anonymous_5)
FNDA:17,(anonymous_6)
FNDA:12,(anonymous_7)
FNDA:14,(anonymous_8)
FNDA:1,(anonymous_9)
FNDA:11,(anonymous_10)
FNDA:6,(anonymous_11)
FNDA:5,(anonymous_12)
FNDA:2,(anonymous_13)
FNDA:32,(anonymous_14)
FNDA:48,(anonymous_15)
FNDA:32,(anonymous_16)
FNDA:1,(anonymous_17)
FNDA:10,(anonymous_18)
FNDA:1,(anonymous_19)
FNDA:1,(anonymous_20)
FNDA:1,(anonymous_21)
FNDA:1,(anonymous_22)
DA:48,1
DA:50,1
DA:51,52
DA:52,51
DA:53,4
DA:55,47
DA:63,1
DA:67,48
DA:69,48
DA:70,24
DA:73,48
DA:74,24
DA:75,24
DA:81,24
DA:82,24
DA:84,24
DA:88,24
DA:89,16
DA:90,16
DA:94,24
DA:97,48
DA:98,17
DA:101,48
DA:102,1
DA:105,48
DA:106,11
DA:114,48
DA:115,6
DA:124,48
DA:125,5
DA:134,48
DA:135,2
DA:143,48
DA:144,32
DA:146,15
DA:148,9
DA:150,6
DA:152,2
DA:154,0
DA:158,48
DA:169,48
DA:180,48
DA:190,32
DA:216,1
DA:249,1
DA:250,10
DA:252,10
DA:260,1
DA:261,1
DA:265,1
DA:272,1
DA:273,1
DA:277,1
LF:53
LH:52
BRDA:52,0,0,4
BRDA:52,0,1,47
BRDA:65,1,0,43
BRDA:88,2,0,16
BRDA:88,2,1,8
BRDA:88,3,0,24
BRDA:88,3,1,16
BRDA:88,3,2,16
BRDA:144,4,0,15
BRDA:144,4,1,9
BRDA:144,4,2,6
BRDA:144,4,3,2
BRDA:144,4,4,0
BRDA:202,5,0,32
BRDA:202,5,1,0
BRDA:232,6,0,32
BRDA:232,6,1,5
BRDA:259,7,0,1
BRDA:260,8,0,1
BRDA:260,8,1,1
BRDA:260,8,2,0
BRDA:264,9,0,0
BRDA:272,10,0,1
BRDA:272,10,1,0
BRF:24
BRH:19
end_of_record
TN:
SF:src/components/Common/index.ts
FNF:0
FNH:0
LF:0
LH:0
BRF:0
BRH:0
end_of_record
TN:
SF:src/components/Layout/Footer.tsx
FN:18,(anonymous_0)
FNF:1
FNH:0
FNDA:0,(anonymous_0)
DA:18,0
DA:19,0
DA:21,0
LF:3
LH:0
BRF:0
BRH:0
end_of_record
TN:
SF:src/components/Layout/Header.tsx
FN:24,(anonymous_0)
FN:38,(anonymous_1)
FN:70,(anonymous_2)
FN:120,(anonymous_3)
FN:127,(anonymous_4)
FN:134,(anonymous_5)
FN:141,(anonymous_6)
FN:148,(anonymous_7)
FN:155,(anonymous_8)
FNF:9
FNH:0
FNDA:0,(anonymous_0)
FNDA:0,(anonymous_1)
FNDA:0,(anonymous_2)
FNDA:0,(anonymous_3)
FNDA:0,(anonymous_4)
FNDA:0,(anonymous_5)
FNDA:0,(anonymous_6)
FNDA:0,(anonymous_7)
FNDA:0,(anonymous_8)
DA:24,0
DA:30,0
DA:32,0
DA:34,0
DA:38,0
DA:47,0
DA:48,0
DA:50,0
DA:70,0
DA:120,0
DA:127,0
DA:134,0
DA:141,0
DA:148,0
DA:155,0
LF:15
LH:0
BRDA:25,0,0,0
BRDA:26,1,0,0
BRDA:34,2,0,0
BRDA:34,2,1,0
BRDA:47,3,0,0
BRDA:47,3,1,0
BRDA:48,4,0,0
BRDA:48,4,1,0
BRDA:54,5,0,0
BRDA:54,5,1,0
BRDA:54,5,2,0
BRDA:66,6,0,0
BRDA:66,6,1,0
BRDA:66,6,2,0
BRDA:107,7,0,0
BRDA:107,7,1,0
BRDA:116,8,0,0
BRDA:116,8,1,0
BRDA:121,9,0,0
BRDA:121,9,1,0
BRDA:128,10,0,0
BRDA:128,10,1,0
BRDA:135,11,0,0
BRDA:135,11,1,0
BRDA:142,12,0,0
BRDA:142,12,1,0
BRDA:149,13,0,0
BRDA:149,13,1,0
BRF:28
BRH:0
end_of_record
TN:
SF:src/components/Layout/Navbar.tsx
FN:31,(anonymous_0)
FN:48,(anonymous_1)
FN:56,(anonymous_2)
FN:57,(anonymous_3)
FN:60,(anonymous_4)
FN:64,(anonymous_5)
FN:68,(anonymous_6)
FN:73,(anonymous_7)
FN:78,(anonymous_8)
FN:87,(anonymous_9)
FN:95,(anonymous_10)
FNF:11
FNH:0
FNDA:0,(anonymous_0)
FNDA:0,(anonymous_1)
FNDA:0,(anonymous_2)
FNDA:0,(anonymous_3)
FNDA:0,(anonymous_4)
FNDA:0,(anonymous_5)
FNDA:0,(anonymous_6)
FNDA:0,(anonymous_7)
FNDA:0,(anonymous_8)
FNDA:0,(anonymous_9)
FNDA:0,(anonymous_10)
DA:31,0
DA:32,0
DA:33,0
DA:34,0
DA:37,0
DA:48,0
DA:49,0
DA:56,0
DA:57,0
DA:60,0
DA:61,0
DA:64,0
DA:65,0
DA:68,0
DA:69,0
DA:70,0
DA:73,0
DA:74,0
DA:75,0
DA:78,0
DA:79,0
DA:80,0
DA:82,0
DA:83,0
DA:84,0
DA:87,0
DA:88,0
DA:91,0
DA:92,0
DA:95,0
DA:96,0
DA:101,0
LF:32
LH:0
BRDA:110,0,0,0
BRDA:110,0,1,0
BRDA:125,1,0,0
BRDA:125,1,1,0
BRDA:165,2,0,0
BRDA:165,2,1,0
BRDA:182,3,0,0
BRDA:182,3,1,0
BRF:8
BRH:0
end_of_record
TN:
SF:src/components/Layout/Sidebar.tsx
FN:71,(anonymous_0)
FN:75,(anonymous_1)
FN:79,(anonymous_2)
FN:106,(anonymous_3)
FN:110,(anonymous_4)
FNF:5
FNH:0
FNDA:0,(anonymous_0)
FNDA:0,(anonymous_1)
FNDA:0,(anonymous_2)
FNDA:0,(anonymous_3)
FNDA:0,(anonymous_4)
DA:23,0
DA:36,0
DA:71,0
DA:72,0
DA:73,0
DA:75,0
DA:76,0
DA:79,0
DA:80,0
DA:81,0
DA:83,0
DA:86,0
DA:107,0
DA:110,0
LF:14
LH:0
BRDA:80,0,0,0
BRDA:80,0,1,0
BRDA:92,1,0,0
BRDA:92,1,1,0
BRDA:130,2,0,0
BRDA:130,2,1,0
BRDA:139,3,0,0
BRDA:139,3,1,0
BRDA:145,4,0,0
BRDA:145,4,1,0
BRF:10
BRH:0
end_of_record
TN:
SF:src/contexts/ApiContext.tsx
FN:142,(anonymous_0)
FN:159,(anonymous_1)
FN:167,(anonymous_2)
FN:175,(anonymous_3)
FN:179,(anonymous_4)
FN:202,(anonymous_5)
FN:212,(anonymous_6)
FN:217,(anonymous_7)
FN:223,(anonymous_8)
FN:237,(anonymous_9)
FN:243,(anonymous_10)
FN:257,(anonymous_11)
FN:262,(anonymous_12)
FN:271,(anonymous_13)
FN:276,(anonymous_14)
FN:281,(anonymous_15)
FN:286,(anonymous_16)
FN:291,(anonymous_17)
FN:297,(anonymous_18)
FN:302,(anonymous_19)
FN:330,(anonymous_20)
FNF:21
FNH:0
FNDA:0,(anonymous_0)
FNDA:0,(anonymous_1)
FNDA:0,(anonymous_2)
FNDA:0,(anonymous_3)
FNDA:0,(anonymous_4)
FNDA:0,(anonymous_5)
FNDA:0,(anonymous_6)
FNDA:0,(anonymous_7)
FNDA:0,(anonymous_8)
FNDA:0,(anonymous_9)
FNDA:0,(anonymous_10)
FNDA:0,(anonymous_11)
FNDA:0,(anonymous_12)
FNDA:0,(anonymous_13)
FNDA:0,(anonymous_14)
FNDA:0,(anonymous_15)
FNDA:0,(anonymous_16)
FNDA:0,(anonymous_17)
FNDA:0,(anonymous_18)
FNDA:0,(anonymous_19)
FNDA:0,(anonymous_20)
DA:139,0
DA:142,0
DA:144,0
DA:146,0
DA:158,0
DA:161,0
DA:162,0
DA:163,0
DA:165,0
DA:168,0
DA:172,0
DA:175,0
DA:176,0
DA:179,0
DA:180,0
DA:181,0
DA:186,0
DA:187,0
DA:188,0
DA:189,0
DA:190,0
DA:191,0
DA:192,0
DA:193,0
DA:194,0
DA:195,0
DA:196,0
DA:197,0
DA:202,0
DA:203,0
DA:205,0
DA:206,0
DA:209,0
DA:212,0
DA:213,0
DA:214,0
DA:217,0
DA:218,0
DA:219,0
DA:223,0
DA:224,0
DA:225,0
DA:226,0
DA:227,0
DA:229,0
DA:231,0
DA:232,0
DA:234,0
DA:237,0
DA:238,0
DA:239,0
DA:243,0
DA:244,0
DA:245,0
DA:246,0
DA:247,0
DA:249,0
DA:251,0
DA:252,0
DA:254,0
DA:257,0
DA:258,0
DA:259,0
DA:262,0
DA:263,0
DA:268,0
DA:271,0
DA:272,0
DA:273,0
DA:276,0
DA:277,0
DA:278,0
DA:281,0
DA:282,0
DA:283,0
DA:286,0
DA:287,0
DA:288,0
DA:291,0
DA:292,0
DA:293,0
DA:297,0
DA:298,0
DA:299,0
DA:302,0
DA:303,0
DA:304,0
DA:307,0
DA:327,0
DA:330,0
DA:331,0
DA:332,0
DA:333,0
DA:335,0
LF:94
LH:0
BRDA:144,0,0,0
BRDA:144,0,1,0
BRDA:162,1,0,0
BRDA:162,1,1,0
BRDA:180,2,0,0
BRDA:180,2,1,0
BRDA:182,3,0,0
BRDA:182,3,1,0
BRDA:186,4,0,0
BRDA:186,4,1,0
BRDA:189,5,0,0
BRDA:189,5,1,0
BRDA:190,6,0,0
BRDA:190,6,1,0
BRDA:192,7,0,0
BRDA:192,7,1,0
BRDA:193,8,0,0
BRDA:193,8,1,0
BRDA:195,9,0,0
BRDA:195,9,1,0
BRDA:205,10,0,0
BRDA:205,10,1,0
BRDA:225,11,0,0
BRDA:225,11,1,0
BRDA:226,12,0,0
BRDA:226,12,1,0
BRDA:227,13,0,0
BRDA:227,13,1,0
BRDA:231,14,0,0
BRDA:231,14,1,0
BRDA:245,15,0,0
BRDA:245,15,1,0
BRDA:246,16,0,0
BRDA:246,16,1,0
BRDA:247,17,0,0
BRDA:247,17,1,0
BRDA:251,18,0,0
BRDA:251,18,1,0
BRDA:332,19,0,0
BRDA:332,19,1,0
BRF:40
BRH:0
end_of_record
TN:
SF:src/contexts/AuthContext.tsx
FN:22,(anonymous_0)
FN:40,(anonymous_1)
FN:47,(anonymous_2)
FN:53,(anonymous_3)
FN:57,(anonymous_4)
FN:71,(anonymous_5)
FN:84,(anonymous_6)
FN:124,(anonymous_7)
FN:150,(anonymous_8)
FNF:9
FNH:0
FNDA:0,(anonymous_0)
FNDA:0,(anonymous_1)
FNDA:0,(anonymous_2)
FNDA:0,(anonymous_3)
FNDA:0,(anonymous_4)
FNDA:0,(anonymous_5)
FNDA:0,(anonymous_6)
FNDA:0,(anonymous_7)
FNDA:0,(anonymous_8)
DA:20,0
DA:22,0
DA:23,0
DA:24,0
DA:26,0
DA:29,0
DA:30,0
DA:39,0
DA:41,0
DA:42,0
DA:43,0
DA:45,0
DA:48,0
DA:53,0
DA:54,0
DA:57,0
DA:58,0
DA:59,0
DA:60,0
DA:63,0
DA:64,0
DA:66,0
DA:69,0
DA:70,0
DA:71,0
DA:72,0
DA:76,0
DA:78,0
DA:79,0
DA:84,0
DA:85,0
DA:86,0
DA:87,0
DA:93,0
DA:94,0
DA:97,0
DA:98,0
DA:100,0
DA:104,0
DA:105,0
DA:106,0
DA:108,0
DA:110,0
DA:111,0
DA:112,0
DA:113,0
DA:114,0
DA:115,0
DA:116,0
DA:117,0
DA:120,0
DA:124,0
DA:125,0
DA:126,0
DA:127,0
DA:130,0
DA:132,0
DA:135,0
DA:139,0
DA:147,0
DA:150,0
DA:151,0
DA:152,0
DA:153,0
DA:155,0
LF:65
LH:0
BRDA:29,0,0,0
BRDA:29,0,1,0
BRDA:42,1,0,0
BRDA:42,1,1,0
BRDA:57,2,0,0
BRDA:69,3,0,0
BRDA:69,3,1,0
BRDA:69,4,0,0
BRDA:69,4,1,0
BRDA:69,4,2,0
BRDA:78,5,0,0
BRDA:78,5,1,0
BRDA:110,6,0,0
BRDA:110,6,1,0
BRDA:112,7,0,0
BRDA:112,7,1,0
BRDA:114,8,0,0
BRDA:114,8,1,0
BRDA:114,9,0,0
BRDA:114,9,1,0
BRDA:116,10,0,0
BRDA:116,10,1,0
BRDA:152,11,0,0
BRDA:152,11,1,0
BRF:24
BRH:0
end_of_record
TN:
SF:src/pages/About.tsx
FN:18,(anonymous_0)
FN:98,(anonymous_1)
FNF:2
FNH:0
FNDA:0,(anonymous_0)
FNDA:0,(anonymous_1)
DA:18,0
DA:19,0
DA:37,0
DA:99,0
LF:4
LH:0
BRF:0
BRH:0
end_of_record
TN:
SF:src/pages/Contact.tsx
FN:28,(anonymous_0)
FN:38,(anonymous_1)
FN:42,(anonymous_2)
FN:46,(anonymous_3)
FN:47,(anonymous_4)
FN:141,(anonymous_5)
FN:165,(anonymous_6)
FN:182,(anonymous_7)
FN:308,(anonymous_8)
FN:314,(anonymous_9)
FNF:10
FNH:0
FNDA:0,(anonymous_0)
FNDA:0,(anonymous_1)
FNDA:0,(anonymous_2)
FNDA:0,(anonymous_3)
FNDA:0,(anonymous_4)
FNDA:0,(anonymous_5)
FNDA:0,(anonymous_6)
FNDA:0,(anonymous_7)
FNDA:0,(anonymous_8)
FNDA:0,(anonymous_9)
DA:28,0
DA:29,0
DA:30,0
DA:36,0
DA:38,0
DA:39,0
DA:41,0
DA:42,0
DA:43,0
DA:46,0
DA:47,0
DA:53,0
DA:74,0
DA:80,0
DA:101,0
DA:142,0
DA:166,0
DA:183,0
DA:309,0
DA:314,0
LF:20
LH:0
BRDA:224,0,0,0
BRDA:224,0,1,0
BRF:2
BRH:0
end_of_record
TN:
SF:src/pages/Dashboard.tsx
FN:53,(anonymous_0)
FN:63,(anonymous_1)
FN:68,(anonymous_2)
FN:71,(anonymous_3)
FN:75,(anonymous_4)
FN:78,(anonymous_5)
FN:130,(anonymous_6)
FN:135,(anonymous_7)
FN:144,(anonymous_8)
FN:155,(anonymous_9)
FN:251,(anonymous_10)
FN:422,(anonymous_11)
FN:424,(anonymous_12)
FN:452,(anonymous_13)
FN:456,(anonymous_14)
FN:504,(anonymous_15)
FNF:16
FNH:0
FNDA:0,(anonymous_0)
FNDA:0,(anonymous_1)
FNDA:0,(anonymous_2)
FNDA:0,(anonymous_3)
FNDA:0,(anonymous_4)
FNDA:0,(anonymous_5)
FNDA:0,(anonymous_6)
FNDA:0,(anonymous_7)
FNDA:0,(anonymous_8)
FNDA:0,(anonymous_9)
FNDA:0,(anonymous_10)
FNDA:0,(anonymous_11)
FNDA:0,(anonymous_12)
FNDA:0,(anonymous_13)
FNDA:0,(anonymous_14)
FNDA:0,(anonymous_15)
DA:53,0
DA:54,0
DA:55,0
DA:56,0
DA:57,0
DA:59,0
DA:60,0
DA:61,0
DA:63,0
DA:64,0
DA:68,0
DA:69,0
DA:71,0
DA:72,0
DA:75,0
DA:78,0
DA:79,0
DA:80,0
DA:81,0
DA:84,0
DA:87,0
DA:88,0
DA:89,0
DA:90,0
DA:93,0
DA:94,0
DA:97,0
DA:99,0
DA:100,0
DA:101,0
DA:105,0
DA:106,0
DA:124,0
DA:125,0
DA:130,0
DA:131,0
DA:132,0
DA:135,0
DA:136,0
DA:137,0
DA:138,0
DA:140,0
DA:144,0
DA:145,0
DA:147,0
DA:149,0
DA:151,0
DA:155,0
DA:156,0
DA:158,0
DA:160,0
DA:162,0
DA:164,0
DA:166,0
DA:170,0
DA:171,0
DA:178,0
DA:179,0
DA:186,0
DA:187,0
DA:195,0
DA:201,0
DA:251,0
DA:422,0
DA:425,0
DA:453,0
DA:456,0
DA:504,0
LF:68
LH:0
BRDA:69,0,0,0
BRDA:69,0,1,0
BRDA:78,1,0,0
BRDA:80,2,0,0
BRDA:80,2,1,0
BRDA:87,3,0,0
BRDA:87,3,1,0
BRDA:89,4,0,0
BRDA:89,4,1,0
BRDA:89,5,0,0
BRDA:89,5,1,0
BRDA:99,6,0,0
BRDA:99,6,1,0
BRDA:105,7,0,0
BRDA:105,7,1,0
BRDA:124,8,0,0
BRDA:124,8,1,0
BRDA:137,9,0,0
BRDA:137,9,1,0
BRDA:145,10,0,0
BRDA:145,10,1,0
BRDA:145,10,2,0
BRDA:156,11,0,0
BRDA:156,11,1,0
BRDA:156,11,2,0
BRDA:156,11,3,0
BRDA:156,11,4,0
BRDA:170,12,0,0
BRDA:170,12,1,0
BRDA:178,13,0,0
BRDA:178,13,1,0
BRDA:186,14,0,0
BRDA:186,14,1,0
BRDA:205,15,0,0
BRDA:205,15,1,0
BRDA:206,16,0,0
BRDA:206,16,1,0
BRDA:207,17,0,0
BRDA:207,17,1,0
BRDA:221,18,0,0
BRDA:221,18,1,0
BRDA:238,19,0,0
BRDA:238,19,1,0
BRDA:240,20,0,0
BRDA:240,20,1,0
BRDA:244,21,0,0
BRDA:244,21,1,0
BRDA:289,22,0,0
BRDA:289,22,1,0
BRDA:291,23,0,0
BRDA:291,23,1,0
BRDA:322,24,0,0
BRDA:322,24,1,0
BRDA:324,25,0,0
BRDA:324,25,1,0
BRDA:355,26,0,0
BRDA:355,26,1,0
BRDA:357,27,0,0
BRDA:357,27,1,0
BRDA:388,28,0,0
BRDA:388,28,1,0
BRDA:390,29,0,0
BRDA:390,29,1,0
BRDA:411,30,0,0
BRDA:411,30,1,0
BRDA:450,31,0,0
BRDA:450,31,1,0
BRDA:483,32,0,0
BRDA:483,32,1,0
BRF:69
BRH:0
end_of_record
TN:
SF:src/pages/Documentation.tsx
FN:33,(anonymous_0)
FN:159,(anonymous_1)
FN:166,(anonymous_2)
FN:193,(anonymous_3)
FN:220,(anonymous_4)
FN:246,(anonymous_5)
FNF:6
FNH:0
FNDA:0,(anonymous_0)
FNDA:0,(anonymous_1)
FNDA:0,(anonymous_2)
FNDA:0,(anonymous_3)
FNDA:0,(anonymous_4)
FNDA:0,(anonymous_5)
DA:33,0
DA:34,0
DA:36,0
DA:84,0
DA:91,0
DA:114,0
DA:160,0
DA:167,0
DA:168,0
DA:170,0
DA:194,0
DA:221,0
DA:247,0
LF:13
LH:0
BRDA:165,0,0,0
BRDA:165,0,1,0
BRDA:167,1,0,0
BRDA:167,1,1,0
BRF:4
BRH:0
end_of_record
TN:
SF:src/pages/GetStarted.tsx
FN:28,(anonymous_0)
FN:142,(anonymous_1)
FN:155,(anonymous_2)
FN:176,(anonymous_3)
FN:214,(anonymous_4)
FN:242,(anonymous_5)
FN:262,(anonymous_6)
FNF:7
FNH:0
FNDA:0,(anonymous_0)
FNDA:0,(anonymous_1)
FNDA:0,(anonymous_2)
FNDA:0,(anonymous_3)
FNDA:0,(anonymous_4)
FNDA:0,(anonymous_5)
FNDA:0,(anonymous_6)
DA:28,0
DA:29,0
DA:31,0
DA:85,0
DA:94,0
DA:143,0
DA:155,0
DA:177,0
DA:215,0
DA:242,0
DA:262,0
LF:11
LH:0
BRF:0
BRH:0
end_of_record
TN:
SF:src/pages/JobDetails.tsx
FN:51,(anonymous_0)
FN:69,(anonymous_1)
FN:75,(anonymous_2)
FN:97,(anonymous_3)
FN:103,(anonymous_4)
FN:125,(anonymous_5)
FN:140,(anonymous_6)
FN:157,(anonymous_7)
FN:161,(anonymous_8)
FN:165,(anonymous_9)
FN:191,(anonymous_10)
FN:210,(anonymous_11)
FN:235,(anonymous_12)
FN:246,(anonymous_13)
FN:415,(anonymous_14)
FN:482,(anonymous_15)
FN:513,(anonymous_16)
FN:534,(anonymous_17)
FN:551,(anonymous_18)
FN:556,(anonymous_19)
FNF:20
FNH:0
FNDA:0,(anonymous_0)
FNDA:0,(anonymous_1)
FNDA:0,(anonymous_2)
FNDA:0,(anonymous_3)
FNDA:0,(anonymous_4)
FNDA:0,(anonymous_5)
FNDA:0,(anonymous_6)
FNDA:0,(anonymous_7)
FNDA:0,(anonymous_8)
FNDA:0,(anonymous_9)
FNDA:0,(anonymous_10)
FNDA:0,(anonymous_11)
FNDA:0,(anonymous_12)
FNDA:0,(anonymous_13)
FNDA:0,(anonymous_14)
FNDA:0,(anonymous_15)
FNDA:0,(anonymous_16)
FNDA:0,(anonymous_17)
FNDA:0,(anonymous_18)
FNDA:0,(anonymous_19)
DA:51,0
DA:52,0
DA:53,0
DA:54,0
DA:56,0
DA:57,0
DA:58,0
DA:59,0
DA:60,0
DA:61,0
DA:62,0
DA:64,0
DA:69,0
DA:70,0
DA:71,0
DA:75,0
DA:76,0
DA:78,0
DA:79,0
DA:80,0
DA:86,0
DA:87,0
DA:88,0
DA:90,0
DA:91,0
DA:93,0
DA:97,0
DA:98,0
DA:99,0
DA:100,0
DA:103,0
DA:104,0
DA:106,0
DA:107,0
DA:109,0
DA:110,0
DA:111,0
DA:112,0
DA:116,0
DA:117,0
DA:119,0
DA:121,0
DA:125,0
DA:126,0
DA:128,0
DA:129,0
DA:131,0
DA:133,0
DA:136,0
DA:140,0
DA:141,0
DA:143,0
DA:145,0
DA:147,0
DA:149,0
DA:151,0
DA:153,0
DA:157,0
DA:158,0
DA:161,0
DA:162,0
DA:165,0
DA:166,0
DA:168,0
DA:170,0
DA:172,0
DA:174,0
DA:178,0
DA:179,0
DA:186,0
DA:187,0
DA:191,0
DA:203,0
DA:210,0
DA:235,0
DA:246,0
DA:416,0
DA:483,0
DA:513,0
DA:534,0
DA:551,0
DA:556,0
LF:82
LH:0
BRDA:70,0,0,0
BRDA:70,0,1,0
BRDA:76,1,0,0
BRDA:76,1,1,0
BRDA:104,2,0,0
BRDA:104,2,1,0
BRDA:109,3,0,0
BRDA:109,3,1,0
BRDA:111,4,0,0
BRDA:111,4,1,0
BRDA:126,5,0,0
BRDA:126,5,1,0
BRDA:131,6,0,0
BRDA:131,6,1,0
BRDA:141,7,0,0
BRDA:141,7,1,0
BRDA:141,7,2,0
BRDA:141,7,3,0
BRDA:141,7,4,0
BRDA:141,7,5,0
BRDA:166,8,0,0
BRDA:166,8,1,0
BRDA:166,8,2,0
BRDA:166,8,3,0
BRDA:178,9,0,0
BRDA:178,9,1,0
BRDA:186,10,0,0
BRDA:186,10,1,0
BRDA:186,11,0,0
BRDA:186,11,1,0
BRDA:197,12,0,0
BRDA:197,12,1,0
BRDA:229,13,0,0
BRDA:229,13,1,0
BRDA:240,14,0,0
BRDA:240,14,1,0
BRDA:276,15,0,0
BRDA:276,15,1,0
BRDA:323,16,0,0
BRDA:323,16,1,0
BRDA:328,17,0,0
BRDA:328,17,1,0
BRDA:375,18,0,0
BRDA:375,18,1,0
BRDA:379,19,0,0
BRDA:379,19,1,0
BRDA:390,20,0,0
BRDA:390,20,1,0
BRDA:413,21,0,0
BRDA:413,21,1,0
BRDA:419,22,0,0
BRDA:419,22,1,0
BRDA:421,23,0,0
BRDA:421,23,1,0
BRDA:434,24,0,0
BRDA:434,24,1,0
BRDA:439,25,0,0
BRDA:439,25,1,0
BRDA:448,26,0,0
BRDA:448,26,1,0
BRDA:462,27,0,0
BRDA:462,27,1,0
BRDA:537,28,0,0
BRDA:537,28,1,0
BRDA:543,29,0,0
BRDA:543,29,1,0
BRDA:556,30,0,0
BRDA:556,30,1,0
BRDA:558,31,0,0
BRDA:558,31,1,0
BRDA:561,32,0,0
BRDA:561,32,1,0
BRF:72
BRH:0
end_of_record
TN:
SF:src/pages/Jobs.tsx
FN:52,(anonymous_0)
FN:75,(anonymous_1)
FN:79,(anonymous_2)
FN:83,(anonymous_3)
FN:100,(anonymous_4)
FN:113,(anonymous_5)
FN:133,(anonymous_6)
FN:150,(anonymous_7)
FN:161,(anonymous_8)
FN:165,(anonymous_9)
FN:169,(anonymous_10)
FN:191,(anonymous_11)
FN:205,(anonymous_12)
FN:222,(anonymous_13)
FN:234,(anonymous_14)
FN:252,(anonymous_15)
FN:255,(anonymous_16)
FN:298,(anonymous_17)
FN:306,(anonymous_18)
FN:370,(anonymous_19)
FN:381,(anonymous_20)
FN:400,(anonymous_21)
FN:425,(anonymous_22)
FN:442,(anonymous_23)
FN:447,(anonymous_24)
FNF:25
FNH:0
FNDA:0,(anonymous_0)
FNDA:0,(anonymous_1)
FNDA:0,(anonymous_2)
FNDA:0,(anonymous_3)
FNDA:0,(anonymous_4)
FNDA:0,(anonymous_5)
FNDA:0,(anonymous_6)
FNDA:0,(anonymous_7)
FNDA:0,(anonymous_8)
FNDA:0,(anonymous_9)
FNDA:0,(anonymous_10)
FNDA:0,(anonymous_11)
FNDA:0,(anonymous_12)
FNDA:0,(anonymous_13)
FNDA:0,(anonymous_14)
FNDA:0,(anonymous_15)
FNDA:0,(anonymous_16)
FNDA:0,(anonymous_17)
FNDA:0,(anonymous_18)
FNDA:0,(anonymous_19)
FNDA:0,(anonymous_20)
FNDA:0,(anonymous_21)
FNDA:0,(anonymous_22)
FNDA:0,(anonymous_23)
FNDA:0,(anonymous_24)
DA:52,0
DA:53,0
DA:54,0
DA:56,0
DA:57,0
DA:58,0
DA:59,0
DA:60,0
DA:63,0
DA:64,0
DA:65,0
DA:66,0
DA:69,0
DA:75,0
DA:76,0
DA:79,0
DA:80,0
DA:83,0
DA:84,0
DA:85,0
DA:86,0
DA:90,0
DA:91,0
DA:93,0
DA:94,0
DA:96,0
DA:100,0
DA:101,0
DA:102,0
DA:107,0
DA:109,0
DA:113,0
DA:114,0
DA:115,0
DA:117,0
DA:118,0
DA:119,0
DA:120,0
DA:124,0
DA:125,0
DA:127,0
DA:129,0
DA:133,0
DA:134,0
DA:136,0
DA:138,0
DA:140,0
DA:142,0
DA:144,0
DA:146,0
DA:150,0
DA:151,0
DA:153,0
DA:155,0
DA:157,0
DA:161,0
DA:162,0
DA:165,0
DA:166,0
DA:169,0
DA:170,0
DA:173,0
DA:174,0
DA:181,0
DA:191,0
DA:205,0
DA:222,0
DA:234,0
DA:252,0
DA:256,0
DA:298,0
DA:307,0
DA:370,0
DA:381,0
DA:400,0
DA:425,0
DA:442,0
DA:447,0
LF:78
LH:0
BRDA:103,0,0,0
BRDA:103,0,1,0
BRDA:104,1,0,0
BRDA:104,1,1,0
BRDA:105,2,0,0
BRDA:105,2,1,0
BRDA:117,3,0,0
BRDA:117,3,1,0
BRDA:119,4,0,0
BRDA:119,4,1,0
BRDA:134,5,0,0
BRDA:134,5,1,0
BRDA:134,5,2,0
BRDA:134,5,3,0
BRDA:134,5,4,0
BRDA:134,5,5,0
BRDA:151,6,0,0
BRDA:151,6,1,0
BRDA:151,6,2,0
BRDA:173,7,0,0
BRDA:173,7,1,0
BRDA:193,8,0,0
BRDA:193,8,1,0
BRDA:213,9,0,0
BRDA:213,9,1,0
BRDA:268,10,0,0
BRDA:268,10,1,0
BRDA:289,11,0,0
BRDA:289,11,1,0
BRDA:313,12,0,0
BRDA:313,12,1,0
BRDA:362,13,0,0
BRDA:362,13,1,0
BRDA:375,14,0,0
BRDA:375,14,1,0
BRDA:387,15,0,0
BRDA:387,15,1,0
BRDA:394,16,0,0
BRDA:394,16,1,0
BRDA:406,17,0,0
BRDA:406,17,1,0
BRDA:428,18,0,0
BRDA:428,18,1,0
BRDA:434,19,0,0
BRDA:434,19,1,0
BRDA:447,20,0,0
BRDA:447,20,1,0
BRDA:447,20,2,0
BRDA:451,21,0,0
BRDA:451,21,1,0
BRDA:454,22,0,0
BRDA:454,22,1,0
BRF:52
BRH:0
end_of_record
TN:
SF:src/pages/LandingPage.tsx
FN:70,(anonymous_0)
FN:82,(anonymous_1)
FN:84,(anonymous_2)
FN:92,(anonymous_3)
FN:110,(anonymous_4)
FN:114,(anonymous_5)
FN:118,(anonymous_6)
FN:123,(anonymous_7)
FN:170,(anonymous_8)
FN:171,(anonymous_9)
FN:172,(anonymous_10)
FN:173,(anonymous_11)
FN:174,(anonymous_12)
FN:175,(anonymous_13)
FN:180,(anonymous_14)
FN:181,(anonymous_15)
FN:182,(anonymous_16)
FN:183,(anonymous_17)
FN:184,(anonymous_18)
FN:187,(anonymous_19)
FN:265,(anonymous_20)
FN:278,(anonymous_21)
FN:419,(anonymous_22)
FN:438,(anonymous_23)
FN:457,(anonymous_24)
FN:476,(anonymous_25)
FNF:26
FNH:0
FNDA:0,(anonymous_0)
FNDA:0,(anonymous_1)
FNDA:0,(anonymous_2)
FNDA:0,(anonymous_3)
FNDA:0,(anonymous_4)
FNDA:0,(anonymous_5)
FNDA:0,(anonymous_6)
FNDA:0,(anonymous_7)
FNDA:0,(anonymous_8)
FNDA:0,(anonymous_9)
FNDA:0,(anonymous_10)
FNDA:0,(anonymous_11)
FNDA:0,(anonymous_12)
FNDA:0,(anonymous_13)
FNDA:0,(anonymous_14)
FNDA:0,(anonymous_15)
FNDA:0,(anonymous_16)
FNDA:0,(anonymous_17)
FNDA:0,(anonymous_18)
FNDA:0,(anonymous_19)
FNDA:0,(anonymous_20)
FNDA:0,(anonymous_21)
FNDA:0,(anonymous_22)
FNDA:0,(anonymous_23)
FNDA:0,(anonymous_24)
FNDA:0,(anonymous_25)
DA:70,0
DA:71,0
DA:72,0
DA:73,0
DA:74,0
DA:75,0
DA:80,0
DA:82,0
DA:84,0
DA:85,0
DA:86,0
DA:87,0
DA:89,0
DA:90,0
DA:92,0
DA:93,0
DA:94,0
DA:97,0
DA:103,0
DA:107,0
DA:110,0
DA:111,0
DA:114,0
DA:115,0
DA:118,0
DA:119,0
DA:120,0
DA:123,0
DA:124,0
DA:130,0
DA:133,0
DA:170,0
DA:171,0
DA:172,0
DA:173,0
DA:174,0
DA:175,0
DA:180,0
DA:181,0
DA:182,0
DA:183,0
DA:184,0
DA:187,0
DA:265,0
DA:278,0
DA:419,0
DA:438,0
DA:457,0
DA:476,0
LF:49
LH:0
BRDA:93,0,0,0
BRDA:93,0,1,0
BRDA:130,1,0,0
BRDA:130,1,1,0
BRDA:160,2,0,0
BRDA:160,2,1,0
BRF:6
BRH:0
end_of_record
TN:
SF:src/pages/Login.tsx
FN:21,(anonymous_0)
FN:42,(anonymous_1)
FN:50,(anonymous_2)
FN:51,(anonymous_3)
FN:55,(anonymous_4)
FN:64,(anonymous_5)
FN:70,(anonymous_6)
FN:151,(anonymous_7)
FN:166,(anonymous_8)
FN:194,(anonymous_9)
FNF:10
FNH:0
FNDA:0,(anonymous_0)
FNDA:0,(anonymous_1)
FNDA:0,(anonymous_2)
FNDA:0,(anonymous_3)
FNDA:0,(anonymous_4)
FNDA:0,(anonymous_5)
FNDA:0,(anonymous_6)
FNDA:0,(anonymous_7)
FNDA:0,(anonymous_8)
FNDA:0,(anonymous_9)
DA:21,0
DA:22,0
DA:23,0
DA:24,0
DA:25,0
DA:28,0
DA:37,0
DA:38,0
DA:39,0
DA:42,0
DA:43,0
DA:50,0
DA:51,0
DA:55,0
DA:56,0
DA:58,0
DA:59,0
DA:61,0
DA:64,0
DA:65,0
DA:70,0
DA:71,0
DA:72,0
DA:73,0
DA:76,0
DA:77,0
DA:78,0
DA:79,0
DA:82,0
DA:84,0
DA:85,0
DA:88,0
DA:89,0
DA:90,0
DA:92,0
DA:96,0
DA:151,0
DA:166,0
DA:194,0
LF:39
LH:0
BRDA:56,0,0,0
BRDA:56,0,1,0
BRDA:58,1,0,0
BRDA:58,1,1,0
BRDA:59,2,0,0
BRDA:59,2,1,0
BRDA:76,3,0,0
BRDA:76,3,1,0
BRDA:76,4,0,0
BRDA:76,4,1,0
BRDA:88,5,0,0
BRDA:88,5,1,0
BRDA:134,6,0,0
BRDA:134,6,1,0
BRDA:178,7,0,0
BRDA:178,7,1,0
BRDA:193,8,0,0
BRDA:193,8,1,0
BRDA:207,9,0,0
BRDA:207,9,1,0
BRDA:224,10,0,0
BRDA:224,10,1,0
BRDA:225,11,0,0
BRDA:225,11,1,0
BRF:24
BRH:0
end_of_record
TN:
SF:src/pages/NewJob.tsx
FN:59,(anonymous_0)
FN:110,(anonymous_1)
FN:114,(anonymous_2)
FN:122,(anonymous_3)
FN:135,(anonymous_4)
FN:140,(anonymous_5)
FN:149,(anonymous_6)
FN:157,(anonymous_7)
FN:166,(anonymous_8)
FN:168,(anonymous_9)
FN:170,(anonymous_10)
FN:175,(anonymous_11)
FN:192,(anonymous_12)
FN:202,(anonymous_13)
FN:203,(anonymous_14)
FN:205,(anonymous_15)
FN:210,(anonymous_16)
FN:212,(anonymous_17)
FN:217,(anonymous_18)
FN:222,(anonymous_19)
FN:238,(anonymous_20)
FN:239,(anonymous_21)
FN:242,(anonymous_22)
FN:243,(anonymous_23)
FN:246,(anonymous_24)
FN:258,(anonymous_25)
FN:292,(anonymous_26)
FN:308,(anonymous_27)
FN:379,(anonymous_28)
FN:393,(anonymous_29)
FN:400,(anonymous_30)
FN:457,(anonymous_31)
FN:457,(anonymous_32)
FN:467,(anonymous_33)
FN:467,(anonymous_34)
FN:482,(anonymous_35)
FN:482,(anonymous_36)
FN:491,(anonymous_37)
FN:491,(anonymous_38)
FN:503,(anonymous_39)
FN:503,(anonymous_40)
FN:512,(anonymous_41)
FN:512,(anonymous_42)
FN:552,(anonymous_43)
FN:606,(anonymous_44)
FN:660,(anonymous_45)
FN:672,(anonymous_46)
FN:719,(anonymous_47)
FN:724,(anonymous_48)
FN:761,(anonymous_49)
FN:783,(anonymous_50)
FN:805,(anonymous_51)
FNF:52
FNH:0
FNDA:0,(anonymous_0)
FNDA:0,(anonymous_1)
FNDA:0,(anonymous_2)
FNDA:0,(anonymous_3)
FNDA:0,(anonymous_4)
FNDA:0,(anonymous_5)
FNDA:0,(anonymous_6)
FNDA:0,(anonymous_7)
FNDA:0,(anonymous_8)
FNDA:0,(anonymous_9)
FNDA:0,(anonymous_10)
FNDA:0,(anonymous_11)
FNDA:0,(anonymous_12)
FNDA:0,(anonymous_13)
FNDA:0,(anonymous_14)
FNDA:0,(anonymous_15)
FNDA:0,(anonymous_16)
FNDA:0,(anonymous_17)
FNDA:0,(anonymous_18)
FNDA:0,(anonymous_19)
FNDA:0,(anonymous_20)
FNDA:0,(anonymous_21)
FNDA:0,(anonymous_22)
FNDA:0,(anonymous_23)
FNDA:0,(anonymous_24)
FNDA:0,(anonymous_25)
FNDA:0,(anonymous_26)
FNDA:0,(anonymous_27)
FNDA:0,(anonymous_28)
FNDA:0,(anonymous_29)
FNDA:0,(anonymous_30)
FNDA:0,(anonymous_31)
FNDA:0,(anonymous_32)
FNDA:0,(anonymous_33)
FNDA:0,(anonymous_34)
FNDA:0,(anonymous_35)
FNDA:0,(anonymous_36)
FNDA:0,(anonymous_37)
FNDA:0,(anonymous_38)
FNDA:0,(anonymous_39)
FNDA:0,(anonymous_40)
FNDA:0,(anonymous_41)
FNDA:0,(anonymous_42)
FNDA:0,(anonymous_43)
FNDA:0,(anonymous_44)
FNDA:0,(anonymous_45)
FNDA:0,(anonymous_46)
FNDA:0,(anonymous_47)
FNDA:0,(anonymous_48)
FNDA:0,(anonymous_49)
FNDA:0,(anonymous_50)
FNDA:0,(anonymous_51)
DA:57,0
DA:59,0
DA:60,0
DA:61,0
DA:64,0
DA:65,0
DA:66,0
DA:67,0
DA:68,0
DA:69,0
DA:91,0
DA:92,0
DA:103,0
DA:104,0
DA:105,0
DA:106,0
DA:107,0
DA:108,0
DA:110,0
DA:111,0
DA:114,0
DA:116,0
DA:117,0
DA:118,0
DA:122,0
DA:123,0
DA:124,0
DA:125,0
DA:126,0
DA:128,0
DA:129,0
DA:131,0
DA:135,0
DA:136,0
DA:137,0
DA:138,0
DA:139,0
DA:140,0
DA:145,0
DA:149,0
DA:150,0
DA:151,0
DA:152,0
DA:153,0
DA:154,0
DA:157,0
DA:158,0
DA:159,0
DA:160,0
DA:161,0
DA:162,0
DA:163,0
DA:166,0
DA:167,0
DA:168,0
DA:169,0
DA:170,0
DA:172,0
DA:174,0
DA:175,0
DA:178,0
DA:179,0
DA:180,0
DA:183,0
DA:192,0
DA:197,0
DA:202,0
DA:203,0
DA:205,0
DA:210,0
DA:211,0
DA:212,0
DA:217,0
DA:218,0
DA:219,0
DA:220,0
DA:221,0
DA:222,0
DA:227,0
DA:238,0
DA:239,0
DA:242,0
DA:243,0
DA:246,0
DA:247,0
DA:248,0
DA:249,0
DA:252,0
DA:253,0
DA:254,0
DA:256,0
DA:258,0
DA:259,0
DA:260,0
DA:261,0
DA:262,0
DA:263,0
DA:264,0
DA:265,0
DA:266,0
DA:267,0
DA:268,0
DA:271,0
DA:272,0
DA:275,0
DA:278,0
DA:281,0
DA:282,0
DA:285,0
DA:286,0
DA:288,0
DA:292,0
DA:293,0
DA:295,0
DA:298,0
DA:300,0
DA:302,0
DA:308,0
DA:309,0
DA:311,0
DA:358,0
DA:380,0
DA:393,0
DA:400,0
DA:444,0
DA:457,0
DA:467,0
DA:482,0
DA:491,0
DA:503,0
DA:512,0
DA:524,0
DA:553,0
DA:595,0
DA:599,0
DA:607,0
DA:661,0
DA:673,0
DA:674,0
DA:675,0
DA:720,0
DA:721,0
DA:725,0
DA:726,0
DA:761,0
DA:783,0
DA:805,0
LF:147
LH:0
BRDA:116,0,0,0
BRDA:116,0,1,0
BRDA:167,1,0,0
BRDA:167,1,1,0
BRDA:167,2,0,0
BRDA:167,2,1,0
BRDA:167,2,2,0
BRDA:169,3,0,0
BRDA:169,3,1,0
BRDA:172,4,0,0
BRDA:172,4,1,0
BRDA:172,5,0,0
BRDA:172,5,1,0
BRDA:175,6,0,0
BRDA:175,6,1,0
BRDA:178,7,0,0
BRDA:178,7,1,0
BRDA:189,8,0,0
BRDA:189,8,1,0
BRDA:212,9,0,0
BRDA:212,9,1,0
BRDA:218,10,0,0
BRDA:218,10,1,0
BRDA:220,11,0,0
BRDA:220,11,1,0
BRDA:247,12,0,0
BRDA:247,12,1,0
BRDA:271,13,0,0
BRDA:271,13,1,0
BRDA:281,14,0,0
BRDA:281,14,1,0
BRDA:293,15,0,0
BRDA:293,15,1,0
BRDA:293,15,2,0
BRDA:293,15,3,0
BRDA:309,16,0,0
BRDA:309,16,1,0
BRDA:309,16,2,0
BRDA:309,16,3,0
BRDA:309,16,4,0
BRDA:322,17,0,0
BRDA:322,17,1,0
BRDA:323,18,0,0
BRDA:323,18,1,0
BRDA:334,19,0,0
BRDA:334,19,1,0
BRDA:344,20,0,0
BRDA:344,20,1,0
BRDA:369,21,0,0
BRDA:369,21,1,0
BRDA:400,22,0,0
BRDA:400,22,1,0
BRDA:415,23,0,0
BRDA:415,23,1,0
BRDA:538,24,0,0
BRDA:538,24,1,0
BRDA:550,25,0,0
BRDA:550,25,1,0
BRDA:572,26,0,0
BRDA:572,26,1,0
BRDA:575,27,0,0
BRDA:575,27,1,0
BRDA:576,28,0,0
BRDA:576,28,1,0
BRDA:585,29,0,0
BRDA:585,29,1,0
BRDA:624,30,0,0
BRDA:624,30,1,0
BRDA:628,31,0,0
BRDA:628,31,1,0
BRDA:629,32,0,0
BRDA:629,32,1,0
BRDA:631,33,0,0
BRDA:631,33,1,0
BRDA:665,34,0,0
BRDA:665,34,1,0
BRDA:666,35,0,0
BRDA:666,35,1,0
BRDA:680,36,0,0
BRDA:680,36,1,0
BRDA:709,37,0,0
BRDA:709,37,1,0
BRDA:724,38,0,0
BRDA:724,38,1,0
BRDA:735,39,0,0
BRDA:735,39,1,0
BRDA:745,40,0,0
BRDA:745,40,1,0
BRDA:746,41,0,0
BRDA:746,41,1,0
BRDA:747,42,0,0
BRDA:747,42,1,0
BRDA:815,43,0,0
BRDA:815,43,1,0
BRDA:827,44,0,0
BRDA:827,44,1,0
BRDA:827,44,2,0
BRF:97
BRH:0
end_of_record
TN:
SF:src/pages/Profile.tsx
FN:17,(anonymous_0)
FNF:1
FNH:0
FNDA:0,(anonymous_0)
DA:17,0
DA:18,0
DA:20,0
DA:21,0
DA:28,0
LF:5
LH:0
BRDA:20,0,0,0
BRDA:20,0,1,0
BRDA:48,1,0,0
BRDA:48,1,1,0
BRDA:84,2,0,0
BRDA:84,2,1,0
BRDA:91,3,0,0
BRDA:91,3,1,0
BRDA:98,4,0,0
BRDA:98,4,1,0
BRF:10
BRH:0
end_of_record
TN:
SF:src/pages/Results.tsx
FN:41,(anonymous_0)
FN:53,(anonymous_1)
FN:57,(anonymous_2)
FN:73,(anonymous_3)
FN:86,(anonymous_4)
FN:99,(anonymous_5)
FN:115,(anonymous_6)
FN:123,(anonymous_7)
FN:143,(anonymous_8)
FN:167,(anonymous_9)
FN:179,(anonymous_10)
FN:182,(anonymous_11)
FN:228,(anonymous_12)
FN:273,(anonymous_13)
FN:308,(anonymous_14)
FN:318,(anonymous_15)
FN:328,(anonymous_16)
FNF:17
FNH:0
FNDA:0,(anonymous_0)
FNDA:0,(anonymous_1)
FNDA:0,(anonymous_2)
FNDA:0,(anonymous_3)
FNDA:0,(anonymous_4)
FNDA:0,(anonymous_5)
FNDA:0,(anonymous_6)
FNDA:0,(anonymous_7)
FNDA:0,(anonymous_8)
FNDA:0,(anonymous_9)
FNDA:0,(anonymous_10)
FNDA:0,(anonymous_11)
FNDA:0,(anonymous_12)
FNDA:0,(anonymous_13)
FNDA:0,(anonymous_14)
FNDA:0,(anonymous_15)
FNDA:0,(anonymous_16)
DA:41,0
DA:42,0
DA:44,0
DA:45,0
DA:46,0
DA:49,0
DA:50,0
DA:51,0
DA:53,0
DA:54,0
DA:57,0
DA:58,0
DA:59,0
DA:60,0
DA:62,0
DA:63,0
DA:65,0
DA:66,0
DA:67,0
DA:69,0
DA:73,0
DA:74,0
DA:75,0
DA:77,0
DA:79,0
DA:82,0
DA:86,0
DA:87,0
DA:89,0
DA:91,0
DA:93,0
DA:95,0
DA:99,0
DA:100,0
DA:102,0
DA:104,0
DA:106,0
DA:108,0
DA:110,0
DA:115,0
DA:116,0
DA:118,0
DA:120,0
DA:123,0
DA:125,0
DA:126,0
DA:133,0
DA:143,0
DA:167,0
DA:179,0
DA:183,0
DA:229,0
DA:273,0
DA:308,0
DA:318,0
DA:328,0
LF:56
LH:0
BRDA:62,0,0,0
BRDA:62,0,1,0
BRDA:77,1,0,0
BRDA:77,1,1,0
BRDA:87,2,0,0
BRDA:87,2,1,0
BRDA:87,2,2,0
BRDA:87,2,3,0
BRDA:100,3,0,0
BRDA:100,3,1,0
BRDA:100,3,2,0
BRDA:100,3,3,0
BRDA:100,3,4,0
BRDA:115,4,0,0
BRDA:115,4,1,0
BRDA:115,5,0,0
BRDA:115,5,1,0
BRDA:116,6,0,0
BRDA:116,6,1,0
BRDA:118,7,0,0
BRDA:118,7,1,0
BRDA:120,8,0,0
BRDA:120,8,1,0
BRDA:123,9,0,0
BRDA:123,9,1,0
BRDA:123,10,0,0
BRDA:123,10,1,0
BRDA:125,11,0,0
BRDA:125,11,1,0
BRDA:145,12,0,0
BRDA:145,12,1,0
BRDA:158,13,0,0
BRDA:158,13,1,0
BRDA:195,14,0,0
BRDA:195,14,1,0
BRDA:216,15,0,0
BRDA:216,15,1,0
BRDA:220,16,0,0
BRDA:220,16,1,0
BRDA:263,17,0,0
BRDA:263,17,1,0
BRDA:265,18,0,0
BRDA:265,18,1,0
BRDA:288,19,0,0
BRDA:288,19,1,0
BRDA:298,20,0,0
BRDA:298,20,1,0
BRDA:298,21,0,0
BRDA:298,21,1,0
BRDA:308,22,0,0
BRDA:308,22,1,0
BRDA:308,23,0,0
BRDA:308,23,1,0
BRDA:318,24,0,0
BRDA:318,24,1,0
BRDA:318,25,0,0
BRDA:318,25,1,0
BRDA:328,26,0,0
BRDA:328,26,1,0
BRDA:328,27,0,0
BRDA:328,27,1,0
BRF:61
BRH:0
end_of_record
TN:
SF:src/pages/ServiceDetail.tsx
FN:105,(anonymous_0)
FN:118,(anonymous_1)
FN:124,(anonymous_2)
FN:148,(anonymous_3)
FN:160,(anonymous_4)
FN:171,(anonymous_5)
FN:182,(anonymous_6)
FN:202,(anonymous_7)
FN:203,(anonymous_8)
FN:206,(anonymous_9)
FN:208,(anonymous_10)
FN:232,(anonymous_11)
FN:250,(anonymous_12)
FN:408,(anonymous_13)
FN:618,(anonymous_14)
FN:662,(anonymous_15)
FN:712,(anonymous_16)
FN:815,(anonymous_17)
FN:856,(anonymous_18)
FN:869,(anonymous_19)
FN:897,(anonymous_20)
FN:917,(anonymous_21)
FN:939,(anonymous_22)
FN:964,(anonymous_23)
FN:995,(anonymous_24)
FN:1034,(anonymous_25)
FN:1039,(anonymous_26)
FN:1058,(anonymous_27)
FN:1097,(anonymous_28)
FNF:29
FNH:0
FNDA:0,(anonymous_0)
FNDA:0,(anonymous_1)
FNDA:0,(anonymous_2)
FNDA:0,(anonymous_3)
FNDA:0,(anonymous_4)
FNDA:0,(anonymous_5)
FNDA:0,(anonymous_6)
FNDA:0,(anonymous_7)
FNDA:0,(anonymous_8)
FNDA:0,(anonymous_9)
FNDA:0,(anonymous_10)
FNDA:0,(anonymous_11)
FNDA:0,(anonymous_12)
FNDA:0,(anonymous_13)
FNDA:0,(anonymous_14)
FNDA:0,(anonymous_15)
FNDA:0,(anonymous_16)
FNDA:0,(anonymous_17)
FNDA:0,(anonymous_18)
FNDA:0,(anonymous_19)
FNDA:0,(anonymous_20)
FNDA:0,(anonymous_21)
FNDA:0,(anonymous_22)
FNDA:0,(anonymous_23)
FNDA:0,(anonymous_24)
FNDA:0,(anonymous_25)
FNDA:0,(anonymous_26)
FNDA:0,(anonymous_27)
FNDA:0,(anonymous_28)
DA:105,0
DA:106,0
DA:107,0
DA:108,0
DA:110,0
DA:111,0
DA:112,0
DA:113,0
DA:114,0
DA:115,0
DA:116,0
DA:118,0
DA:119,0
DA:120,0
DA:124,0
DA:125,0
DA:126,0
DA:127,0
DA:129,0
DA:130,0
DA:133,0
DA:134,0
DA:137,0
DA:138,0
DA:141,0
DA:142,0
DA:144,0
DA:148,0
DA:149,0
DA:150,0
DA:151,0
DA:152,0
DA:154,0
DA:156,0
DA:160,0
DA:161,0
DA:162,0
DA:163,0
DA:165,0
DA:167,0
DA:171,0
DA:172,0
DA:174,0
DA:176,0
DA:178,0
DA:182,0
DA:183,0
DA:184,0
DA:187,0
DA:190,0
DA:193,0
DA:196,0
DA:198,0
DA:202,0
DA:203,0
DA:206,0
DA:207,0
DA:208,0
DA:209,0
DA:210,0
DA:211,0
DA:212,0
DA:218,0
DA:221,0
DA:222,0
DA:229,0
DA:230,0
DA:232,0
DA:242,0
DA:246,0
DA:250,0
DA:409,0
DA:619,0
DA:663,0
DA:712,0
DA:816,0
DA:857,0
DA:870,0
DA:898,0
DA:918,0
DA:940,0
DA:964,0
DA:996,0
DA:997,0
DA:1035,0
DA:1036,0
DA:1037,0
DA:1039,0
DA:1059,0
DA:1098,0
LF:90
LH:0
BRDA:119,0,0,0
BRDA:119,0,1,0
BRDA:137,1,0,0
BRDA:137,1,1,0
BRDA:137,2,0,0
BRDA:137,2,1,0
BRDA:172,3,0,0
BRDA:172,3,1,0
BRDA:172,3,2,0
BRDA:183,4,0,0
BRDA:183,4,1,0
BRDA:184,5,0,0
BRDA:184,5,1,0
BRDA:184,5,2,0
BRDA:184,5,3,0
BRDA:184,5,4,0
BRDA:184,5,5,0
BRDA:184,5,6,0
BRDA:184,5,7,0
BRDA:184,5,8,0
BRDA:210,6,0,0
BRDA:210,6,1,0
BRDA:211,7,0,0
BRDA:211,7,1,0
BRDA:221,8,0,0
BRDA:221,8,1,0
BRDA:229,9,0,0
BRDA:229,9,1,0
BRDA:229,10,0,0
BRDA:229,10,1,0
BRDA:236,11,0,0
BRDA:236,11,1,0
BRDA:242,12,0,0
BRDA:242,12,1,0
BRDA:260,13,0,0
BRDA:260,13,1,0
BRDA:263,14,0,0
BRDA:263,14,1,0
BRDA:267,15,0,0
BRDA:267,15,1,0
BRDA:268,16,0,0
BRDA:268,16,1,0
BRDA:276,17,0,0
BRDA:276,17,1,0
BRDA:281,18,0,0
BRDA:281,18,1,0
BRDA:285,19,0,0
BRDA:285,19,1,0
BRDA:325,20,0,0
BRDA:325,20,1,0
BRDA:339,21,0,0
BRDA:339,21,1,0
BRDA:383,22,0,0
BRDA:383,22,1,0
BRDA:408,23,0,0
BRDA:408,23,1,0
BRDA:422,24,0,0
BRDA:422,24,1,0
BRDA:428,25,0,0
BRDA:428,25,1,0
BRDA:430,26,0,0
BRDA:430,26,1,0
BRDA:435,27,0,0
BRDA:435,27,1,0
BRDA:435,27,2,0
BRDA:452,28,0,0
BRDA:452,28,1,0
BRDA:470,29,0,0
BRDA:470,29,1,0
BRDA:480,30,0,0
BRDA:480,30,1,0
BRDA:486,31,0,0
BRDA:486,31,1,0
BRDA:494,32,0,0
BRDA:494,32,1,0
BRDA:501,33,0,0
BRDA:501,33,1,0
BRDA:506,34,0,0
BRDA:506,34,1,0
BRDA:534,35,0,0
BRDA:534,35,1,0
BRDA:538,36,0,0
BRDA:538,36,1,0
BRDA:555,37,0,0
BRDA:555,37,1,0
BRDA:555,37,2,0
BRDA:563,38,0,0
BRDA:563,38,1,0
BRDA:572,39,0,0
BRDA:572,39,1,0
BRDA:589,40,0,0
BRDA:589,40,1,0
BRDA:612,41,0,0
BRDA:612,41,1,0
BRDA:612,41,2,0
BRDA:637,42,0,0
BRDA:637,42,1,0
BRDA:637,42,2,0
BRDA:674,43,0,0
BRDA:674,43,1,0
BRDA:676,44,0,0
BRDA:676,44,1,0
BRDA:687,45,0,0
BRDA:687,45,1,0
BRDA:740,46,0,0
BRDA:740,46,1,0
BRDA:748,47,0,0
BRDA:748,47,1,0
BRDA:771,48,0,0
BRDA:771,48,1,0
BRDA:772,49,0,0
BRDA:772,49,1,0
BRDA:773,50,0,0
BRDA:773,50,1,0
BRDA:780,51,0,0
BRDA:780,51,1,0
BRDA:781,52,0,0
BRDA:781,52,1,0
BRDA:785,53,0,0
BRDA:785,53,1,0
BRDA:789,54,0,0
BRDA:789,54,1,0
BRDA:795,55,0,0
BRDA:795,55,1,0
BRDA:809,56,0,0
BRDA:809,56,1,0
BRDA:821,57,0,0
BRDA:821,57,1,0
BRDA:832,58,0,0
BRDA:832,58,1,0
BRDA:832,58,2,0
BRDA:850,59,0,0
BRDA:850,59,1,0
BRDA:863,60,0,0
BRDA:863,60,1,0
BRDA:875,61,0,0
BRDA:875,61,1,0
BRDA:892,62,0,0
BRDA:892,62,1,0
BRDA:900,63,0,0
BRDA:900,63,1,0
BRDA:900,64,0,0
BRDA:900,64,1,0
BRDA:912,65,0,0
BRDA:912,65,1,0
BRDA:920,66,0,0
BRDA:920,66,1,0
BRDA:930,67,0,0
BRDA:930,67,1,0
BRDA:948,68,0,0
BRDA:948,68,1,0
BRDA:951,69,0,0
BRDA:951,69,1,0
BRDA:972,70,0,0
BRDA:972,70,1,0
BRDA:972,70,2,0
BRDA:1001,71,0,0
BRDA:1001,71,1,0
BRDA:1001,72,0,0
BRDA:1001,72,1,0
BRDA:1003,73,0,0
BRDA:1003,73,1,0
BRDA:1018,74,0,0
BRDA:1018,74,1,0
BRDA:1036,75,0,0
BRDA:1036,75,1,0
BRDA:1049,76,0,0
BRDA:1049,76,1,0
BRDA:1049,76,2,0
BRDA:1091,77,0,0
BRDA:1091,77,1,0
BRDA:1101,78,0,0
BRDA:1101,78,1,0
BRDA:1116,79,0,0
BRDA:1116,79,1,0
BRDA:1119,80,0,0
BRDA:1119,80,1,0
BRDA:1121,81,0,0
BRDA:1121,81,1,0
BRDA:1127,82,0,0
BRDA:1127,82,1,0
BRDA:1136,83,0,0
BRDA:1136,83,1,0
BRF:183
BRH:0
end_of_record
TN:
SF:src/pages/Services.tsx
FN:80,(anonymous_0)
FN:125,(anonymous_1)
FN:130,(anonymous_2)
FN:132,(anonymous_3)
FN:136,(anonymous_4)
FN:144,(anonymous_5)
FN:145,(anonymous_6)
FN:153,(anonymous_7)
FN:155,(anonymous_8)
FN:164,(anonymous_9)
FN:199,(anonymous_10)
FN:207,(anonymous_11)
FN:216,(anonymous_12)
FN:218,(anonymous_13)
FN:219,(anonymous_14)
FN:237,(anonymous_15)
FN:249,(anonymous_16)
FN:257,(anonymous_17)
FN:268,(anonymous_18)
FN:272,(anonymous_19)
FN:276,(anonymous_20)
FN:281,(anonymous_21)
FN:286,(anonymous_22)
FN:290,(anonymous_23)
FN:319,(anonymous_24)
FN:324,(anonymous_25)
FN:338,(anonymous_26)
FN:342,(anonymous_27)
FN:346,(anonymous_28)
FN:347,(anonymous_29)
FN:351,(anonymous_30)
FN:363,(anonymous_31)
FN:371,(anonymous_32)
FN:372,(anonymous_33)
FN:375,(anonymous_34)
FN:381,(anonymous_35)
FN:391,(anonymous_36)
FN:492,(anonymous_37)
FN:503,(anonymous_38)
FN:509,(anonymous_39)
FN:523,(anonymous_40)
FN:534,(anonymous_41)
FN:559,(anonymous_42)
FN:562,(anonymous_43)
FN:563,(anonymous_44)
FN:565,(anonymous_45)
FN:578,(anonymous_46)
FN:602,(anonymous_47)
FN:603,(anonymous_48)
FN:635,(anonymous_49)
FN:692,(anonymous_50)
FN:709,(anonymous_51)
FN:720,(anonymous_52)
FN:731,(anonymous_53)
FN:791,(anonymous_54)
FN:792,(anonymous_55)
FN:800,(anonymous_56)
FN:801,(anonymous_57)
FN:867,(anonymous_58)
FN:881,(anonymous_59)
FN:890,(anonymous_60)
FN:907,(anonymous_61)
FN:913,(anonymous_62)
FN:917,(anonymous_63)
FN:917,(anonymous_64)
FN:923,(anonymous_65)
FN:927,(anonymous_66)
FN:927,(anonymous_67)
FN:933,(anonymous_68)
FN:936,(anonymous_69)
FN:937,(anonymous_70)
FN:937,(anonymous_71)
FN:943,(anonymous_72)
FN:947,(anonymous_73)
FN:947,(anonymous_74)
FN:953,(anonymous_75)
FN:957,(anonymous_76)
FN:957,(anonymous_77)
FN:963,(anonymous_78)
FN:967,(anonymous_79)
FN:967,(anonymous_80)
FN:1011,(anonymous_81)
FN:1013,(anonymous_82)
FN:1030,(anonymous_83)
FN:1041,(anonymous_84)
FN:1073,(anonymous_85)
FN:1075,(anonymous_86)
FN:1092,(anonymous_87)
FN:1103,(anonymous_88)
FN:1129,(anonymous_89)
FN:1135,(anonymous_90)
FN:1139,(anonymous_91)
FN:1157,(anonymous_92)
FN:1159,(anonymous_93)
FN:1191,(anonymous_94)
FN:1192,(anonymous_95)
FN:1210,(anonymous_96)
FN:1225,(anonymous_97)
FN:1226,(anonymous_98)
FN:1244,(anonymous_99)
FN:1259,(anonymous_100)
FN:1260,(anonymous_101)
FN:1278,(anonymous_102)
FN:1294,(anonymous_103)
FN:1311,(anonymous_104)
FN:1405,(anonymous_105)
FN:1408,(anonymous_106)
FN:1415,(anonymous_107)
FN:1430,(anonymous_108)
FN:1459,(anonymous_109)
FN:1490,(anonymous_110)
FN:1494,(anonymous_111)
FN:1508,(anonymous_112)
FNF:113
FNH:0
FNDA:0,(anonymous_0)
FNDA:0,(anonymous_1)
FNDA:0,(anonymous_2)
FNDA:0,(anonymous_3)
FNDA:0,(anonymous_4)
FNDA:0,(anonymous_5)
FNDA:0,(anonymous_6)
FNDA:0,(anonymous_7)
FNDA:0,(anonymous_8)
FNDA:0,(anonymous_9)
FNDA:0,(anonymous_10)
FNDA:0,(anonymous_11)
FNDA:0,(anonymous_12)
FNDA:0,(anonymous_13)
FNDA:0,(anonymous_14)
FNDA:0,(anonymous_15)
FNDA:0,(anonymous_16)
FNDA:0,(anonymous_17)
FNDA:0,(anonymous_18)
FNDA:0,(anonymous_19)
FNDA:0,(anonymous_20)
FNDA:0,(anonymous_21)
FNDA:0,(anonymous_22)
FNDA:0,(anonymous_23)
FNDA:0,(anonymous_24)
FNDA:0,(anonymous_25)
FNDA:0,(anonymous_26)
FNDA:0,(anonymous_27)
FNDA:0,(anonymous_28)
FNDA:0,(anonymous_29)
FNDA:0,(anonymous_30)
FNDA:0,(anonymous_31)
FNDA:0,(anonymous_32)
FNDA:0,(anonymous_33)
FNDA:0,(anonymous_34)
FNDA:0,(anonymous_35)
FNDA:0,(anonymous_36)
FNDA:0,(anonymous_37)
FNDA:0,(anonymous_38)
FNDA:0,(anonymous_39)
FNDA:0,(anonymous_40)
FNDA:0,(anonymous_41)
FNDA:0,(anonymous_42)
FNDA:0,(anonymous_43)
FNDA:0,(anonymous_44)
FNDA:0,(anonymous_45)
FNDA:0,(anonymous_46)
FNDA:0,(anonymous_47)
FNDA:0,(anonymous_48)
FNDA:0,(anonymous_49)
FNDA:0,(anonymous_50)
FNDA:0,(anonymous_51)
FNDA:0,(anonymous_52)
FNDA:0,(anonymous_53)
FNDA:0,(anonymous_54)
FNDA:0,(anonymous_55)
FNDA:0,(anonymous_56)
FNDA:0,(anonymous_57)
FNDA:0,(anonymous_58)
FNDA:0,(anonymous_59)
FNDA:0,(anonymous_60)
FNDA:0,(anonymous_61)
FNDA:0,(anonymous_62)
FNDA:0,(anonymous_63)
FNDA:0,(anonymous_64)
FNDA:0,(anonymous_65)
FNDA:0,(anonymous_66)
FNDA:0,(anonymous_67)
FNDA:0,(anonymous_68)
FNDA:0,(anonymous_69)
FNDA:0,(anonymous_70)
FNDA:0,(anonymous_71)
FNDA:0,(anonymous_72)
FNDA:0,(anonymous_73)
FNDA:0,(anonymous_74)
FNDA:0,(anonymous_75)
FNDA:0,(anonymous_76)
FNDA:0,(anonymous_77)
FNDA:0,(anonymous_78)
FNDA:0,(anonymous_79)
FNDA:0,(anonymous_80)
FNDA:0,(anonymous_81)
FNDA:0,(anonymous_82)
FNDA:0,(anonymous_83)
FNDA:0,(anonymous_84)
FNDA:0,(anonymous_85)
FNDA:0,(anonymous_86)
FNDA:0,(anonymous_87)
FNDA:0,(anonymous_88)
FNDA:0,(anonymous_89)
FNDA:0,(anonymous_90)
FNDA:0,(anonymous_91)
FNDA:0,(anonymous_92)
FNDA:0,(anonymous_93)
FNDA:0,(anonymous_94)
FNDA:0,(anonymous_95)
FNDA:0,(anonymous_96)
FNDA:0,(anonymous_97)
FNDA:0,(anonymous_98)
FNDA:0,(anonymous_99)
FNDA:0,(anonymous_100)
FNDA:0,(anonymous_101)
FNDA:0,(anonymous_102)
FNDA:0,(anonymous_103)
FNDA:0,(anonymous_104)
FNDA:0,(anonymous_105)
FNDA:0,(anonymous_106)
FNDA:0,(anonymous_107)
FNDA:0,(anonymous_108)
FNDA:0,(anonymous_109)
FNDA:0,(anonymous_110)
FNDA:0,(anonymous_111)
FNDA:0,(anonymous_112)
DA:80,0
DA:81,0
DA:82,0
DA:83,0
DA:84,0
DA:85,0
DA:86,0
DA:87,0
DA:88,0
DA:89,0
DA:90,0
DA:93,0
DA:94,0
DA:95,0
DA:96,0
DA:97,0
DA:98,0
DA:99,0
DA:102,0
DA:103,0
DA:106,0
DA:107,0
DA:108,0
DA:111,0
DA:112,0
DA:113,0
DA:114,0
DA:123,0
DA:125,0
DA:126,0
DA:130,0
DA:131,0
DA:132,0
DA:133,0
DA:135,0
DA:136,0
DA:137,0
DA:138,0
DA:139,0
DA:144,0
DA:145,0
DA:146,0
DA:147,0
DA:153,0
DA:154,0
DA:155,0
DA:156,0
DA:164,0
DA:166,0
DA:173,0
DA:177,0
DA:181,0
DA:182,0
DA:183,0
DA:184,0
DA:185,0
DA:186,0
DA:187,0
DA:188,0
DA:189,0
DA:190,0
DA:191,0
DA:196,0
DA:198,0
DA:200,0
DA:203,0
DA:206,0
DA:208,0
DA:211,0
DA:216,0
DA:218,0
DA:219,0
DA:221,0
DA:228,0
DA:231,0
DA:234,0
DA:235,0
DA:236,0
DA:237,0
DA:238,0
DA:239,0
DA:240,0
DA:241,0
DA:242,0
DA:246,0
DA:248,0
DA:250,0
DA:253,0
DA:256,0
DA:258,0
DA:261,0
DA:266,0
DA:268,0
DA:272,0
DA:276,0
DA:281,0
DA:286,0
DA:291,0
DA:292,0
DA:293,0
DA:294,0
DA:295,0
DA:302,0
DA:305,0
DA:306,0
DA:307,0
DA:308,0
DA:309,0
DA:312,0
DA:319,0
DA:320,0
DA:324,0
DA:325,0
DA:334,0
DA:338,0
DA:339,0
DA:340,0
DA:342,0
DA:346,0
DA:347,0
DA:351,0
DA:352,0
DA:353,0
DA:354,0
DA:355,0
DA:356,0
DA:357,0
DA:358,0
DA:359,0
DA:363,0
DA:364,0
DA:371,0
DA:372,0
DA:375,0
DA:376,0
DA:377,0
DA:381,0
DA:382,0
DA:383,0
DA:386,0
DA:387,0
DA:388,0
DA:391,0
DA:392,0
DA:394,0
DA:396,0
DA:397,0
DA:398,0
DA:399,0
DA:400,0
DA:403,0
DA:404,0
DA:405,0
DA:407,0
DA:408,0
DA:412,0
DA:413,0
DA:414,0
DA:417,0
DA:418,0
DA:420,0
DA:424,0
DA:425,0
DA:426,0
DA:427,0
DA:428,0
DA:429,0
DA:431,0
DA:432,0
DA:436,0
DA:444,0
DA:445,0
DA:446,0
DA:447,0
DA:451,0
DA:453,0
DA:454,0
DA:455,0
DA:457,0
DA:458,0
DA:460,0
DA:463,0
DA:466,0
DA:467,0
DA:470,0
DA:471,0
DA:472,0
DA:474,0
DA:475,0
DA:479,0
DA:480,0
DA:485,0
DA:492,0
DA:493,0
DA:494,0
DA:495,0
DA:496,0
DA:497,0
DA:498,0
DA:499,0
DA:502,0
DA:503,0
DA:504,0
DA:506,0
DA:509,0
DA:512,0
DA:513,0
DA:514,0
DA:515,0
DA:517,0
DA:518,0
DA:523,0
DA:524,0
DA:528,0
DA:529,0
DA:533,0
DA:534,0
DA:536,0
DA:537,0
DA:542,0
DA:543,0
DA:545,0
DA:547,0
DA:549,0
DA:551,0
DA:554,0
DA:555,0
DA:559,0
DA:560,0
DA:562,0
DA:563,0
DA:564,0
DA:565,0
DA:566,0
DA:569,0
DA:570,0
DA:571,0
DA:573,0
DA:574,0
DA:578,0
DA:579,0
DA:580,0
DA:581,0
DA:582,0
DA:583,0
DA:585,0
DA:586,0
DA:587,0
DA:589,0
DA:590,0
DA:592,0
DA:595,0
DA:596,0
DA:597,0
DA:598,0
DA:602,0
DA:603,0
DA:604,0
DA:606,0
DA:607,0
DA:608,0
DA:609,0
DA:611,0
DA:614,0
DA:615,0
DA:617,0
DA:618,0
DA:619,0
DA:622,0
DA:623,0
DA:626,0
DA:627,0
DA:628,0
DA:629,0
DA:631,0
DA:635,0
DA:636,0
DA:638,0
DA:640,0
DA:650,0
DA:660,0
DA:670,0
DA:680,0
DA:692,0
DA:693,0
DA:695,0
DA:697,0
DA:699,0
DA:701,0
DA:703,0
DA:705,0
DA:709,0
DA:710,0
DA:712,0
DA:714,0
DA:716,0
DA:720,0
DA:721,0
DA:723,0
DA:725,0
DA:727,0
DA:731,0
DA:732,0
DA:734,0
DA:740,0
DA:746,0
DA:752,0
DA:760,0
DA:761,0
DA:768,0
DA:769,0
DA:776,0
DA:791,0
DA:792,0
DA:800,0
DA:801,0
DA:867,0
DA:881,0
DA:890,0
DA:907,0
DA:914,0
DA:917,0
DA:924,0
DA:927,0
DA:934,0
DA:936,0
DA:937,0
DA:944,0
DA:947,0
DA:954,0
DA:957,0
DA:964,0
DA:967,0
DA:1011,0
DA:1014,0
DA:1031,0
DA:1041,0
DA:1073,0
DA:1076,0
DA:1093,0
DA:1103,0
DA:1130,0
DA:1136,0
DA:1137,0
DA:1139,0
DA:1157,0
DA:1159,0
DA:1191,0
DA:1193,0
DA:1211,0
DA:1225,0
DA:1227,0
DA:1245,0
DA:1259,0
DA:1261,0
DA:1279,0
DA:1295,0
DA:1311,0
DA:1405,0
DA:1408,0
DA:1415,0
DA:1430,0
DA:1460,0
DA:1490,0
DA:1494,0
DA:1508,0
LF:366
LH:0
BRDA:131,0,0,0
BRDA:131,0,1,0
BRDA:137,1,0,0
BRDA:137,1,1,0
BRDA:146,2,0,0
BRDA:146,2,1,0
BRDA:154,3,0,0
BRDA:154,3,1,0
BRDA:157,4,0,0
BRDA:157,4,1,0
BRDA:158,5,0,0
BRDA:158,5,1,0
BRDA:159,6,0,0
BRDA:159,6,1,0
BRDA:159,6,2,0
BRDA:166,7,0,0
BRDA:166,7,1,0
BRDA:166,7,2,0
BRDA:166,7,3,0
BRDA:166,7,4,0
BRDA:166,7,5,0
BRDA:166,7,6,0
BRDA:173,8,0,0
BRDA:173,8,1,0
BRDA:177,9,0,0
BRDA:177,9,1,0
BRDA:177,9,2,0
BRDA:182,10,0,0
BRDA:182,10,1,0
BRDA:184,11,0,0
BRDA:184,11,1,0
BRDA:186,12,0,0
BRDA:186,12,1,0
BRDA:188,13,0,0
BRDA:188,13,1,0
BRDA:190,14,0,0
BRDA:190,14,1,0
BRDA:191,15,0,0
BRDA:191,15,1,0
BRDA:196,16,0,0
BRDA:196,16,1,0
BRDA:198,17,0,0
BRDA:198,17,1,0
BRDA:203,18,0,0
BRDA:203,18,1,0
BRDA:203,18,2,0
BRDA:206,19,0,0
BRDA:206,19,1,0
BRDA:211,20,0,0
BRDA:211,20,1,0
BRDA:211,20,2,0
BRDA:211,20,3,0
BRDA:211,20,4,0
BRDA:211,20,5,0
BRDA:211,20,6,0
BRDA:221,21,0,0
BRDA:221,21,1,0
BRDA:221,21,2,0
BRDA:221,21,3,0
BRDA:221,21,4,0
BRDA:221,21,5,0
BRDA:221,21,6,0
BRDA:228,22,0,0
BRDA:228,22,1,0
BRDA:228,22,2,0
BRDA:231,23,0,0
BRDA:231,23,1,0
BRDA:231,23,2,0
BRDA:231,23,3,0
BRDA:235,24,0,0
BRDA:235,24,1,0
BRDA:235,25,0,0
BRDA:235,25,1,0
BRDA:238,26,0,0
BRDA:238,26,1,0
BRDA:239,27,0,0
BRDA:239,27,1,0
BRDA:240,28,0,0
BRDA:240,28,1,0
BRDA:241,29,0,0
BRDA:241,29,1,0
BRDA:241,30,0,0
BRDA:241,30,1,0
BRDA:246,31,0,0
BRDA:246,31,1,0
BRDA:248,32,0,0
BRDA:248,32,1,0
BRDA:248,32,2,0
BRDA:253,33,0,0
BRDA:253,33,1,0
BRDA:253,33,2,0
BRDA:253,33,3,0
BRDA:256,34,0,0
BRDA:256,34,1,0
BRDA:256,34,2,0
BRDA:261,35,0,0
BRDA:261,35,1,0
BRDA:261,35,2,0
BRDA:261,35,3,0
BRDA:261,35,4,0
BRDA:261,35,5,0
BRDA:261,35,6,0
BRDA:281,36,0,0
BRDA:281,36,1,0
BRDA:286,37,0,0
BRDA:286,37,1,0
BRDA:292,38,0,0
BRDA:292,38,1,0
BRDA:293,39,0,0
BRDA:293,39,1,0
BRDA:294,40,0,0
BRDA:294,40,1,0
BRDA:339,41,0,0
BRDA:339,41,1,0
BRDA:376,42,0,0
BRDA:376,42,1,0
BRDA:381,43,0,0
BRDA:387,44,0,0
BRDA:387,44,1,0
BRDA:407,45,0,0
BRDA:407,45,1,0
BRDA:412,46,0,0
BRDA:412,46,1,0
BRDA:417,47,0,0
BRDA:417,47,1,0
BRDA:424,48,0,0
BRDA:424,48,1,0
BRDA:427,49,0,0
BRDA:427,49,1,0
BRDA:453,50,0,0
BRDA:453,50,1,0
BRDA:453,51,0,0
BRDA:453,51,1,0
BRDA:453,51,2,0
BRDA:472,52,0,0
BRDA:472,52,1,0
BRDA:474,53,0,0
BRDA:474,53,1,0
BRDA:479,54,0,0
BRDA:479,54,1,0
BRDA:528,55,0,0
BRDA:528,55,1,0
BRDA:528,56,0,0
BRDA:528,56,1,0
BRDA:547,57,0,0
BRDA:547,57,1,0
BRDA:547,58,0,0
BRDA:547,58,1,0
BRDA:589,59,0,0
BRDA:589,59,1,0
BRDA:604,60,0,0
BRDA:604,60,1,0
BRDA:617,61,0,0
BRDA:617,61,1,0
BRDA:617,62,0,0
BRDA:617,62,1,0
BRDA:638,63,0,0
BRDA:638,63,1,0
BRDA:638,63,2,0
BRDA:638,63,3,0
BRDA:638,63,4,0
BRDA:695,64,0,0
BRDA:695,64,1,0
BRDA:695,64,2,0
BRDA:695,64,3,0
BRDA:695,64,4,0
BRDA:710,65,0,0
BRDA:710,65,1,0
BRDA:710,65,2,0
BRDA:721,66,0,0
BRDA:721,66,1,0
BRDA:721,66,2,0
BRDA:732,67,0,0
BRDA:732,67,1,0
BRDA:732,67,2,0
BRDA:732,67,3,0
BRDA:760,68,0,0
BRDA:760,68,1,0
BRDA:768,69,0,0
BRDA:768,69,1,0
BRDA:868,70,0,0
BRDA:868,70,1,0
BRDA:888,71,0,0
BRDA:888,71,1,0
BRDA:900,72,0,0
BRDA:900,72,1,0
BRDA:904,73,0,0
BRDA:904,73,1,0
BRDA:996,74,0,0
BRDA:996,74,1,0
BRDA:997,75,0,0
BRDA:997,75,1,0
BRDA:998,76,0,0
BRDA:998,76,1,0
BRDA:1000,77,0,0
BRDA:1000,77,1,0
BRDA:1012,78,0,0
BRDA:1012,78,1,0
BRDA:1016,79,0,0
BRDA:1016,79,1,0
BRDA:1022,80,0,0
BRDA:1022,80,1,0
BRDA:1040,81,0,0
BRDA:1040,81,1,0
BRDA:1044,82,0,0
BRDA:1044,82,1,0
BRDA:1045,83,0,0
BRDA:1045,83,1,0
BRDA:1058,84,0,0
BRDA:1058,84,1,0
BRDA:1059,85,0,0
BRDA:1059,85,1,0
BRDA:1060,86,0,0
BRDA:1060,86,1,0
BRDA:1062,87,0,0
BRDA:1062,87,1,0
BRDA:1074,88,0,0
BRDA:1074,88,1,0
BRDA:1078,89,0,0
BRDA:1078,89,1,0
BRDA:1084,90,0,0
BRDA:1084,90,1,0
BRDA:1095,91,0,0
BRDA:1095,91,1,0
BRDA:1102,92,0,0
BRDA:1102,92,1,0
BRDA:1106,93,0,0
BRDA:1106,93,1,0
BRDA:1107,94,0,0
BRDA:1107,94,1,0
BRDA:1122,95,0,0
BRDA:1122,95,1,0
BRDA:1136,96,0,0
BRDA:1136,96,1,0
BRDA:1156,97,0,0
BRDA:1156,97,1,0
BRDA:1164,98,0,0
BRDA:1164,98,1,0
BRDA:1165,99,0,0
BRDA:1165,99,1,0
BRDA:1179,100,0,0
BRDA:1179,100,1,0
BRDA:1326,101,0,0
BRDA:1326,101,1,0
BRDA:1327,102,0,0
BRDA:1327,102,1,0
BRDA:1339,103,0,0
BRDA:1339,103,1,0
BRDA:1341,104,0,0
BRDA:1341,104,1,0
BRDA:1355,105,0,0
BRDA:1355,105,1,0
BRDA:1358,106,0,0
BRDA:1358,106,1,0
BRDA:1367,107,0,0
BRDA:1367,107,1,0
BRDA:1374,108,0,0
BRDA:1374,108,1,0
BRDA:1375,109,0,0
BRDA:1375,109,1,0
BRDA:1401,110,0,0
BRDA:1401,110,1,0
BRDA:1417,111,0,0
BRDA:1417,111,1,0
BRDA:1419,112,0,0
BRDA:1419,112,1,0
BRDA:1434,113,0,0
BRDA:1434,113,1,0
BRDA:1446,114,0,0
BRDA:1446,114,1,0
BRDA:1453,115,0,0
BRDA:1453,115,1,0
BRDA:1463,116,0,0
BRDA:1463,116,1,0
BRDA:1470,117,0,0
BRDA:1470,117,1,0
BRDA:1471,118,0,0
BRDA:1471,118,1,0
BRDA:1472,119,0,0
BRDA:1472,119,1,0
BRDA:1474,120,0,0
BRDA:1474,120,1,0
BRDA:1483,121,0,0
BRDA:1483,121,1,0
BRDA:1496,122,0,0
BRDA:1496,122,1,0
BRDA:1499,123,0,0
BRDA:1499,123,1,0
BRDA:1507,124,0,0
BRDA:1507,124,1,0
BRDA:1521,125,0,0
BRDA:1521,125,1,0
BRDA:1538,126,0,0
BRDA:1538,126,1,0
BRDA:1539,127,0,0
BRDA:1539,127,1,0
BRDA:1540,128,0,0
BRDA:1540,128,1,0
BRF:298
BRH:0
end_of_record
TN:
SF:src/pages/ServicesInfo.tsx
FN:29,(anonymous_0)
FN:35,(anonymous_1)
FN:36,(anonymous_2)
FN:75,(anonymous_3)
FN:84,(anonymous_4)
FN:133,(anonymous_5)
FN:209,(anonymous_6)
FN:219,(anonymous_7)
FN:291,(anonymous_8)
FNF:9
FNH:0
FNDA:0,(anonymous_0)
FNDA:0,(anonymous_1)
FNDA:0,(anonymous_2)
FNDA:0,(anonymous_3)
FNDA:0,(anonymous_4)
FNDA:0,(anonymous_5)
FNDA:0,(anonymous_6)
FNDA:0,(anonymous_7)
FNDA:0,(anonymous_8)
DA:29,0
DA:30,0
DA:31,0
DA:32,0
DA:33,0
DA:35,0
DA:36,0
DA:37,0
DA:38,0
DA:39,0
DA:41,0
DA:43,0
DA:68,0
DA:72,0
DA:75,0
DA:76,0
DA:77,0
DA:78,0
DA:79,0
DA:80,0
DA:84,0
DA:85,0
DA:86,0
DA:87,0
DA:88,0
DA:89,0
DA:93,0
DA:134,0
DA:210,0
DA:219,0
DA:291,0
LF:31
LH:0
BRDA:76,0,0,0
BRDA:76,0,1,0
BRDA:76,0,2,0
BRDA:76,0,3,0
BRDA:85,1,0,0
BRDA:85,1,1,0
BRDA:85,1,2,0
BRDA:85,1,3,0
BRDA:172,2,0,0
BRDA:172,2,1,0
BRDA:180,3,0,0
BRDA:180,3,1,0
BRDA:188,4,0,0
BRDA:188,4,1,0
BRDA:196,5,0,0
BRDA:196,5,1,0
BRDA:197,6,0,0
BRDA:197,6,1,0
BRDA:203,7,0,0
BRDA:203,7,1,0
BRF:20
BRH:0
end_of_record
TN:
SF:src/pages/Settings.tsx
FN:25,(anonymous_0)
FN:31,(anonymous_1)
FN:34,(anonymous_2)
FN:66,(anonymous_3)
FN:110,(anonymous_4)
FN:168,(anonymous_5)
FNF:6
FNH:0
FNDA:0,(anonymous_0)
FNDA:0,(anonymous_1)
FNDA:0,(anonymous_2)
FNDA:0,(anonymous_3)
FNDA:0,(anonymous_4)
FNDA:0,(anonymous_5)
DA:25,0
DA:26,0
DA:27,0
DA:28,0
DA:29,0
DA:31,0
DA:33,0
DA:34,0
DA:37,0
DA:66,0
DA:110,0
DA:168,0
LF:12
LH:0
BRDA:43,0,0,0
BRDA:43,0,1,0
BRF:2
BRH:0
end_of_record
TN:
SF:src/pages/UserManagement.tsx
FN:130,TabPanel
FN:150,(anonymous_1)
FN:215,(anonymous_2)
FN:219,(anonymous_3)
FN:223,(anonymous_4)
FN:249,(anonymous_5)
FN:300,(anonymous_6)
FN:352,(anonymous_7)
FN:368,(anonymous_8)
FN:383,(anonymous_9)
FN:404,(anonymous_10)
FN:428,(anonymous_11)
FN:444,(anonymous_12)
FN:465,(anonymous_13)
FN:473,(anonymous_14)
FN:501,(anonymous_15)
FN:516,(anonymous_16)
FN:527,(anonymous_17)
FN:554,(anonymous_18)
FN:571,(anonymous_19)
FN:592,(anonymous_20)
FN:620,(anonymous_21)
FN:632,(anonymous_22)
FN:638,(anonymous_23)
FN:670,(anonymous_24)
FN:677,(anonymous_25)
FN:695,(anonymous_26)
FN:709,(anonymous_27)
FN:717,(anonymous_28)
FN:759,(anonymous_29)
FN:803,(anonymous_30)
FN:814,(anonymous_31)
FN:824,(anonymous_32)
FN:833,(anonymous_33)
FN:841,(anonymous_34)
FN:851,(anonymous_35)
FN:862,(anonymous_36)
FN:864,(anonymous_37)
FN:881,(anonymous_38)
FN:889,(anonymous_39)
FN:897,(anonymous_40)
FN:905,(anonymous_41)
FN:913,(anonymous_42)
FN:921,(anonymous_43)
FN:931,(anonymous_44)
FN:939,(anonymous_45)
FN:948,(anonymous_46)
FN:957,(anonymous_47)
FN:966,(anonymous_48)
FN:978,(anonymous_49)
FN:989,(anonymous_50)
FN:1000,(anonymous_51)
FN:1013,(anonymous_52)
FN:1019,(anonymous_53)
FN:1028,(anonymous_54)
FN:1045,(anonymous_55)
FN:1057,(anonymous_56)
FN:1065,(anonymous_57)
FN:1068,(anonymous_58)
FNF:59
FNH:0
FNDA:0,TabPanel
FNDA:0,(anonymous_1)
FNDA:0,(anonymous_2)
FNDA:0,(anonymous_3)
FNDA:0,(anonymous_4)
FNDA:0,(anonymous_5)
FNDA:0,(anonymous_6)
FNDA:0,(anonymous_7)
FNDA:0,(anonymous_8)
FNDA:0,(anonymous_9)
FNDA:0,(anonymous_10)
FNDA:0,(anonymous_11)
FNDA:0,(anonymous_12)
FNDA:0,(anonymous_13)
FNDA:0,(anonymous_14)
FNDA:0,(anonymous_15)
FNDA:0,(anonymous_16)
FNDA:0,(anonymous_17)
FNDA:0,(anonymous_18)
FNDA:0,(anonymous_19)
FNDA:0,(anonymous_20)
FNDA:0,(anonymous_21)
FNDA:0,(anonymous_22)
FNDA:0,(anonymous_23)
FNDA:0,(anonymous_24)
FNDA:0,(anonymous_25)
FNDA:0,(anonymous_26)
FNDA:0,(anonymous_27)
FNDA:0,(anonymous_28)
FNDA:0,(anonymous_29)
FNDA:0,(anonymous_30)
FNDA:0,(anonymous_31)
FNDA:0,(anonymous_32)
FNDA:0,(anonymous_33)
FNDA:0,(anonymous_34)
FNDA:0,(anonymous_35)
FNDA:0,(anonymous_36)
FNDA:0,(anonymous_37)
FNDA:0,(anonymous_38)
FNDA:0,(anonymous_39)
FNDA:0,(anonymous_40)
FNDA:0,(anonymous_41)
FNDA:0,(anonymous_42)
FNDA:0,(anonymous_43)
FNDA:0,(anonymous_44)
FNDA:0,(anonymous_45)
FNDA:0,(anonymous_46)
FNDA:0,(anonymous_47)
FNDA:0,(anonymous_48)
FNDA:0,(anonymous_49)
FNDA:0,(anonymous_50)
FNDA:0,(anonymous_51)
FNDA:0,(anonymous_52)
FNDA:0,(anonymous_53)
FNDA:0,(anonymous_54)
FNDA:0,(anonymous_55)
FNDA:0,(anonymous_56)
FNDA:0,(anonymous_57)
FNDA:0,(anonymous_58)
DA:131,0
DA:133,0
DA:150,0
DA:151,0
DA:154,0
DA:157,0
DA:158,0
DA:159,0
DA:162,0
DA:163,0
DA:174,0
DA:175,0
DA:176,0
DA:177,0
DA:180,0
DA:199,0
DA:206,0
DA:215,0
DA:216,0
DA:219,0
DA:220,0
DA:223,0
DA:224,0
DA:225,0
DA:226,0
DA:233,0
DA:234,0
DA:235,0
DA:236,0
DA:238,0
DA:240,0
DA:241,0
DA:242,0
DA:243,0
DA:245,0
DA:249,0
DA:250,0
DA:251,0
DA:252,0
DA:263,0
DA:270,0
DA:282,0
DA:288,0
DA:289,0
DA:290,0
DA:291,0
DA:293,0
DA:294,0
DA:296,0
DA:300,0
DA:301,0
DA:303,0
DA:304,0
DA:305,0
DA:315,0
DA:322,0
DA:333,0
DA:339,0
DA:340,0
DA:341,0
DA:342,0
DA:343,0
DA:345,0
DA:346,0
DA:348,0
DA:352,0
DA:353,0
DA:355,0
DA:356,0
DA:357,0
DA:358,0
DA:359,0
DA:361,0
DA:362,0
DA:364,0
DA:368,0
DA:369,0
DA:370,0
DA:375,0
DA:376,0
DA:378,0
DA:379,0
DA:383,0
DA:384,0
DA:385,0
DA:386,0
DA:392,0
DA:393,0
DA:394,0
DA:395,0
DA:397,0
DA:398,0
DA:400,0
DA:404,0
DA:405,0
DA:407,0
DA:408,0
DA:409,0
DA:415,0
DA:416,0
DA:417,0
DA:418,0
DA:419,0
DA:421,0
DA:422,0
DA:424,0
DA:428,0
DA:429,0
DA:431,0
DA:432,0
DA:433,0
DA:434,0
DA:435,0
DA:437,0
DA:438,0
DA:440,0
DA:444,0
DA:445,0
DA:465,0
DA:466,0
DA:473,0
DA:474,0
DA:475,0
DA:476,0
DA:495,0
DA:496,0
DA:498,0
DA:501,0
DA:502,0
DA:503,0
DA:504,0
DA:510,0
DA:511,0
DA:513,0
DA:516,0
DA:517,0
DA:518,0
DA:519,0
DA:520,0
DA:521,0
DA:522,0
DA:523,0
DA:527,0
DA:528,0
DA:529,0
DA:530,0
DA:531,0
DA:532,0
DA:533,0
DA:534,0
DA:538,0
DA:554,0
DA:571,0
DA:593,0
DA:620,0
DA:632,0
DA:638,0
DA:670,0
DA:678,0
DA:696,0
DA:709,0
DA:717,0
DA:760,0
DA:803,0
DA:814,0
DA:824,0
DA:833,0
DA:841,0
DA:851,0
DA:862,0
DA:865,0
DA:881,0
DA:889,0
DA:897,0
DA:905,0
DA:913,0
DA:921,0
DA:931,0
DA:939,0
DA:948,0
DA:957,0
DA:966,0
DA:978,0
DA:989,0
DA:1000,0
DA:1014,0
DA:1020,0
DA:1021,0
DA:1026,0
DA:1028,0
DA:1045,0
DA:1057,0
DA:1065,0
DA:1068,0
LF:194
LH:0
BRDA:141,0,0,0
BRDA:141,0,1,0
BRDA:219,1,0,0
BRDA:233,2,0,0
BRDA:233,2,1,0
BRDA:233,3,0,0
BRDA:233,3,1,0
BRDA:234,4,0,0
BRDA:234,4,1,0
BRDA:234,5,0,0
BRDA:234,5,1,0
BRDA:235,6,0,0
BRDA:235,6,1,0
BRDA:235,7,0,0
BRDA:235,7,1,0
BRDA:301,8,0,0
BRDA:301,8,1,0
BRDA:353,9,0,0
BRDA:353,9,1,0
BRDA:376,10,0,0
BRDA:376,10,1,0
BRDA:405,11,0,0
BRDA:405,11,1,0
BRDA:429,12,0,0
BRDA:429,12,1,0
BRDA:474,13,0,0
BRDA:474,13,1,0
BRDA:483,14,0,0
BRDA:483,14,1,0
BRDA:484,15,0,0
BRDA:484,15,1,0
BRDA:485,16,0,0
BRDA:485,16,1,0
BRDA:486,17,0,0
BRDA:486,17,1,0
BRDA:487,18,0,0
BRDA:487,18,1,0
BRDA:488,19,0,0
BRDA:488,19,1,0
BRDA:489,20,0,0
BRDA:489,20,1,0
BRDA:502,21,0,0
BRDA:502,21,1,0
BRDA:517,22,0,0
BRDA:517,22,1,0
BRDA:517,22,2,0
BRDA:517,22,3,0
BRDA:517,22,4,0
BRDA:517,22,5,0
BRDA:528,23,0,0
BRDA:528,23,1,0
BRDA:528,23,2,0
BRDA:528,23,3,0
BRDA:528,23,4,0
BRDA:528,23,5,0
BRDA:592,24,0,0
BRDA:592,24,1,0
BRDA:592,25,0,0
BRDA:592,25,1,0
BRDA:597,26,0,0
BRDA:597,26,1,0
BRDA:600,27,0,0
BRDA:600,27,1,0
BRDA:625,28,0,0
BRDA:625,28,1,0
BRDA:650,29,0,0
BRDA:650,29,1,0
BRDA:677,30,0,0
BRDA:677,30,1,0
BRDA:677,31,0,0
BRDA:677,31,1,0
BRDA:730,32,0,0
BRDA:730,32,1,0
BRDA:759,33,0,0
BRDA:759,33,1,0
BRDA:759,34,0,0
BRDA:759,34,1,0
BRDA:777,35,0,0
BRDA:777,35,1,0
BRDA:792,36,0,0
BRDA:792,36,1,0
BRDA:805,37,0,0
BRDA:805,37,1,0
BRDA:844,38,0,0
BRDA:844,38,1,0
BRDA:864,39,0,0
BRDA:864,39,1,0
BRDA:864,40,0,0
BRDA:864,40,1,0
BRDA:968,41,0,0
BRDA:968,41,1,0
BRDA:972,42,0,0
BRDA:972,42,1,0
BRDA:980,43,0,0
BRDA:980,43,1,0
BRDA:1020,44,0,0
BRDA:1020,44,1,0
BRDA:1047,45,0,0
BRDA:1047,45,1,0
BRDA:1051,46,0,0
BRDA:1051,46,1,0
BRF:101
BRH:0
end_of_record
